[1.514s] Invoking command in '/home/rovteam/Desktop/Melvin/drone_cage_control-main/build/utility_objects': PYTHONPATH=/home/rovteam/Desktop/Melvin/drone_cage_control-main/build/utility_objects/prefix_override:/usr/lib/python3/dist-packages/colcon_core/task/python/colcon_distutils_commands:/home/rovteam/Desktop/Melvin/drone_cage_control-main/install/utility_objects/lib/python3.10/site-packages:${PYTHONPATH} /usr/bin/python3 -W ignore:setup.py install is deprecated -W ignore:easy_install command is deprecated setup.py develop --editable --build-directory /home/rovteam/Desktop/Melvin/drone_cage_control-main/build/utility_objects/build --no-deps symlink_data
[1.648s] running develop
[1.734s] running egg_info
[1.734s] creating utility_objects.egg-info
[1.734s] writing utility_objects.egg-info/PKG-INFO
[1.734s] writing dependency_links to utility_objects.egg-info/dependency_links.txt
[1.734s] writing requirements to utility_objects.egg-info/requires.txt
[1.734s] writing top-level names to utility_objects.egg-info/top_level.txt
[1.734s] writing manifest file 'utility_objects.egg-info/SOURCES.txt'
[1.735s] reading manifest file 'utility_objects.egg-info/SOURCES.txt'
[1.735s] writing manifest file 'utility_objects.egg-info/SOURCES.txt'
[1.737s] running build_ext
[1.737s] Creating /home/rovteam/Desktop/Melvin/drone_cage_control-main/install/utility_objects/lib/python3.10/site-packages/utility-objects.egg-link (link to .)
[1.737s] 
[1.738s] Installed /home/rovteam/Desktop/Melvin/drone_cage_control-main/build/utility_objects
[1.738s] running symlink_data
[1.738s] creating /home/rovteam/Desktop/Melvin/drone_cage_control-main/install/utility_objects/share/ament_index
[1.738s] creating /home/rovteam/Desktop/Melvin/drone_cage_control-main/install/utility_objects/share/ament_index/resource_index
[1.738s] creating /home/rovteam/Desktop/Melvin/drone_cage_control-main/install/utility_objects/share/ament_index/resource_index/packages
[1.738s] symbolically linking /home/rovteam/Desktop/Melvin/drone_cage_control-main/build/utility_objects/resource/utility_objects -> /home/rovteam/Desktop/Melvin/drone_cage_control-main/install/utility_objects/share/ament_index/resource_index/packages
[1.738s] symbolically linking /home/rovteam/Desktop/Melvin/drone_cage_control-main/build/utility_objects/package.xml -> /home/rovteam/Desktop/Melvin/drone_cage_control-main/install/utility_objects/share/utility_objects
[1.764s] Invoked command in '/home/rovteam/Desktop/Melvin/drone_cage_control-main/build/utility_objects' returned '0': PYTHONPATH=/home/rovteam/Desktop/Melvin/drone_cage_control-main/build/utility_objects/prefix_override:/usr/lib/python3/dist-packages/colcon_core/task/python/colcon_distutils_commands:/home/rovteam/Desktop/Melvin/drone_cage_control-main/install/utility_objects/lib/python3.10/site-packages:${PYTHONPATH} /usr/bin/python3 -W ignore:setup.py install is deprecated -W ignore:easy_install command is deprecated setup.py develop --editable --build-directory /home/rovteam/Desktop/Melvin/drone_cage_control-main/build/utility_objects/build --no-deps symlink_data
