running develop
running egg_info
creating controller_wind_rl.egg-info
writing controller_wind_rl.egg-info/PKG-INFO
writing dependency_links to controller_wind_rl.egg-info/dependency_links.txt
writing entry points to controller_wind_rl.egg-info/entry_points.txt
writing requirements to controller_wind_rl.egg-info/requires.txt
writing top-level names to controller_wind_rl.egg-info/top_level.txt
writing manifest file 'controller_wind_rl.egg-info/SOURCES.txt'
reading manifest file 'controller_wind_rl.egg-info/SOURCES.txt'
writing manifest file 'controller_wind_rl.egg-info/SOURCES.txt'
running build_ext
Creating /home/rovteam/Desktop/Melvin/drone_cage_control-main/install/controller_wind_rl/lib/python3.10/site-packages/controller-wind-rl.egg-link (link to .)
Installing main script to /home/rovteam/Desktop/Melvin/drone_cage_control-main/install/controller_wind_rl/lib/controller_wind_rl

Installed /home/rovteam/Desktop/Melvin/drone_cage_control-main/build/controller_wind_rl
running symlink_data
creating /home/rovteam/Desktop/Melvin/drone_cage_control-main/install/controller_wind_rl/share/ament_index
creating /home/rovteam/Desktop/Melvin/drone_cage_control-main/install/controller_wind_rl/share/ament_index/resource_index
creating /home/rovteam/Desktop/Melvin/drone_cage_control-main/install/controller_wind_rl/share/ament_index/resource_index/packages
symbolically linking /home/rovteam/Desktop/Melvin/drone_cage_control-main/build/controller_wind_rl/resource/controller_wind_rl -> /home/rovteam/Desktop/Melvin/drone_cage_control-main/install/controller_wind_rl/share/ament_index/resource_index/packages
symbolically linking /home/rovteam/Desktop/Melvin/drone_cage_control-main/build/controller_wind_rl/package.xml -> /home/rovteam/Desktop/Melvin/drone_cage_control-main/install/controller_wind_rl/share/controller_wind_rl
