[1.574s] Invoking command in '/home/rovteam/Desktop/Melvin/drone_cage_control-main/build/controller_wind_rl': PYTHONPATH=/home/rovteam/Desktop/Melvin/drone_cage_control-main/build/controller_wind_rl/prefix_override:/usr/lib/python3/dist-packages/colcon_core/task/python/colcon_distutils_commands:/home/rovteam/Desktop/Melvin/drone_cage_control-main/install/controller_wind_rl/lib/python3.10/site-packages:${PYTHONPATH} /usr/bin/python3 -W ignore:setup.py install is deprecated -W ignore:easy_install command is deprecated setup.py develop --editable --build-directory /home/rovteam/Desktop/Melvin/drone_cage_control-main/build/controller_wind_rl/build --no-deps symlink_data
[1.799s] running develop
[1.965s] running egg_info
[1.965s] creating controller_wind_rl.egg-info
[1.965s] writing controller_wind_rl.egg-info/PKG-INFO
[1.965s] writing dependency_links to controller_wind_rl.egg-info/dependency_links.txt
[1.966s] writing entry points to controller_wind_rl.egg-info/entry_points.txt
[1.966s] writing requirements to controller_wind_rl.egg-info/requires.txt
[1.966s] writing top-level names to controller_wind_rl.egg-info/top_level.txt
[1.966s] writing manifest file 'controller_wind_rl.egg-info/SOURCES.txt'
[1.967s] reading manifest file 'controller_wind_rl.egg-info/SOURCES.txt'
[1.968s] writing manifest file 'controller_wind_rl.egg-info/SOURCES.txt'
[1.969s] running build_ext
[1.969s] Creating /home/rovteam/Desktop/Melvin/drone_cage_control-main/install/controller_wind_rl/lib/python3.10/site-packages/controller-wind-rl.egg-link (link to .)
[1.970s] Installing main script to /home/rovteam/Desktop/Melvin/drone_cage_control-main/install/controller_wind_rl/lib/controller_wind_rl
[1.970s] 
[1.970s] Installed /home/rovteam/Desktop/Melvin/drone_cage_control-main/build/controller_wind_rl
[1.970s] running symlink_data
[1.970s] creating /home/rovteam/Desktop/Melvin/drone_cage_control-main/install/controller_wind_rl/share/ament_index
[1.970s] creating /home/rovteam/Desktop/Melvin/drone_cage_control-main/install/controller_wind_rl/share/ament_index/resource_index
[1.970s] creating /home/rovteam/Desktop/Melvin/drone_cage_control-main/install/controller_wind_rl/share/ament_index/resource_index/packages
[1.970s] symbolically linking /home/rovteam/Desktop/Melvin/drone_cage_control-main/build/controller_wind_rl/resource/controller_wind_rl -> /home/rovteam/Desktop/Melvin/drone_cage_control-main/install/controller_wind_rl/share/ament_index/resource_index/packages
[1.970s] symbolically linking /home/rovteam/Desktop/Melvin/drone_cage_control-main/build/controller_wind_rl/package.xml -> /home/rovteam/Desktop/Melvin/drone_cage_control-main/install/controller_wind_rl/share/controller_wind_rl
[2.002s] Invoked command in '/home/rovteam/Desktop/Melvin/drone_cage_control-main/build/controller_wind_rl' returned '0': PYTHONPATH=/home/rovteam/Desktop/Melvin/drone_cage_control-main/build/controller_wind_rl/prefix_override:/usr/lib/python3/dist-packages/colcon_core/task/python/colcon_distutils_commands:/home/rovteam/Desktop/Melvin/drone_cage_control-main/install/controller_wind_rl/lib/python3.10/site-packages:${PYTHONPATH} /usr/bin/python3 -W ignore:setup.py install is deprecated -W ignore:easy_install command is deprecated setup.py develop --editable --build-directory /home/rovteam/Desktop/Melvin/drone_cage_control-main/build/controller_wind_rl/build --no-deps symlink_data
