running develop
running egg_info
creating drone_communication.egg-info
writing drone_communication.egg-info/PKG-INFO
writing dependency_links to drone_communication.egg-info/dependency_links.txt
writing entry points to drone_communication.egg-info/entry_points.txt
writing requirements to drone_communication.egg-info/requires.txt
writing top-level names to drone_communication.egg-info/top_level.txt
writing manifest file 'drone_communication.egg-info/SOURCES.txt'
reading manifest file 'drone_communication.egg-info/SOURCES.txt'
writing manifest file 'drone_communication.egg-info/SOURCES.txt'
running build_ext
Creating /home/rovteam/Desktop/Melvin/drone_cage_control-main/install/drone_communication/lib/python3.10/site-packages/drone-communication.egg-link (link to .)
Installing elrs_interface script to /home/rovteam/Desktop/Melvin/drone_cage_control-main/install/drone_communication/lib/drone_communication
Installing motion_capture_publisher_node script to /home/rovteam/Desktop/Melvin/drone_cage_control-main/install/drone_communication/lib/drone_communication
Installing video_interface script to /home/rovteam/Desktop/Melvin/drone_cage_control-main/install/drone_communication/lib/drone_communication

Installed /home/rovteam/Desktop/Melvin/drone_cage_control-main/build/drone_communication
running symlink_data
creating /home/rovteam/Desktop/Melvin/drone_cage_control-main/install/drone_communication/share/ament_index
creating /home/rovteam/Desktop/Melvin/drone_cage_control-main/install/drone_communication/share/ament_index/resource_index
creating /home/rovteam/Desktop/Melvin/drone_cage_control-main/install/drone_communication/share/ament_index/resource_index/packages
symbolically linking /home/rovteam/Desktop/Melvin/drone_cage_control-main/build/drone_communication/resource/drone_communication -> /home/rovteam/Desktop/Melvin/drone_cage_control-main/install/drone_communication/share/ament_index/resource_index/packages
symbolically linking /home/rovteam/Desktop/Melvin/drone_cage_control-main/build/drone_communication/package.xml -> /home/rovteam/Desktop/Melvin/drone_cage_control-main/install/drone_communication/share/drone_communication
creating /home/rovteam/Desktop/Melvin/drone_cage_control-main/install/drone_communication/share/drone_communication/launch
symbolically linking /home/rovteam/Desktop/Melvin/drone_cage_control-main/build/drone_communication/launch/quad_launch.py -> /home/rovteam/Desktop/Melvin/drone_cage_control-main/install/drone_communication/share/drone_communication/launch
