running develop
running egg_info
creating controller_pid.egg-info
writing controller_pid.egg-info/PKG-INFO
writing dependency_links to controller_pid.egg-info/dependency_links.txt
writing entry points to controller_pid.egg-info/entry_points.txt
writing requirements to controller_pid.egg-info/requires.txt
writing top-level names to controller_pid.egg-info/top_level.txt
writing manifest file 'controller_pid.egg-info/SOURCES.txt'
reading manifest file 'controller_pid.egg-info/SOURCES.txt'
writing manifest file 'controller_pid.egg-info/SOURCES.txt'
running build_ext
Creating /home/rovteam/Desktop/Melvin/drone_cage_control-main/install/controller_pid/lib/python3.10/site-packages/controller-pid.egg-link (link to .)
Installing main script to /home/rovteam/Desktop/Melvin/drone_cage_control-main/install/controller_pid/lib/controller_pid

Installed /home/rovteam/Desktop/Melvin/drone_cage_control-main/build/controller_pid
running symlink_data
creating /home/rovteam/Desktop/Melvin/drone_cage_control-main/install/controller_pid/share/ament_index
creating /home/rovteam/Desktop/Melvin/drone_cage_control-main/install/controller_pid/share/ament_index/resource_index
creating /home/rovteam/Desktop/Melvin/drone_cage_control-main/install/controller_pid/share/ament_index/resource_index/packages
symbolically linking /home/rovteam/Desktop/Melvin/drone_cage_control-main/build/controller_pid/resource/controller_pid -> /home/rovteam/Desktop/Melvin/drone_cage_control-main/install/controller_pid/share/ament_index/resource_index/packages
symbolically linking /home/rovteam/Desktop/Melvin/drone_cage_control-main/build/controller_pid/package.xml -> /home/rovteam/Desktop/Melvin/drone_cage_control-main/install/controller_pid/share/controller_pid
