[1.626s] Invoking command in '/home/rovteam/Desktop/Melvin/drone_cage_control-main/build/controller_pid': PYTHONPATH=/home/rovteam/Desktop/Melvin/drone_cage_control-main/build/controller_pid/prefix_override:/usr/lib/python3/dist-packages/colcon_core/task/python/colcon_distutils_commands:/home/rovteam/Desktop/Melvin/drone_cage_control-main/install/controller_pid/lib/python3.10/site-packages:${PYTHONPATH} /usr/bin/python3 -W ignore:setup.py install is deprecated -W ignore:easy_install command is deprecated setup.py develop --editable --build-directory /home/rovteam/Desktop/Melvin/drone_cage_control-main/build/controller_pid/build --no-deps symlink_data
[1.763s] running develop
[1.859s] running egg_info
[1.859s] creating controller_pid.egg-info
[1.859s] writing controller_pid.egg-info/PKG-INFO
[1.859s] writing dependency_links to controller_pid.egg-info/dependency_links.txt
[1.860s] writing entry points to controller_pid.egg-info/entry_points.txt
[1.860s] writing requirements to controller_pid.egg-info/requires.txt
[1.860s] writing top-level names to controller_pid.egg-info/top_level.txt
[1.860s] writing manifest file 'controller_pid.egg-info/SOURCES.txt'
[1.861s] reading manifest file 'controller_pid.egg-info/SOURCES.txt'
[1.861s] writing manifest file 'controller_pid.egg-info/SOURCES.txt'
[1.861s] running build_ext
[1.862s] Creating /home/rovteam/Desktop/Melvin/drone_cage_control-main/install/controller_pid/lib/python3.10/site-packages/controller-pid.egg-link (link to .)
[1.862s] Installing main script to /home/rovteam/Desktop/Melvin/drone_cage_control-main/install/controller_pid/lib/controller_pid
[1.862s] 
[1.862s] Installed /home/rovteam/Desktop/Melvin/drone_cage_control-main/build/controller_pid
[1.862s] running symlink_data
[1.862s] creating /home/rovteam/Desktop/Melvin/drone_cage_control-main/install/controller_pid/share/ament_index
[1.862s] creating /home/rovteam/Desktop/Melvin/drone_cage_control-main/install/controller_pid/share/ament_index/resource_index
[1.862s] creating /home/rovteam/Desktop/Melvin/drone_cage_control-main/install/controller_pid/share/ament_index/resource_index/packages
[1.862s] symbolically linking /home/rovteam/Desktop/Melvin/drone_cage_control-main/build/controller_pid/resource/controller_pid -> /home/rovteam/Desktop/Melvin/drone_cage_control-main/install/controller_pid/share/ament_index/resource_index/packages
[1.862s] symbolically linking /home/rovteam/Desktop/Melvin/drone_cage_control-main/build/controller_pid/package.xml -> /home/rovteam/Desktop/Melvin/drone_cage_control-main/install/controller_pid/share/controller_pid
[1.877s] Invoked command in '/home/rovteam/Desktop/Melvin/drone_cage_control-main/build/controller_pid' returned '0': PYTHONPATH=/home/rovteam/Desktop/Melvin/drone_cage_control-main/build/controller_pid/prefix_override:/usr/lib/python3/dist-packages/colcon_core/task/python/colcon_distutils_commands:/home/rovteam/Desktop/Melvin/drone_cage_control-main/install/controller_pid/lib/python3.10/site-packages:${PYTHONPATH} /usr/bin/python3 -W ignore:setup.py install is deprecated -W ignore:easy_install command is deprecated setup.py develop --editable --build-directory /home/rovteam/Desktop/Melvin/drone_cage_control-main/build/controller_pid/build --no-deps symlink_data
