[1.596s] Invoking command in '/home/rovteam/Desktop/Melvin/drone_cage_control-main/build/simulation_communication': PYTHONPATH=/home/rovteam/Desktop/Melvin/drone_cage_control-main/build/simulation_communication/prefix_override:/usr/lib/python3/dist-packages/colcon_core/task/python/colcon_distutils_commands:/home/rovteam/Desktop/Melvin/drone_cage_control-main/install/simulation_communication/lib/python3.10/site-packages:${PYTHONPATH} /usr/bin/python3 -W ignore:setup.py install is deprecated -W ignore:easy_install command is deprecated setup.py develop --editable --build-directory /home/rovteam/Desktop/Melvin/drone_cage_control-main/build/simulation_communication/build --no-deps symlink_data
[1.819s] running develop
[1.905s] running egg_info
[1.905s] writing simulation_communication.egg-info/PKG-INFO
[1.905s] writing dependency_links to simulation_communication.egg-info/dependency_links.txt
[1.906s] writing entry points to simulation_communication.egg-info/entry_points.txt
[1.906s] writing requirements to simulation_communication.egg-info/requires.txt
[1.906s] writing top-level names to simulation_communication.egg-info/top_level.txt
[1.907s] reading manifest file 'simulation_communication.egg-info/SOURCES.txt'
[1.907s] writing manifest file 'simulation_communication.egg-info/SOURCES.txt'
[1.908s] running build_ext
[1.908s] Creating /home/rovteam/Desktop/Melvin/drone_cage_control-main/install/simulation_communication/lib/python3.10/site-packages/simulation-communication.egg-link (link to .)
[1.908s] Installing ELRS_pass_through script to /home/rovteam/Desktop/Melvin/drone_cage_control-main/install/simulation_communication/lib/simulation_communication
[1.908s] Installing betaflight_communication script to /home/rovteam/Desktop/Melvin/drone_cage_control-main/install/simulation_communication/lib/simulation_communication
[1.908s] Installing motion_capture_emulator script to /home/rovteam/Desktop/Melvin/drone_cage_control-main/install/simulation_communication/lib/simulation_communication
[1.908s] Installing orbslam_emulator script to /home/rovteam/Desktop/Melvin/drone_cage_control-main/install/simulation_communication/lib/simulation_communication
[1.908s] Installing pendulum_state_listener script to /home/rovteam/Desktop/Melvin/drone_cage_control-main/install/simulation_communication/lib/simulation_communication
[1.909s] 
[1.909s] Installed /home/rovteam/Desktop/Melvin/drone_cage_control-main/build/simulation_communication
[1.909s] running symlink_data
[1.925s] Invoked command in '/home/rovteam/Desktop/Melvin/drone_cage_control-main/build/simulation_communication' returned '0': PYTHONPATH=/home/rovteam/Desktop/Melvin/drone_cage_control-main/build/simulation_communication/prefix_override:/usr/lib/python3/dist-packages/colcon_core/task/python/colcon_distutils_commands:/home/rovteam/Desktop/Melvin/drone_cage_control-main/install/simulation_communication/lib/python3.10/site-packages:${PYTHONPATH} /usr/bin/python3 -W ignore:setup.py install is deprecated -W ignore:easy_install command is deprecated setup.py develop --editable --build-directory /home/rovteam/Desktop/Melvin/drone_cage_control-main/build/simulation_communication/build --no-deps symlink_data
