running develop
running egg_info
creating controller_inv_pen.egg-info
writing controller_inv_pen.egg-info/PKG-INFO
writing dependency_links to controller_inv_pen.egg-info/dependency_links.txt
writing entry points to controller_inv_pen.egg-info/entry_points.txt
writing requirements to controller_inv_pen.egg-info/requires.txt
writing top-level names to controller_inv_pen.egg-info/top_level.txt
writing manifest file 'controller_inv_pen.egg-info/SOURCES.txt'
reading manifest file 'controller_inv_pen.egg-info/SOURCES.txt'
writing manifest file 'controller_inv_pen.egg-info/SOURCES.txt'
running build_ext
Creating /home/rovteam/Desktop/Melvin/drone_cage_control-main/install/controller_inv_pen/lib/python3.10/site-packages/controller-inv-pen.egg-link (link to .)
Installing main script to /home/rovteam/Desktop/Melvin/drone_cage_control-main/install/controller_inv_pen/lib/controller_inv_pen

Installed /home/rovteam/Desktop/Melvin/drone_cage_control-main/build/controller_inv_pen
running symlink_data
creating /home/rovteam/Desktop/Melvin/drone_cage_control-main/install/controller_inv_pen/share/ament_index
creating /home/rovteam/Desktop/Melvin/drone_cage_control-main/install/controller_inv_pen/share/ament_index/resource_index
creating /home/rovteam/Desktop/Melvin/drone_cage_control-main/install/controller_inv_pen/share/ament_index/resource_index/packages
symbolically linking /home/rovteam/Desktop/Melvin/drone_cage_control-main/build/controller_inv_pen/resource/controller_inv_pen -> /home/rovteam/Desktop/Melvin/drone_cage_control-main/install/controller_inv_pen/share/ament_index/resource_index/packages
symbolically linking /home/rovteam/Desktop/Melvin/drone_cage_control-main/build/controller_inv_pen/package.xml -> /home/rovteam/Desktop/Melvin/drone_cage_control-main/install/controller_inv_pen/share/controller_inv_pen
