[1.635s] Invoking command in '/home/rovteam/Desktop/Melvin/drone_cage_control-main/build/controller_inv_pen': PYTHONPATH=/home/rovteam/Desktop/Melvin/drone_cage_control-main/build/controller_inv_pen/prefix_override:/usr/lib/python3/dist-packages/colcon_core/task/python/colcon_distutils_commands:/home/rovteam/Desktop/Melvin/drone_cage_control-main/install/controller_inv_pen/lib/python3.10/site-packages:${PYTHONPATH} /usr/bin/python3 -W ignore:setup.py install is deprecated -W ignore:easy_install command is deprecated setup.py develop --editable --build-directory /home/rovteam/Desktop/Melvin/drone_cage_control-main/build/controller_inv_pen/build --no-deps symlink_data
[1.859s] running develop
[1.997s] running egg_info
[1.997s] creating controller_inv_pen.egg-info
[1.997s] writing controller_inv_pen.egg-info/PKG-INFO
[1.997s] writing dependency_links to controller_inv_pen.egg-info/dependency_links.txt
[1.997s] writing entry points to controller_inv_pen.egg-info/entry_points.txt
[1.997s] writing requirements to controller_inv_pen.egg-info/requires.txt
[1.998s] writing top-level names to controller_inv_pen.egg-info/top_level.txt
[1.998s] writing manifest file 'controller_inv_pen.egg-info/SOURCES.txt'
[1.999s] reading manifest file 'controller_inv_pen.egg-info/SOURCES.txt'
[1.999s] writing manifest file 'controller_inv_pen.egg-info/SOURCES.txt'
[2.000s] running build_ext
[2.000s] Creating /home/rovteam/Desktop/Melvin/drone_cage_control-main/install/controller_inv_pen/lib/python3.10/site-packages/controller-inv-pen.egg-link (link to .)
[2.000s] Installing main script to /home/rovteam/Desktop/Melvin/drone_cage_control-main/install/controller_inv_pen/lib/controller_inv_pen
[2.000s] 
[2.000s] Installed /home/rovteam/Desktop/Melvin/drone_cage_control-main/build/controller_inv_pen
[2.000s] running symlink_data
[2.001s] creating /home/rovteam/Desktop/Melvin/drone_cage_control-main/install/controller_inv_pen/share/ament_index
[2.001s] creating /home/rovteam/Desktop/Melvin/drone_cage_control-main/install/controller_inv_pen/share/ament_index/resource_index
[2.001s] creating /home/rovteam/Desktop/Melvin/drone_cage_control-main/install/controller_inv_pen/share/ament_index/resource_index/packages
[2.001s] symbolically linking /home/rovteam/Desktop/Melvin/drone_cage_control-main/build/controller_inv_pen/resource/controller_inv_pen -> /home/rovteam/Desktop/Melvin/drone_cage_control-main/install/controller_inv_pen/share/ament_index/resource_index/packages
[2.001s] symbolically linking /home/rovteam/Desktop/Melvin/drone_cage_control-main/build/controller_inv_pen/package.xml -> /home/rovteam/Desktop/Melvin/drone_cage_control-main/install/controller_inv_pen/share/controller_inv_pen
[2.024s] Invoked command in '/home/rovteam/Desktop/Melvin/drone_cage_control-main/build/controller_inv_pen' returned '0': PYTHONPATH=/home/rovteam/Desktop/Melvin/drone_cage_control-main/build/controller_inv_pen/prefix_override:/usr/lib/python3/dist-packages/colcon_core/task/python/colcon_distutils_commands:/home/rovteam/Desktop/Melvin/drone_cage_control-main/install/controller_inv_pen/lib/python3.10/site-packages:${PYTHONPATH} /usr/bin/python3 -W ignore:setup.py install is deprecated -W ignore:easy_install command is deprecated setup.py develop --editable --build-directory /home/rovteam/Desktop/Melvin/drone_cage_control-main/build/controller_inv_pen/build --no-deps symlink_data
