-- The C compiler identification is GNU 11.4.0
-- The CXX compiler identification is GNU 11.4.0
-- Detecting C compiler ABI info
-- Detecting C compiler ABI info - done
-- Check for working C compiler: /usr/bin/cc - skipped
-- Detecting C compile features
-- Detecting C compile features - done
-- Detecting CXX compiler ABI info
-- Detecting CXX compiler ABI info - done
-- Check for working CXX compiler: /usr/bin/c++ - skipped
-- Detecting CXX compile features
-- Detecting CXX compile features - done
-- Found ament_cmake: 1.3.12 (/opt/ros/humble/share/ament_cmake/cmake)
-- Found Python3: /usr/bin/python3 (found version "3.10.12") found components: Interpreter 
-- Override CMake install command with custom implementation using symlinks instead of copying resources
-- Found rosidl_default_generators: 1.2.0 (/opt/ros/humble/share/rosidl_default_generators/cmake)
-- Using all available rosidl_typesupport_c: rosidl_typesupport_fastrtps_c;rosidl_typesupport_introspection_c
-- Found rosidl_adapter: 3.1.7 (/opt/ros/humble/share/rosidl_adapter/cmake)
-- Using all available rosidl_typesupport_cpp: rosidl_typesupport_fastrtps_cpp;rosidl_typesupport_introspection_cpp
-- Found std_msgs: 4.9.0 (/opt/ros/humble/share/std_msgs/cmake)
-- Found geometry_msgs: 4.9.0 (/opt/ros/humble/share/geometry_msgs/cmake)
-- Found ament_lint_auto: 0.12.14 (/opt/ros/humble/share/ament_lint_auto/cmake)
-- Found ament_cmake_ros: 0.10.0 (/opt/ros/humble/share/ament_cmake_ros/cmake)
-- Using all available rosidl_typesupport_c: rosidl_typesupport_fastrtps_c;rosidl_typesupport_introspection_c
-- Using all available rosidl_typesupport_cpp: rosidl_typesupport_fastrtps_cpp;rosidl_typesupport_introspection_cpp
-- Found PythonInterp: /usr/bin/python3 (found suitable version "3.10.12", minimum required is "3.6") 
-- Found python_cmake_module: 0.10.0 (/opt/ros/humble/share/python_cmake_module/cmake)
-- Found PythonLibs: /usr/lib/x86_64-linux-gnu/libpython3.10.so (found suitable version "3.10.12", minimum required is "3.5") 
-- Using PYTHON_EXECUTABLE: /usr/bin/python3
-- Using PYTHON_INCLUDE_DIRS: /usr/include/python3.10
-- Using PYTHON_LIBRARIES: /usr/lib/x86_64-linux-gnu/libpython3.10.so
-- Found PythonExtra: .so  
-- Added test 'lint_cmake' to check CMake code style
-- Added test 'xmllint' to check XML markup files
-- Configuring done
-- Generating done
-- Build files have been written to: /home/rovteam/Desktop/Melvin/drone_cage_control-main/build/interfaces
[  1%] [34m[1mGenerating C code for ROS interfaces[0m
[  2%] [34m[1mGenerating C++ code for ROS interfaces[0m
[  2%] Built target ament_cmake_python_symlink_interfaces
running egg_info
creating interfaces.egg-info
writing interfaces.egg-info/PKG-INFO
writing dependency_links to interfaces.egg-info/dependency_links.txt
writing top-level names to interfaces.egg-info/top_level.txt
writing manifest file 'interfaces.egg-info/SOURCES.txt'
reading manifest file 'interfaces.egg-info/SOURCES.txt'
writing manifest file 'interfaces.egg-info/SOURCES.txt'
[  2%] Built target ament_cmake_python_build_interfaces_egg
[  2%] Built target interfaces__cpp
[  4%] [34m[1mGenerating C++ type support for eProsima Fast-RTPS[0m
[  5%] [34m[1mGenerating C++ introspection for ROS interfaces[0m
[  7%] [34m[1mGenerating C++ type support dispatch for ROS interfaces[0m
[ 11%] [32mBuilding C object CMakeFiles/interfaces__rosidl_generator_c.dir/rosidl_generator_c/interfaces/msg/detail/elrs_command__functions.c.o[0m
[ 11%] [32mBuilding C object CMakeFiles/interfaces__rosidl_generator_c.dir/rosidl_generator_c/interfaces/srv/detail/set_arming__functions.c.o[0m
[ 11%] [32mBuilding C object CMakeFiles/interfaces__rosidl_generator_c.dir/rosidl_generator_c/interfaces/msg/detail/motion_capture_state__functions.c.o[0m
[ 12%] [32mBuilding C object CMakeFiles/interfaces__rosidl_generator_c.dir/rosidl_generator_c/interfaces/msg/detail/inverted_pendulum_states__functions.c.o[0m
[ 15%] [32mBuilding C object CMakeFiles/interfaces__rosidl_generator_c.dir/rosidl_generator_c/interfaces/msg/detail/control_applied__functions.c.o[0m
[ 15%] [32mBuilding C object CMakeFiles/interfaces__rosidl_generator_c.dir/rosidl_generator_c/interfaces/msg/detail/telemetry__functions.c.o[0m
[ 16%] [32m[1mLinking C shared library libinterfaces__rosidl_generator_c.so[0m
[ 16%] Built target interfaces__rosidl_generator_c
[ 18%] [34m[1mGenerating C type support for eProsima Fast-RTPS[0m
[ 21%] [34m[1mGenerating C type support dispatch for ROS interfaces[0m
[ 21%] [34m[1mGenerating C introspection for ROS interfaces[0m
[ 26%] [32mBuilding CXX object CMakeFiles/interfaces__rosidl_typesupport_introspection_cpp.dir/rosidl_typesupport_introspection_cpp/interfaces/msg/detail/telemetry__type_support.cpp.o[0m
[ 26%] [32mBuilding CXX object CMakeFiles/interfaces__rosidl_typesupport_introspection_cpp.dir/rosidl_typesupport_introspection_cpp/interfaces/msg/detail/motion_capture_state__type_support.cpp.o[0m
[ 26%] [32mBuilding CXX object CMakeFiles/interfaces__rosidl_typesupport_introspection_cpp.dir/rosidl_typesupport_introspection_cpp/interfaces/srv/detail/set_arming__type_support.cpp.o[0m
[ 26%] [32mBuilding CXX object CMakeFiles/interfaces__rosidl_typesupport_introspection_cpp.dir/rosidl_typesupport_introspection_cpp/interfaces/msg/detail/inverted_pendulum_states__type_support.cpp.o[0m
[ 28%] [32mBuilding CXX object CMakeFiles/interfaces__rosidl_typesupport_introspection_cpp.dir/rosidl_typesupport_introspection_cpp/interfaces/msg/detail/elrs_command__type_support.cpp.o[0m
[ 29%] [32mBuilding CXX object CMakeFiles/interfaces__rosidl_typesupport_introspection_cpp.dir/rosidl_typesupport_introspection_cpp/interfaces/msg/detail/control_applied__type_support.cpp.o[0m
[ 30%] [32mBuilding CXX object CMakeFiles/interfaces__rosidl_typesupport_cpp.dir/rosidl_typesupport_cpp/interfaces/msg/inverted_pendulum_states__type_support.cpp.o[0m
[ 32%] [32mBuilding CXX object CMakeFiles/interfaces__rosidl_typesupport_cpp.dir/rosidl_typesupport_cpp/interfaces/srv/set_arming__type_support.cpp.o[0m
[ 33%] [32mBuilding CXX object CMakeFiles/interfaces__rosidl_typesupport_cpp.dir/rosidl_typesupport_cpp/interfaces/msg/control_applied__type_support.cpp.o[0m
[ 35%] [32mBuilding CXX object CMakeFiles/interfaces__rosidl_typesupport_cpp.dir/rosidl_typesupport_cpp/interfaces/msg/telemetry__type_support.cpp.o[0m
[ 36%] [32mBuilding CXX object CMakeFiles/interfaces__rosidl_typesupport_cpp.dir/rosidl_typesupport_cpp/interfaces/msg/motion_capture_state__type_support.cpp.o[0m
[ 38%] [32mBuilding CXX object CMakeFiles/interfaces__rosidl_typesupport_cpp.dir/rosidl_typesupport_cpp/interfaces/msg/elrs_command__type_support.cpp.o[0m
[ 40%] [32mBuilding CXX object CMakeFiles/interfaces__rosidl_typesupport_fastrtps_cpp.dir/rosidl_typesupport_fastrtps_cpp/interfaces/msg/detail/dds_fastrtps/motion_capture_state__type_support.cpp.o[0m
[ 40%] [32mBuilding CXX object CMakeFiles/interfaces__rosidl_typesupport_fastrtps_cpp.dir/rosidl_typesupport_fastrtps_cpp/interfaces/srv/detail/dds_fastrtps/set_arming__type_support.cpp.o[0m
[ 42%] [32mBuilding CXX object CMakeFiles/interfaces__rosidl_typesupport_fastrtps_cpp.dir/rosidl_typesupport_fastrtps_cpp/interfaces/msg/detail/dds_fastrtps/control_applied__type_support.cpp.o[0m
[ 43%] [32mBuilding CXX object CMakeFiles/interfaces__rosidl_typesupport_fastrtps_cpp.dir/rosidl_typesupport_fastrtps_cpp/interfaces/msg/detail/dds_fastrtps/telemetry__type_support.cpp.o[0m
[ 45%] [32mBuilding CXX object CMakeFiles/interfaces__rosidl_typesupport_fastrtps_cpp.dir/rosidl_typesupport_fastrtps_cpp/interfaces/msg/detail/dds_fastrtps/inverted_pendulum_states__type_support.cpp.o[0m
[ 46%] [32mBuilding CXX object CMakeFiles/interfaces__rosidl_typesupport_fastrtps_cpp.dir/rosidl_typesupport_fastrtps_cpp/interfaces/msg/detail/dds_fastrtps/elrs_command__type_support.cpp.o[0m
[ 53%] [32mBuilding CXX object CMakeFiles/interfaces__rosidl_typesupport_c.dir/rosidl_typesupport_c/interfaces/srv/set_arming__type_support.cpp.o[0m
[ 54%] [32mBuilding CXX object CMakeFiles/interfaces__rosidl_typesupport_c.dir/rosidl_typesupport_c/interfaces/msg/control_applied__type_support.cpp.o[0m
[ 54%] [32mBuilding CXX object CMakeFiles/interfaces__rosidl_typesupport_c.dir/rosidl_typesupport_c/interfaces/msg/motion_capture_state__type_support.cpp.o[0m
[ 54%] [32mBuilding CXX object CMakeFiles/interfaces__rosidl_typesupport_c.dir/rosidl_typesupport_c/interfaces/msg/inverted_pendulum_states__type_support.cpp.o[0m
[ 54%] [32mBuilding CXX object CMakeFiles/interfaces__rosidl_typesupport_c.dir/rosidl_typesupport_c/interfaces/msg/elrs_command__type_support.cpp.o[0m
[ 54%] [32mBuilding CXX object CMakeFiles/interfaces__rosidl_typesupport_c.dir/rosidl_typesupport_c/interfaces/msg/telemetry__type_support.cpp.o[0m
[ 56%] [32m[1mLinking CXX shared library libinterfaces__rosidl_typesupport_c.so[0m
[ 56%] Built target interfaces__rosidl_typesupport_c
[ 63%] [32mBuilding C object CMakeFiles/interfaces__rosidl_typesupport_introspection_c.dir/rosidl_typesupport_introspection_c/interfaces/msg/detail/motion_capture_state__type_support.c.o[0m
[ 63%] [32mBuilding C object CMakeFiles/interfaces__rosidl_typesupport_introspection_c.dir/rosidl_typesupport_introspection_c/interfaces/srv/detail/set_arming__type_support.c.o[0m
[ 64%] [32mBuilding C object CMakeFiles/interfaces__rosidl_typesupport_introspection_c.dir/rosidl_typesupport_introspection_c/interfaces/msg/detail/inverted_pendulum_states__type_support.c.o[0m
[ 64%] [32mBuilding C object CMakeFiles/interfaces__rosidl_typesupport_introspection_c.dir/rosidl_typesupport_introspection_c/interfaces/msg/detail/control_applied__type_support.c.o[0m
[ 63%] [32mBuilding C object CMakeFiles/interfaces__rosidl_typesupport_introspection_c.dir/rosidl_typesupport_introspection_c/interfaces/msg/detail/telemetry__type_support.c.o[0m
[ 63%] [32mBuilding C object CMakeFiles/interfaces__rosidl_typesupport_introspection_c.dir/rosidl_typesupport_introspection_c/interfaces/msg/detail/elrs_command__type_support.c.o[0m
[ 66%] [32m[1mLinking CXX shared library libinterfaces__rosidl_typesupport_cpp.so[0m
[ 67%] [32m[1mLinking C shared library libinterfaces__rosidl_typesupport_introspection_c.so[0m
[ 69%] [32mBuilding CXX object CMakeFiles/interfaces__rosidl_typesupport_fastrtps_c.dir/rosidl_typesupport_fastrtps_c/interfaces/srv/detail/set_arming__type_support_c.cpp.o[0m
[ 70%] [32mBuilding CXX object CMakeFiles/interfaces__rosidl_typesupport_fastrtps_c.dir/rosidl_typesupport_fastrtps_c/interfaces/msg/detail/control_applied__type_support_c.cpp.o[0m
[ 71%] [32mBuilding CXX object CMakeFiles/interfaces__rosidl_typesupport_fastrtps_c.dir/rosidl_typesupport_fastrtps_c/interfaces/msg/detail/elrs_command__type_support_c.cpp.o[0m
[ 73%] [32mBuilding CXX object CMakeFiles/interfaces__rosidl_typesupport_fastrtps_c.dir/rosidl_typesupport_fastrtps_c/interfaces/msg/detail/telemetry__type_support_c.cpp.o[0m
[ 74%] [32mBuilding CXX object CMakeFiles/interfaces__rosidl_typesupport_fastrtps_c.dir/rosidl_typesupport_fastrtps_c/interfaces/msg/detail/inverted_pendulum_states__type_support_c.cpp.o[0m
[ 76%] [32mBuilding CXX object CMakeFiles/interfaces__rosidl_typesupport_fastrtps_c.dir/rosidl_typesupport_fastrtps_c/interfaces/msg/detail/motion_capture_state__type_support_c.cpp.o[0m
[ 76%] Built target interfaces__rosidl_typesupport_cpp
[ 76%] Built target interfaces__rosidl_typesupport_introspection_c
[ 77%] [32m[1mLinking CXX shared library libinterfaces__rosidl_typesupport_introspection_cpp.so[0m
[ 77%] Built target interfaces__rosidl_typesupport_introspection_cpp
[ 78%] [32m[1mLinking CXX shared library libinterfaces__rosidl_typesupport_fastrtps_cpp.so[0m
[ 80%] [32m[1mLinking CXX shared library libinterfaces__rosidl_typesupport_fastrtps_c.so[0m
[ 80%] Built target interfaces__rosidl_typesupport_fastrtps_cpp
[ 80%] Built target interfaces__rosidl_typesupport_fastrtps_c
[ 80%] Built target interfaces
[ 81%] [34m[1mGenerating Python code for ROS interfaces[0m
[ 81%] Built target interfaces__py
[ 83%] [32mBuilding C object CMakeFiles/interfaces__rosidl_generator_py.dir/rosidl_generator_py/interfaces/msg/_telemetry_s.c.o[0m
[ 87%] [32mBuilding C object CMakeFiles/interfaces__rosidl_generator_py.dir/rosidl_generator_py/interfaces/msg/_motion_capture_state_s.c.o[0m
[ 87%] [32mBuilding C object CMakeFiles/interfaces__rosidl_generator_py.dir/rosidl_generator_py/interfaces/srv/_set_arming_s.c.o[0m
[ 87%] [32mBuilding C object CMakeFiles/interfaces__rosidl_generator_py.dir/rosidl_generator_py/interfaces/msg/_elrs_command_s.c.o[0m
[ 88%] [32mBuilding C object CMakeFiles/interfaces__rosidl_generator_py.dir/rosidl_generator_py/interfaces/msg/_control_applied_s.c.o[0m
[ 90%] [32mBuilding C object CMakeFiles/interfaces__rosidl_generator_py.dir/rosidl_generator_py/interfaces/msg/_inverted_pendulum_states_s.c.o[0m
[ 91%] [32m[1mLinking C shared library rosidl_generator_py/interfaces/libinterfaces__rosidl_generator_py.so[0m
[ 91%] Built target interfaces__rosidl_generator_py
[ 94%] [32mBuilding C object CMakeFiles/interfaces__rosidl_typesupport_c__pyext.dir/rosidl_generator_py/interfaces/_interfaces_s.ep.rosidl_typesupport_c.c.o[0m
[ 94%] [32mBuilding C object CMakeFiles/interfaces__rosidl_typesupport_fastrtps_c__pyext.dir/rosidl_generator_py/interfaces/_interfaces_s.ep.rosidl_typesupport_fastrtps_c.c.o[0m
[ 95%] [32mBuilding C object CMakeFiles/interfaces__rosidl_typesupport_introspection_c__pyext.dir/rosidl_generator_py/interfaces/_interfaces_s.ep.rosidl_typesupport_introspection_c.c.o[0m
[100%] [32m[1mLinking C shared library rosidl_generator_py/interfaces/interfaces_s__rosidl_typesupport_introspection_c.cpython-310-x86_64-linux-gnu.so[0m
[100%] [32m[1mLinking C shared library rosidl_generator_py/interfaces/interfaces_s__rosidl_typesupport_c.cpython-310-x86_64-linux-gnu.so[0m
[100%] [32m[1mLinking C shared library rosidl_generator_py/interfaces/interfaces_s__rosidl_typesupport_fastrtps_c.cpython-310-x86_64-linux-gnu.so[0m
[100%] Built target interfaces__rosidl_typesupport_c__pyext
[100%] Built target interfaces__rosidl_typesupport_introspection_c__pyext
[100%] Built target interfaces__rosidl_typesupport_fastrtps_c__pyext
-- Install configuration: ""
-- Execute custom install script
-- Symlinking: /home/rovteam/Desktop/Melvin/drone_cage_control-main/install/interfaces/share/ament_index/resource_index/rosidl_interfaces/interfaces
-- Symlinking: /home/rovteam/Desktop/Melvin/drone_cage_control-main/install/interfaces/include/interfaces/interfaces/msg/control_applied.h
-- Symlinking: /home/rovteam/Desktop/Melvin/drone_cage_control-main/install/interfaces/include/interfaces/interfaces/msg/detail/control_applied__functions.h
-- Symlinking: /home/rovteam/Desktop/Melvin/drone_cage_control-main/install/interfaces/include/interfaces/interfaces/msg/detail/control_applied__struct.h
-- Symlinking: /home/rovteam/Desktop/Melvin/drone_cage_control-main/install/interfaces/include/interfaces/interfaces/msg/detail/control_applied__type_support.h
-- Symlinking: /home/rovteam/Desktop/Melvin/drone_cage_control-main/install/interfaces/include/interfaces/interfaces/msg/detail/elrs_command__functions.h
-- Symlinking: /home/rovteam/Desktop/Melvin/drone_cage_control-main/install/interfaces/include/interfaces/interfaces/msg/detail/elrs_command__struct.h
-- Symlinking: /home/rovteam/Desktop/Melvin/drone_cage_control-main/install/interfaces/include/interfaces/interfaces/msg/detail/elrs_command__type_support.h
-- Symlinking: /home/rovteam/Desktop/Melvin/drone_cage_control-main/install/interfaces/include/interfaces/interfaces/msg/detail/inverted_pendulum_states__functions.h
-- Symlinking: /home/rovteam/Desktop/Melvin/drone_cage_control-main/install/interfaces/include/interfaces/interfaces/msg/detail/inverted_pendulum_states__struct.h
-- Symlinking: /home/rovteam/Desktop/Melvin/drone_cage_control-main/install/interfaces/include/interfaces/interfaces/msg/detail/inverted_pendulum_states__type_support.h
-- Symlinking: /home/rovteam/Desktop/Melvin/drone_cage_control-main/install/interfaces/include/interfaces/interfaces/msg/detail/motion_capture_state__functions.h
-- Symlinking: /home/rovteam/Desktop/Melvin/drone_cage_control-main/install/interfaces/include/interfaces/interfaces/msg/detail/motion_capture_state__struct.h
-- Symlinking: /home/rovteam/Desktop/Melvin/drone_cage_control-main/install/interfaces/include/interfaces/interfaces/msg/detail/motion_capture_state__type_support.h
-- Symlinking: /home/rovteam/Desktop/Melvin/drone_cage_control-main/install/interfaces/include/interfaces/interfaces/msg/detail/telemetry__functions.h
-- Symlinking: /home/rovteam/Desktop/Melvin/drone_cage_control-main/install/interfaces/include/interfaces/interfaces/msg/detail/telemetry__struct.h
-- Symlinking: /home/rovteam/Desktop/Melvin/drone_cage_control-main/install/interfaces/include/interfaces/interfaces/msg/detail/telemetry__type_support.h
-- Symlinking: /home/rovteam/Desktop/Melvin/drone_cage_control-main/install/interfaces/include/interfaces/interfaces/msg/elrs_command.h
-- Symlinking: /home/rovteam/Desktop/Melvin/drone_cage_control-main/install/interfaces/include/interfaces/interfaces/msg/inverted_pendulum_states.h
-- Symlinking: /home/rovteam/Desktop/Melvin/drone_cage_control-main/install/interfaces/include/interfaces/interfaces/msg/motion_capture_state.h
-- Symlinking: /home/rovteam/Desktop/Melvin/drone_cage_control-main/install/interfaces/include/interfaces/interfaces/msg/rosidl_generator_c__visibility_control.h
-- Symlinking: /home/rovteam/Desktop/Melvin/drone_cage_control-main/install/interfaces/include/interfaces/interfaces/msg/telemetry.h
-- Symlinking: /home/rovteam/Desktop/Melvin/drone_cage_control-main/install/interfaces/include/interfaces/interfaces/srv/detail/set_arming__functions.h
-- Symlinking: /home/rovteam/Desktop/Melvin/drone_cage_control-main/install/interfaces/include/interfaces/interfaces/srv/detail/set_arming__struct.h
-- Symlinking: /home/rovteam/Desktop/Melvin/drone_cage_control-main/install/interfaces/include/interfaces/interfaces/srv/detail/set_arming__type_support.h
-- Symlinking: /home/rovteam/Desktop/Melvin/drone_cage_control-main/install/interfaces/include/interfaces/interfaces/srv/set_arming.h
-- Symlinking: /home/rovteam/Desktop/Melvin/drone_cage_control-main/install/interfaces/share/interfaces/environment/library_path.sh
-- Symlinking: /home/rovteam/Desktop/Melvin/drone_cage_control-main/install/interfaces/share/interfaces/environment/library_path.dsv
-- Symlinking: /home/rovteam/Desktop/Melvin/drone_cage_control-main/install/interfaces/include/interfaces/interfaces/msg/detail/control_applied__rosidl_typesupport_fastrtps_c.h
-- Symlinking: /home/rovteam/Desktop/Melvin/drone_cage_control-main/install/interfaces/include/interfaces/interfaces/msg/detail/elrs_command__rosidl_typesupport_fastrtps_c.h
-- Symlinking: /home/rovteam/Desktop/Melvin/drone_cage_control-main/install/interfaces/include/interfaces/interfaces/msg/detail/inverted_pendulum_states__rosidl_typesupport_fastrtps_c.h
-- Symlinking: /home/rovteam/Desktop/Melvin/drone_cage_control-main/install/interfaces/include/interfaces/interfaces/msg/detail/motion_capture_state__rosidl_typesupport_fastrtps_c.h
-- Symlinking: /home/rovteam/Desktop/Melvin/drone_cage_control-main/install/interfaces/include/interfaces/interfaces/msg/detail/telemetry__rosidl_typesupport_fastrtps_c.h
-- Symlinking: /home/rovteam/Desktop/Melvin/drone_cage_control-main/install/interfaces/include/interfaces/interfaces/msg/rosidl_typesupport_fastrtps_c__visibility_control.h
-- Symlinking: /home/rovteam/Desktop/Melvin/drone_cage_control-main/install/interfaces/include/interfaces/interfaces/srv/detail/set_arming__rosidl_typesupport_fastrtps_c.h
-- Symlinking: /home/rovteam/Desktop/Melvin/drone_cage_control-main/install/interfaces/include/interfaces/interfaces/msg/detail/control_applied__rosidl_typesupport_introspection_c.h
-- Symlinking: /home/rovteam/Desktop/Melvin/drone_cage_control-main/install/interfaces/include/interfaces/interfaces/msg/detail/elrs_command__rosidl_typesupport_introspection_c.h
-- Symlinking: /home/rovteam/Desktop/Melvin/drone_cage_control-main/install/interfaces/include/interfaces/interfaces/msg/detail/inverted_pendulum_states__rosidl_typesupport_introspection_c.h
-- Symlinking: /home/rovteam/Desktop/Melvin/drone_cage_control-main/install/interfaces/include/interfaces/interfaces/msg/detail/motion_capture_state__rosidl_typesupport_introspection_c.h
-- Symlinking: /home/rovteam/Desktop/Melvin/drone_cage_control-main/install/interfaces/include/interfaces/interfaces/msg/detail/telemetry__rosidl_typesupport_introspection_c.h
-- Symlinking: /home/rovteam/Desktop/Melvin/drone_cage_control-main/install/interfaces/include/interfaces/interfaces/msg/rosidl_typesupport_introspection_c__visibility_control.h
-- Symlinking: /home/rovteam/Desktop/Melvin/drone_cage_control-main/install/interfaces/include/interfaces/interfaces/srv/detail/set_arming__rosidl_typesupport_introspection_c.h
-- Symlinking: /home/rovteam/Desktop/Melvin/drone_cage_control-main/install/interfaces/include/interfaces/interfaces/msg/control_applied.hpp
-- Symlinking: /home/rovteam/Desktop/Melvin/drone_cage_control-main/install/interfaces/include/interfaces/interfaces/msg/detail/control_applied__builder.hpp
-- Symlinking: /home/rovteam/Desktop/Melvin/drone_cage_control-main/install/interfaces/include/interfaces/interfaces/msg/detail/control_applied__struct.hpp
-- Symlinking: /home/rovteam/Desktop/Melvin/drone_cage_control-main/install/interfaces/include/interfaces/interfaces/msg/detail/control_applied__traits.hpp
-- Symlinking: /home/rovteam/Desktop/Melvin/drone_cage_control-main/install/interfaces/include/interfaces/interfaces/msg/detail/control_applied__type_support.hpp
-- Symlinking: /home/rovteam/Desktop/Melvin/drone_cage_control-main/install/interfaces/include/interfaces/interfaces/msg/detail/elrs_command__builder.hpp
-- Symlinking: /home/rovteam/Desktop/Melvin/drone_cage_control-main/install/interfaces/include/interfaces/interfaces/msg/detail/elrs_command__struct.hpp
-- Symlinking: /home/rovteam/Desktop/Melvin/drone_cage_control-main/install/interfaces/include/interfaces/interfaces/msg/detail/elrs_command__traits.hpp
-- Symlinking: /home/rovteam/Desktop/Melvin/drone_cage_control-main/install/interfaces/include/interfaces/interfaces/msg/detail/elrs_command__type_support.hpp
-- Symlinking: /home/rovteam/Desktop/Melvin/drone_cage_control-main/install/interfaces/include/interfaces/interfaces/msg/detail/inverted_pendulum_states__builder.hpp
-- Symlinking: /home/rovteam/Desktop/Melvin/drone_cage_control-main/install/interfaces/include/interfaces/interfaces/msg/detail/inverted_pendulum_states__struct.hpp
-- Symlinking: /home/rovteam/Desktop/Melvin/drone_cage_control-main/install/interfaces/include/interfaces/interfaces/msg/detail/inverted_pendulum_states__traits.hpp
-- Symlinking: /home/rovteam/Desktop/Melvin/drone_cage_control-main/install/interfaces/include/interfaces/interfaces/msg/detail/inverted_pendulum_states__type_support.hpp
-- Symlinking: /home/rovteam/Desktop/Melvin/drone_cage_control-main/install/interfaces/include/interfaces/interfaces/msg/detail/motion_capture_state__builder.hpp
-- Symlinking: /home/rovteam/Desktop/Melvin/drone_cage_control-main/install/interfaces/include/interfaces/interfaces/msg/detail/motion_capture_state__struct.hpp
-- Symlinking: /home/rovteam/Desktop/Melvin/drone_cage_control-main/install/interfaces/include/interfaces/interfaces/msg/detail/motion_capture_state__traits.hpp
-- Symlinking: /home/rovteam/Desktop/Melvin/drone_cage_control-main/install/interfaces/include/interfaces/interfaces/msg/detail/motion_capture_state__type_support.hpp
-- Symlinking: /home/rovteam/Desktop/Melvin/drone_cage_control-main/install/interfaces/include/interfaces/interfaces/msg/detail/telemetry__builder.hpp
-- Symlinking: /home/rovteam/Desktop/Melvin/drone_cage_control-main/install/interfaces/include/interfaces/interfaces/msg/detail/telemetry__struct.hpp
-- Symlinking: /home/rovteam/Desktop/Melvin/drone_cage_control-main/install/interfaces/include/interfaces/interfaces/msg/detail/telemetry__traits.hpp
-- Symlinking: /home/rovteam/Desktop/Melvin/drone_cage_control-main/install/interfaces/include/interfaces/interfaces/msg/detail/telemetry__type_support.hpp
-- Symlinking: /home/rovteam/Desktop/Melvin/drone_cage_control-main/install/interfaces/include/interfaces/interfaces/msg/elrs_command.hpp
-- Symlinking: /home/rovteam/Desktop/Melvin/drone_cage_control-main/install/interfaces/include/interfaces/interfaces/msg/inverted_pendulum_states.hpp
-- Symlinking: /home/rovteam/Desktop/Melvin/drone_cage_control-main/install/interfaces/include/interfaces/interfaces/msg/motion_capture_state.hpp
-- Symlinking: /home/rovteam/Desktop/Melvin/drone_cage_control-main/install/interfaces/include/interfaces/interfaces/msg/rosidl_generator_cpp__visibility_control.hpp
-- Symlinking: /home/rovteam/Desktop/Melvin/drone_cage_control-main/install/interfaces/include/interfaces/interfaces/msg/telemetry.hpp
-- Symlinking: /home/rovteam/Desktop/Melvin/drone_cage_control-main/install/interfaces/include/interfaces/interfaces/srv/detail/set_arming__builder.hpp
-- Symlinking: /home/rovteam/Desktop/Melvin/drone_cage_control-main/install/interfaces/include/interfaces/interfaces/srv/detail/set_arming__struct.hpp
-- Symlinking: /home/rovteam/Desktop/Melvin/drone_cage_control-main/install/interfaces/include/interfaces/interfaces/srv/detail/set_arming__traits.hpp
-- Symlinking: /home/rovteam/Desktop/Melvin/drone_cage_control-main/install/interfaces/include/interfaces/interfaces/srv/detail/set_arming__type_support.hpp
-- Symlinking: /home/rovteam/Desktop/Melvin/drone_cage_control-main/install/interfaces/include/interfaces/interfaces/srv/set_arming.hpp
-- Symlinking: /home/rovteam/Desktop/Melvin/drone_cage_control-main/install/interfaces/include/interfaces/interfaces/msg/detail/control_applied__rosidl_typesupport_fastrtps_cpp.hpp
-- Symlinking: /home/rovteam/Desktop/Melvin/drone_cage_control-main/install/interfaces/include/interfaces/interfaces/msg/detail/elrs_command__rosidl_typesupport_fastrtps_cpp.hpp
-- Symlinking: /home/rovteam/Desktop/Melvin/drone_cage_control-main/install/interfaces/include/interfaces/interfaces/msg/detail/inverted_pendulum_states__rosidl_typesupport_fastrtps_cpp.hpp
-- Symlinking: /home/rovteam/Desktop/Melvin/drone_cage_control-main/install/interfaces/include/interfaces/interfaces/msg/detail/motion_capture_state__rosidl_typesupport_fastrtps_cpp.hpp
-- Symlinking: /home/rovteam/Desktop/Melvin/drone_cage_control-main/install/interfaces/include/interfaces/interfaces/msg/detail/telemetry__rosidl_typesupport_fastrtps_cpp.hpp
-- Symlinking: /home/rovteam/Desktop/Melvin/drone_cage_control-main/install/interfaces/include/interfaces/interfaces/msg/rosidl_typesupport_fastrtps_cpp__visibility_control.h
-- Symlinking: /home/rovteam/Desktop/Melvin/drone_cage_control-main/install/interfaces/include/interfaces/interfaces/srv/detail/set_arming__rosidl_typesupport_fastrtps_cpp.hpp
-- Symlinking: /home/rovteam/Desktop/Melvin/drone_cage_control-main/install/interfaces/include/interfaces/interfaces/msg/detail/control_applied__rosidl_typesupport_introspection_cpp.hpp
-- Symlinking: /home/rovteam/Desktop/Melvin/drone_cage_control-main/install/interfaces/include/interfaces/interfaces/msg/detail/elrs_command__rosidl_typesupport_introspection_cpp.hpp
-- Symlinking: /home/rovteam/Desktop/Melvin/drone_cage_control-main/install/interfaces/include/interfaces/interfaces/msg/detail/inverted_pendulum_states__rosidl_typesupport_introspection_cpp.hpp
-- Symlinking: /home/rovteam/Desktop/Melvin/drone_cage_control-main/install/interfaces/include/interfaces/interfaces/msg/detail/motion_capture_state__rosidl_typesupport_introspection_cpp.hpp
-- Symlinking: /home/rovteam/Desktop/Melvin/drone_cage_control-main/install/interfaces/include/interfaces/interfaces/msg/detail/telemetry__rosidl_typesupport_introspection_cpp.hpp
-- Symlinking: /home/rovteam/Desktop/Melvin/drone_cage_control-main/install/interfaces/include/interfaces/interfaces/srv/detail/set_arming__rosidl_typesupport_introspection_cpp.hpp
-- Symlinking: /home/rovteam/Desktop/Melvin/drone_cage_control-main/install/interfaces/share/interfaces/environment/pythonpath.sh
-- Symlinking: /home/rovteam/Desktop/Melvin/drone_cage_control-main/install/interfaces/share/interfaces/environment/pythonpath.dsv
-- Symlinking: /home/rovteam/Desktop/Melvin/drone_cage_control-main/install/interfaces/local/lib/python3.10/dist-packages/interfaces-0.0.0-py3.10.egg-info/PKG-INFO
-- Symlinking: /home/rovteam/Desktop/Melvin/drone_cage_control-main/install/interfaces/local/lib/python3.10/dist-packages/interfaces-0.0.0-py3.10.egg-info/SOURCES.txt
-- Symlinking: /home/rovteam/Desktop/Melvin/drone_cage_control-main/install/interfaces/local/lib/python3.10/dist-packages/interfaces-0.0.0-py3.10.egg-info/dependency_links.txt
-- Symlinking: /home/rovteam/Desktop/Melvin/drone_cage_control-main/install/interfaces/local/lib/python3.10/dist-packages/interfaces-0.0.0-py3.10.egg-info/top_level.txt
-- Symlinking: /home/rovteam/Desktop/Melvin/drone_cage_control-main/install/interfaces/local/lib/python3.10/dist-packages/interfaces/__init__.py
-- Symlinking: /home/rovteam/Desktop/Melvin/drone_cage_control-main/install/interfaces/local/lib/python3.10/dist-packages/interfaces/_interfaces_s.ep.rosidl_typesupport_c.c
-- Symlinking: /home/rovteam/Desktop/Melvin/drone_cage_control-main/install/interfaces/local/lib/python3.10/dist-packages/interfaces/_interfaces_s.ep.rosidl_typesupport_fastrtps_c.c
-- Symlinking: /home/rovteam/Desktop/Melvin/drone_cage_control-main/install/interfaces/local/lib/python3.10/dist-packages/interfaces/_interfaces_s.ep.rosidl_typesupport_introspection_c.c
-- Symlinking: /home/rovteam/Desktop/Melvin/drone_cage_control-main/install/interfaces/local/lib/python3.10/dist-packages/interfaces/interfaces_s__rosidl_typesupport_c.cpython-310-x86_64-linux-gnu.so
-- Symlinking: /home/rovteam/Desktop/Melvin/drone_cage_control-main/install/interfaces/local/lib/python3.10/dist-packages/interfaces/interfaces_s__rosidl_typesupport_fastrtps_c.cpython-310-x86_64-linux-gnu.so
-- Symlinking: /home/rovteam/Desktop/Melvin/drone_cage_control-main/install/interfaces/local/lib/python3.10/dist-packages/interfaces/interfaces_s__rosidl_typesupport_introspection_c.cpython-310-x86_64-linux-gnu.so
-- Symlinking: /home/rovteam/Desktop/Melvin/drone_cage_control-main/install/interfaces/local/lib/python3.10/dist-packages/interfaces/libinterfaces__rosidl_generator_py.so
-- Symlinking: /home/rovteam/Desktop/Melvin/drone_cage_control-main/install/interfaces/local/lib/python3.10/dist-packages/interfaces/msg/__init__.py
-- Symlinking: /home/rovteam/Desktop/Melvin/drone_cage_control-main/install/interfaces/local/lib/python3.10/dist-packages/interfaces/msg/_control_applied.py
-- Symlinking: /home/rovteam/Desktop/Melvin/drone_cage_control-main/install/interfaces/local/lib/python3.10/dist-packages/interfaces/msg/_control_applied_s.c
-- Symlinking: /home/rovteam/Desktop/Melvin/drone_cage_control-main/install/interfaces/local/lib/python3.10/dist-packages/interfaces/msg/_elrs_command.py
-- Symlinking: /home/rovteam/Desktop/Melvin/drone_cage_control-main/install/interfaces/local/lib/python3.10/dist-packages/interfaces/msg/_elrs_command_s.c
-- Symlinking: /home/rovteam/Desktop/Melvin/drone_cage_control-main/install/interfaces/local/lib/python3.10/dist-packages/interfaces/msg/_inverted_pendulum_states.py
-- Symlinking: /home/rovteam/Desktop/Melvin/drone_cage_control-main/install/interfaces/local/lib/python3.10/dist-packages/interfaces/msg/_inverted_pendulum_states_s.c
-- Symlinking: /home/rovteam/Desktop/Melvin/drone_cage_control-main/install/interfaces/local/lib/python3.10/dist-packages/interfaces/msg/_motion_capture_state.py
-- Symlinking: /home/rovteam/Desktop/Melvin/drone_cage_control-main/install/interfaces/local/lib/python3.10/dist-packages/interfaces/msg/_motion_capture_state_s.c
-- Symlinking: /home/rovteam/Desktop/Melvin/drone_cage_control-main/install/interfaces/local/lib/python3.10/dist-packages/interfaces/msg/_telemetry.py
-- Symlinking: /home/rovteam/Desktop/Melvin/drone_cage_control-main/install/interfaces/local/lib/python3.10/dist-packages/interfaces/msg/_telemetry_s.c
-- Symlinking: /home/rovteam/Desktop/Melvin/drone_cage_control-main/install/interfaces/local/lib/python3.10/dist-packages/interfaces/srv/__init__.py
-- Symlinking: /home/rovteam/Desktop/Melvin/drone_cage_control-main/install/interfaces/local/lib/python3.10/dist-packages/interfaces/srv/_set_arming.py
-- Symlinking: /home/rovteam/Desktop/Melvin/drone_cage_control-main/install/interfaces/local/lib/python3.10/dist-packages/interfaces/srv/_set_arming_s.c
-- Up-to-date symlink: /home/rovteam/Desktop/Melvin/drone_cage_control-main/install/interfaces/local/lib/python3.10/dist-packages/interfaces/interfaces_s__rosidl_typesupport_fastrtps_c.cpython-310-x86_64-linux-gnu.so
-- Up-to-date symlink: /home/rovteam/Desktop/Melvin/drone_cage_control-main/install/interfaces/local/lib/python3.10/dist-packages/interfaces/interfaces_s__rosidl_typesupport_introspection_c.cpython-310-x86_64-linux-gnu.so
-- Up-to-date symlink: /home/rovteam/Desktop/Melvin/drone_cage_control-main/install/interfaces/local/lib/python3.10/dist-packages/interfaces/interfaces_s__rosidl_typesupport_c.cpython-310-x86_64-linux-gnu.so
-- Symlinking: /home/rovteam/Desktop/Melvin/drone_cage_control-main/install/interfaces/share/interfaces/msg/MotionCaptureState.idl
-- Symlinking: /home/rovteam/Desktop/Melvin/drone_cage_control-main/install/interfaces/share/interfaces/msg/ELRSCommand.idl
-- Symlinking: /home/rovteam/Desktop/Melvin/drone_cage_control-main/install/interfaces/share/interfaces/msg/Telemetry.idl
-- Symlinking: /home/rovteam/Desktop/Melvin/drone_cage_control-main/install/interfaces/share/interfaces/msg/InvertedPendulumStates.idl
-- Symlinking: /home/rovteam/Desktop/Melvin/drone_cage_control-main/install/interfaces/share/interfaces/msg/ControlApplied.idl
-- Symlinking: /home/rovteam/Desktop/Melvin/drone_cage_control-main/install/interfaces/share/interfaces/srv/SetArming.idl
-- Symlinking: /home/rovteam/Desktop/Melvin/drone_cage_control-main/install/interfaces/share/interfaces/msg/MotionCaptureState.msg
-- Symlinking: /home/rovteam/Desktop/Melvin/drone_cage_control-main/install/interfaces/share/interfaces/msg/ELRSCommand.msg
-- Symlinking: /home/rovteam/Desktop/Melvin/drone_cage_control-main/install/interfaces/share/interfaces/msg/Telemetry.msg
-- Symlinking: /home/rovteam/Desktop/Melvin/drone_cage_control-main/install/interfaces/share/interfaces/msg/InvertedPendulumStates.msg
-- Symlinking: /home/rovteam/Desktop/Melvin/drone_cage_control-main/install/interfaces/share/interfaces/msg/ControlApplied.msg
-- Symlinking: /home/rovteam/Desktop/Melvin/drone_cage_control-main/install/interfaces/share/interfaces/srv/SetArming.srv
-- Symlinking: /home/rovteam/Desktop/Melvin/drone_cage_control-main/install/interfaces/share/interfaces/srv/SetArming_Request.msg
-- Symlinking: /home/rovteam/Desktop/Melvin/drone_cage_control-main/install/interfaces/share/interfaces/srv/SetArming_Response.msg
-- Symlinking: /home/rovteam/Desktop/Melvin/drone_cage_control-main/install/interfaces/share/ament_index/resource_index/package_run_dependencies/interfaces
-- Symlinking: /home/rovteam/Desktop/Melvin/drone_cage_control-main/install/interfaces/share/ament_index/resource_index/parent_prefix_path/interfaces
-- Symlinking: /home/rovteam/Desktop/Melvin/drone_cage_control-main/install/interfaces/share/interfaces/environment/ament_prefix_path.sh
-- Symlinking: /home/rovteam/Desktop/Melvin/drone_cage_control-main/install/interfaces/share/interfaces/environment/ament_prefix_path.dsv
-- Symlinking: /home/rovteam/Desktop/Melvin/drone_cage_control-main/install/interfaces/share/interfaces/environment/path.sh
-- Symlinking: /home/rovteam/Desktop/Melvin/drone_cage_control-main/install/interfaces/share/interfaces/environment/path.dsv
-- Symlinking: /home/rovteam/Desktop/Melvin/drone_cage_control-main/install/interfaces/share/interfaces/local_setup.bash
-- Symlinking: /home/rovteam/Desktop/Melvin/drone_cage_control-main/install/interfaces/share/interfaces/local_setup.sh
-- Symlinking: /home/rovteam/Desktop/Melvin/drone_cage_control-main/install/interfaces/share/interfaces/local_setup.zsh
-- Symlinking: /home/rovteam/Desktop/Melvin/drone_cage_control-main/install/interfaces/share/interfaces/local_setup.dsv
-- Symlinking: /home/rovteam/Desktop/Melvin/drone_cage_control-main/install/interfaces/share/interfaces/package.dsv
-- Symlinking: /home/rovteam/Desktop/Melvin/drone_cage_control-main/install/interfaces/share/ament_index/resource_index/packages/interfaces
-- Symlinking: /home/rovteam/Desktop/Melvin/drone_cage_control-main/install/interfaces/share/interfaces/cmake/rosidl_cmake-extras.cmake
-- Symlinking: /home/rovteam/Desktop/Melvin/drone_cage_control-main/install/interfaces/share/interfaces/cmake/ament_cmake_export_dependencies-extras.cmake
-- Symlinking: /home/rovteam/Desktop/Melvin/drone_cage_control-main/install/interfaces/share/interfaces/cmake/ament_cmake_export_include_directories-extras.cmake
-- Symlinking: /home/rovteam/Desktop/Melvin/drone_cage_control-main/install/interfaces/share/interfaces/cmake/ament_cmake_export_libraries-extras.cmake
-- Symlinking: /home/rovteam/Desktop/Melvin/drone_cage_control-main/install/interfaces/share/interfaces/cmake/ament_cmake_export_targets-extras.cmake
-- Symlinking: /home/rovteam/Desktop/Melvin/drone_cage_control-main/install/interfaces/share/interfaces/cmake/rosidl_cmake_export_typesupport_targets-extras.cmake
-- Symlinking: /home/rovteam/Desktop/Melvin/drone_cage_control-main/install/interfaces/share/interfaces/cmake/rosidl_cmake_export_typesupport_libraries-extras.cmake
-- Symlinking: /home/rovteam/Desktop/Melvin/drone_cage_control-main/install/interfaces/share/interfaces/cmake/interfacesConfig.cmake
-- Symlinking: /home/rovteam/Desktop/Melvin/drone_cage_control-main/install/interfaces/share/interfaces/cmake/interfacesConfig-version.cmake
-- Symlinking: /home/rovteam/Desktop/Melvin/drone_cage_control-main/install/interfaces/share/interfaces/package.xml
-- Installing: /home/rovteam/Desktop/Melvin/drone_cage_control-main/install/interfaces/lib/libinterfaces__rosidl_generator_c.so
-- Set runtime path of "/home/rovteam/Desktop/Melvin/drone_cage_control-main/install/interfaces/lib/libinterfaces__rosidl_generator_c.so" to ""
-- Installing: /home/rovteam/Desktop/Melvin/drone_cage_control-main/install/interfaces/lib/libinterfaces__rosidl_typesupport_fastrtps_c.so
-- Set runtime path of "/home/rovteam/Desktop/Melvin/drone_cage_control-main/install/interfaces/lib/libinterfaces__rosidl_typesupport_fastrtps_c.so" to ""
-- Installing: /home/rovteam/Desktop/Melvin/drone_cage_control-main/install/interfaces/lib/libinterfaces__rosidl_typesupport_introspection_c.so
-- Set runtime path of "/home/rovteam/Desktop/Melvin/drone_cage_control-main/install/interfaces/lib/libinterfaces__rosidl_typesupport_introspection_c.so" to ""
-- Installing: /home/rovteam/Desktop/Melvin/drone_cage_control-main/install/interfaces/lib/libinterfaces__rosidl_typesupport_c.so
-- Set runtime path of "/home/rovteam/Desktop/Melvin/drone_cage_control-main/install/interfaces/lib/libinterfaces__rosidl_typesupport_c.so" to ""
-- Installing: /home/rovteam/Desktop/Melvin/drone_cage_control-main/install/interfaces/lib/libinterfaces__rosidl_typesupport_fastrtps_cpp.so
-- Set runtime path of "/home/rovteam/Desktop/Melvin/drone_cage_control-main/install/interfaces/lib/libinterfaces__rosidl_typesupport_fastrtps_cpp.so" to ""
-- Installing: /home/rovteam/Desktop/Melvin/drone_cage_control-main/install/interfaces/lib/libinterfaces__rosidl_typesupport_introspection_cpp.so
-- Set runtime path of "/home/rovteam/Desktop/Melvin/drone_cage_control-main/install/interfaces/lib/libinterfaces__rosidl_typesupport_introspection_cpp.so" to ""
-- Installing: /home/rovteam/Desktop/Melvin/drone_cage_control-main/install/interfaces/lib/libinterfaces__rosidl_typesupport_cpp.so
-- Set runtime path of "/home/rovteam/Desktop/Melvin/drone_cage_control-main/install/interfaces/lib/libinterfaces__rosidl_typesupport_cpp.so" to ""
Listing '/home/rovteam/Desktop/Melvin/drone_cage_control-main/install/interfaces/local/lib/python3.10/dist-packages/interfaces'...
Compiling '/home/rovteam/Desktop/Melvin/drone_cage_control-main/install/interfaces/local/lib/python3.10/dist-packages/interfaces/__init__.py'...
Listing '/home/rovteam/Desktop/Melvin/drone_cage_control-main/install/interfaces/local/lib/python3.10/dist-packages/interfaces/msg'...
Compiling '/home/rovteam/Desktop/Melvin/drone_cage_control-main/install/interfaces/local/lib/python3.10/dist-packages/interfaces/msg/__init__.py'...
Compiling '/home/rovteam/Desktop/Melvin/drone_cage_control-main/install/interfaces/local/lib/python3.10/dist-packages/interfaces/msg/_control_applied.py'...
Compiling '/home/rovteam/Desktop/Melvin/drone_cage_control-main/install/interfaces/local/lib/python3.10/dist-packages/interfaces/msg/_elrs_command.py'...
Compiling '/home/rovteam/Desktop/Melvin/drone_cage_control-main/install/interfaces/local/lib/python3.10/dist-packages/interfaces/msg/_inverted_pendulum_states.py'...
Compiling '/home/rovteam/Desktop/Melvin/drone_cage_control-main/install/interfaces/local/lib/python3.10/dist-packages/interfaces/msg/_motion_capture_state.py'...
Compiling '/home/rovteam/Desktop/Melvin/drone_cage_control-main/install/interfaces/local/lib/python3.10/dist-packages/interfaces/msg/_telemetry.py'...
Listing '/home/rovteam/Desktop/Melvin/drone_cage_control-main/install/interfaces/local/lib/python3.10/dist-packages/interfaces/srv'...
Compiling '/home/rovteam/Desktop/Melvin/drone_cage_control-main/install/interfaces/local/lib/python3.10/dist-packages/interfaces/srv/__init__.py'...
Compiling '/home/rovteam/Desktop/Melvin/drone_cage_control-main/install/interfaces/local/lib/python3.10/dist-packages/interfaces/srv/_set_arming.py'...
-- Installing: /home/rovteam/Desktop/Melvin/drone_cage_control-main/install/interfaces/lib/libinterfaces__rosidl_generator_py.so
-- Set runtime path of "/home/rovteam/Desktop/Melvin/drone_cage_control-main/install/interfaces/lib/libinterfaces__rosidl_generator_py.so" to ""
-- Installing: /home/rovteam/Desktop/Melvin/drone_cage_control-main/install/interfaces/share/interfaces/cmake/export_interfaces__rosidl_generator_cExport.cmake
-- Installing: /home/rovteam/Desktop/Melvin/drone_cage_control-main/install/interfaces/share/interfaces/cmake/export_interfaces__rosidl_generator_cExport-noconfig.cmake
-- Installing: /home/rovteam/Desktop/Melvin/drone_cage_control-main/install/interfaces/share/interfaces/cmake/export_interfaces__rosidl_typesupport_fastrtps_cExport.cmake
-- Installing: /home/rovteam/Desktop/Melvin/drone_cage_control-main/install/interfaces/share/interfaces/cmake/export_interfaces__rosidl_typesupport_fastrtps_cExport-noconfig.cmake
-- Installing: /home/rovteam/Desktop/Melvin/drone_cage_control-main/install/interfaces/share/interfaces/cmake/interfaces__rosidl_typesupport_introspection_cExport.cmake
-- Installing: /home/rovteam/Desktop/Melvin/drone_cage_control-main/install/interfaces/share/interfaces/cmake/interfaces__rosidl_typesupport_introspection_cExport-noconfig.cmake
-- Installing: /home/rovteam/Desktop/Melvin/drone_cage_control-main/install/interfaces/share/interfaces/cmake/interfaces__rosidl_typesupport_cExport.cmake
-- Installing: /home/rovteam/Desktop/Melvin/drone_cage_control-main/install/interfaces/share/interfaces/cmake/interfaces__rosidl_typesupport_cExport-noconfig.cmake
-- Installing: /home/rovteam/Desktop/Melvin/drone_cage_control-main/install/interfaces/share/interfaces/cmake/export_interfaces__rosidl_generator_cppExport.cmake
-- Installing: /home/rovteam/Desktop/Melvin/drone_cage_control-main/install/interfaces/share/interfaces/cmake/export_interfaces__rosidl_typesupport_fastrtps_cppExport.cmake
-- Installing: /home/rovteam/Desktop/Melvin/drone_cage_control-main/install/interfaces/share/interfaces/cmake/export_interfaces__rosidl_typesupport_fastrtps_cppExport-noconfig.cmake
-- Installing: /home/rovteam/Desktop/Melvin/drone_cage_control-main/install/interfaces/share/interfaces/cmake/interfaces__rosidl_typesupport_introspection_cppExport.cmake
-- Installing: /home/rovteam/Desktop/Melvin/drone_cage_control-main/install/interfaces/share/interfaces/cmake/interfaces__rosidl_typesupport_introspection_cppExport-noconfig.cmake
-- Installing: /home/rovteam/Desktop/Melvin/drone_cage_control-main/install/interfaces/share/interfaces/cmake/interfaces__rosidl_typesupport_cppExport.cmake
-- Installing: /home/rovteam/Desktop/Melvin/drone_cage_control-main/install/interfaces/share/interfaces/cmake/interfaces__rosidl_typesupport_cppExport-noconfig.cmake
-- Installing: /home/rovteam/Desktop/Melvin/drone_cage_control-main/install/interfaces/share/interfaces/cmake/export_interfaces__rosidl_generator_pyExport.cmake
-- Installing: /home/rovteam/Desktop/Melvin/drone_cage_control-main/install/interfaces/share/interfaces/cmake/export_interfaces__rosidl_generator_pyExport-noconfig.cmake
