[0.026s] Invoking command in '/home/rovteam/Desktop/Melvin/drone_cage_control-main/build/interfaces': CMAKE_PREFIX_PATH=/opt/ros/humble /usr/bin/cmake /home/rovteam/Desktop/Melvin/drone_cage_control-main/src/interfaces -DAMENT_CMAKE_SYMLINK_INSTALL=1 -DCMAKE_INSTALL_PREFIX=/home/rovteam/Desktop/Melvin/drone_cage_control-main/install/interfaces
[1.226s] -- The C compiler identification is GNU 11.4.0
[1.226s] -- The CXX compiler identification is GNU 11.4.0
[1.226s] -- Detecting C compiler ABI info
[1.226s] -- Detecting C compiler ABI info - done
[1.226s] -- Check for working C compiler: /usr/bin/cc - skipped
[1.226s] -- Detecting C compile features
[1.226s] -- Detecting C compile features - done
[1.226s] -- Detecting CXX compiler ABI info
[1.226s] -- Detecting CXX compiler ABI info - done
[1.226s] -- Check for working CXX compiler: /usr/bin/c++ - skipped
[1.226s] -- Detecting CXX compile features
[1.226s] -- Detecting CXX compile features - done
[1.226s] -- Found ament_cmake: 1.3.12 (/opt/ros/humble/share/ament_cmake/cmake)
[1.226s] -- Found Python3: /usr/bin/python3 (found version "3.10.12") found components: Interpreter 
[1.226s] -- Override CMake install command with custom implementation using symlinks instead of copying resources
[1.226s] -- Found rosidl_default_generators: 1.2.0 (/opt/ros/humble/share/rosidl_default_generators/cmake)
[1.226s] -- Using all available rosidl_typesupport_c: rosidl_typesupport_fastrtps_c;rosidl_typesupport_introspection_c
[1.226s] -- Found rosidl_adapter: 3.1.7 (/opt/ros/humble/share/rosidl_adapter/cmake)
[1.226s] -- Using all available rosidl_typesupport_cpp: rosidl_typesupport_fastrtps_cpp;rosidl_typesupport_introspection_cpp
[1.226s] -- Found std_msgs: 4.9.0 (/opt/ros/humble/share/std_msgs/cmake)
[1.226s] -- Found geometry_msgs: 4.9.0 (/opt/ros/humble/share/geometry_msgs/cmake)
[1.226s] -- Found ament_lint_auto: 0.12.14 (/opt/ros/humble/share/ament_lint_auto/cmake)
[1.226s] -- Found ament_cmake_ros: 0.10.0 (/opt/ros/humble/share/ament_cmake_ros/cmake)
[1.226s] -- Using all available rosidl_typesupport_c: rosidl_typesupport_fastrtps_c;rosidl_typesupport_introspection_c
[1.226s] -- Using all available rosidl_typesupport_cpp: rosidl_typesupport_fastrtps_cpp;rosidl_typesupport_introspection_cpp
[1.226s] -- Found PythonInterp: /usr/bin/python3 (found suitable version "3.10.12", minimum required is "3.6") 
[1.226s] -- Found python_cmake_module: 0.10.0 (/opt/ros/humble/share/python_cmake_module/cmake)
[1.226s] -- Found PythonLibs: /usr/lib/x86_64-linux-gnu/libpython3.10.so (found suitable version "3.10.12", minimum required is "3.5") 
[1.226s] -- Using PYTHON_EXECUTABLE: /usr/bin/python3
[1.226s] -- Using PYTHON_INCLUDE_DIRS: /usr/include/python3.10
[1.226s] -- Using PYTHON_LIBRARIES: /usr/lib/x86_64-linux-gnu/libpython3.10.so
[1.226s] -- Found PythonExtra: .so  
[1.226s] -- Added test 'lint_cmake' to check CMake code style
[1.226s] -- Added test 'xmllint' to check XML markup files
[1.226s] -- Configuring done
[1.226s] -- Generating done
[1.226s] -- Build files have been written to: /home/rovteam/Desktop/Melvin/drone_cage_control-main/build/interfaces
[1.343s] Invoked command in '/home/rovteam/Desktop/Melvin/drone_cage_control-main/build/interfaces' returned '0': CMAKE_PREFIX_PATH=/opt/ros/humble /usr/bin/cmake /home/rovteam/Desktop/Melvin/drone_cage_control-main/src/interfaces -DAMENT_CMAKE_SYMLINK_INSTALL=1 -DCMAKE_INSTALL_PREFIX=/home/rovteam/Desktop/Melvin/drone_cage_control-main/install/interfaces
[1.344s] Invoking command in '/home/rovteam/Desktop/Melvin/drone_cage_control-main/build/interfaces': CMAKE_PREFIX_PATH=/opt/ros/humble /usr/bin/cmake --build /home/rovteam/Desktop/Melvin/drone_cage_control-main/build/interfaces -- -j28 -l28
[1.368s] [  1%] [34m[1mGenerating C code for ROS interfaces[0m
[1.374s] [  2%] [34m[1mGenerating C++ code for ROS interfaces[0m
[1.378s] [  2%] Built target ament_cmake_python_symlink_interfaces
[1.586s] running egg_info
[1.586s] creating interfaces.egg-info
[1.586s] writing interfaces.egg-info/PKG-INFO
[1.586s] writing dependency_links to interfaces.egg-info/dependency_links.txt
[1.587s] writing top-level names to interfaces.egg-info/top_level.txt
[1.587s] writing manifest file 'interfaces.egg-info/SOURCES.txt'
[1.589s] reading manifest file 'interfaces.egg-info/SOURCES.txt'
[1.589s] writing manifest file 'interfaces.egg-info/SOURCES.txt'
[1.614s] [  2%] Built target ament_cmake_python_build_interfaces_egg
[1.670s] [  2%] Built target interfaces__cpp
[1.676s] [  4%] [34m[1mGenerating C++ type support for eProsima Fast-RTPS[0m
[1.676s] [  5%] [34m[1mGenerating C++ introspection for ROS interfaces[0m
[1.677s] [  7%] [34m[1mGenerating C++ type support dispatch for ROS interfaces[0m
[1.779s] [ 11%] [32mBuilding C object CMakeFiles/interfaces__rosidl_generator_c.dir/rosidl_generator_c/interfaces/msg/detail/elrs_command__functions.c.o[0m
[1.779s] [ 11%] [32mBuilding C object CMakeFiles/interfaces__rosidl_generator_c.dir/rosidl_generator_c/interfaces/srv/detail/set_arming__functions.c.o[0m
[1.780s] [ 11%] [32mBuilding C object CMakeFiles/interfaces__rosidl_generator_c.dir/rosidl_generator_c/interfaces/msg/detail/motion_capture_state__functions.c.o[0m
[1.780s] [ 12%] [32mBuilding C object CMakeFiles/interfaces__rosidl_generator_c.dir/rosidl_generator_c/interfaces/msg/detail/inverted_pendulum_states__functions.c.o[0m
[1.780s] [ 15%] [32mBuilding C object CMakeFiles/interfaces__rosidl_generator_c.dir/rosidl_generator_c/interfaces/msg/detail/control_applied__functions.c.o[0m
[1.780s] [ 15%] [32mBuilding C object CMakeFiles/interfaces__rosidl_generator_c.dir/rosidl_generator_c/interfaces/msg/detail/telemetry__functions.c.o[0m
[1.831s] [ 16%] [32m[1mLinking C shared library libinterfaces__rosidl_generator_c.so[0m
[1.855s] [ 16%] Built target interfaces__rosidl_generator_c
[1.861s] [ 18%] [34m[1mGenerating C type support for eProsima Fast-RTPS[0m
[1.862s] [ 21%] [34m[1mGenerating C type support dispatch for ROS interfaces[0m
[1.862s] [ 21%] [34m[1mGenerating C introspection for ROS interfaces[0m
[1.933s] [ 26%] [32mBuilding CXX object CMakeFiles/interfaces__rosidl_typesupport_introspection_cpp.dir/rosidl_typesupport_introspection_cpp/interfaces/msg/detail/telemetry__type_support.cpp.o[0m
[1.933s] [ 26%] [32mBuilding CXX object CMakeFiles/interfaces__rosidl_typesupport_introspection_cpp.dir/rosidl_typesupport_introspection_cpp/interfaces/msg/detail/motion_capture_state__type_support.cpp.o[0m
[1.934s] [ 26%] [32mBuilding CXX object CMakeFiles/interfaces__rosidl_typesupport_introspection_cpp.dir/rosidl_typesupport_introspection_cpp/interfaces/srv/detail/set_arming__type_support.cpp.o[0m
[1.934s] [ 26%] [32mBuilding CXX object CMakeFiles/interfaces__rosidl_typesupport_introspection_cpp.dir/rosidl_typesupport_introspection_cpp/interfaces/msg/detail/inverted_pendulum_states__type_support.cpp.o[0m
[1.934s] [ 28%] [32mBuilding CXX object CMakeFiles/interfaces__rosidl_typesupport_introspection_cpp.dir/rosidl_typesupport_introspection_cpp/interfaces/msg/detail/elrs_command__type_support.cpp.o[0m
[1.935s] [ 29%] [32mBuilding CXX object CMakeFiles/interfaces__rosidl_typesupport_introspection_cpp.dir/rosidl_typesupport_introspection_cpp/interfaces/msg/detail/control_applied__type_support.cpp.o[0m
[1.956s] [ 30%] [32mBuilding CXX object CMakeFiles/interfaces__rosidl_typesupport_cpp.dir/rosidl_typesupport_cpp/interfaces/msg/inverted_pendulum_states__type_support.cpp.o[0m
[1.956s] [ 32%] [32mBuilding CXX object CMakeFiles/interfaces__rosidl_typesupport_cpp.dir/rosidl_typesupport_cpp/interfaces/srv/set_arming__type_support.cpp.o[0m
[1.956s] [ 33%] [32mBuilding CXX object CMakeFiles/interfaces__rosidl_typesupport_cpp.dir/rosidl_typesupport_cpp/interfaces/msg/control_applied__type_support.cpp.o[0m
[1.956s] [ 35%] [32mBuilding CXX object CMakeFiles/interfaces__rosidl_typesupport_cpp.dir/rosidl_typesupport_cpp/interfaces/msg/telemetry__type_support.cpp.o[0m
[1.956s] [ 36%] [32mBuilding CXX object CMakeFiles/interfaces__rosidl_typesupport_cpp.dir/rosidl_typesupport_cpp/interfaces/msg/motion_capture_state__type_support.cpp.o[0m
[1.957s] [ 38%] [32mBuilding CXX object CMakeFiles/interfaces__rosidl_typesupport_cpp.dir/rosidl_typesupport_cpp/interfaces/msg/elrs_command__type_support.cpp.o[0m
[2.076s] [ 40%] [32mBuilding CXX object CMakeFiles/interfaces__rosidl_typesupport_fastrtps_cpp.dir/rosidl_typesupport_fastrtps_cpp/interfaces/msg/detail/dds_fastrtps/motion_capture_state__type_support.cpp.o[0m
[2.076s] [ 40%] [32mBuilding CXX object CMakeFiles/interfaces__rosidl_typesupport_fastrtps_cpp.dir/rosidl_typesupport_fastrtps_cpp/interfaces/srv/detail/dds_fastrtps/set_arming__type_support.cpp.o[0m
[2.076s] [ 42%] [32mBuilding CXX object CMakeFiles/interfaces__rosidl_typesupport_fastrtps_cpp.dir/rosidl_typesupport_fastrtps_cpp/interfaces/msg/detail/dds_fastrtps/control_applied__type_support.cpp.o[0m
[2.076s] [ 43%] [32mBuilding CXX object CMakeFiles/interfaces__rosidl_typesupport_fastrtps_cpp.dir/rosidl_typesupport_fastrtps_cpp/interfaces/msg/detail/dds_fastrtps/telemetry__type_support.cpp.o[0m
[2.077s] [ 45%] [32mBuilding CXX object CMakeFiles/interfaces__rosidl_typesupport_fastrtps_cpp.dir/rosidl_typesupport_fastrtps_cpp/interfaces/msg/detail/dds_fastrtps/inverted_pendulum_states__type_support.cpp.o[0m
[2.077s] [ 46%] [32mBuilding CXX object CMakeFiles/interfaces__rosidl_typesupport_fastrtps_cpp.dir/rosidl_typesupport_fastrtps_cpp/interfaces/msg/detail/dds_fastrtps/elrs_command__type_support.cpp.o[0m
[2.104s] [ 53%] [32mBuilding CXX object CMakeFiles/interfaces__rosidl_typesupport_c.dir/rosidl_typesupport_c/interfaces/srv/set_arming__type_support.cpp.o[0m
[2.105s] [ 54%] [32mBuilding CXX object CMakeFiles/interfaces__rosidl_typesupport_c.dir/rosidl_typesupport_c/interfaces/msg/control_applied__type_support.cpp.o[0m
[2.105s] [ 54%] [32mBuilding CXX object CMakeFiles/interfaces__rosidl_typesupport_c.dir/rosidl_typesupport_c/interfaces/msg/motion_capture_state__type_support.cpp.o[0m
[2.105s] [ 54%] [32mBuilding CXX object CMakeFiles/interfaces__rosidl_typesupport_c.dir/rosidl_typesupport_c/interfaces/msg/inverted_pendulum_states__type_support.cpp.o[0m
[2.105s] [ 54%] [32mBuilding CXX object CMakeFiles/interfaces__rosidl_typesupport_c.dir/rosidl_typesupport_c/interfaces/msg/elrs_command__type_support.cpp.o[0m
[2.105s] [ 54%] [32mBuilding CXX object CMakeFiles/interfaces__rosidl_typesupport_c.dir/rosidl_typesupport_c/interfaces/msg/telemetry__type_support.cpp.o[0m
[2.128s] [ 56%] [32m[1mLinking CXX shared library libinterfaces__rosidl_typesupport_c.so[0m
[2.159s] [ 56%] Built target interfaces__rosidl_typesupport_c
[2.161s] [ 63%] [32mBuilding C object CMakeFiles/interfaces__rosidl_typesupport_introspection_c.dir/rosidl_typesupport_introspection_c/interfaces/msg/detail/motion_capture_state__type_support.c.o[0m
[2.161s] [ 63%] [32mBuilding C object CMakeFiles/interfaces__rosidl_typesupport_introspection_c.dir/rosidl_typesupport_introspection_c/interfaces/srv/detail/set_arming__type_support.c.o[0m
[2.161s] [ 64%] [32mBuilding C object CMakeFiles/interfaces__rosidl_typesupport_introspection_c.dir/rosidl_typesupport_introspection_c/interfaces/msg/detail/inverted_pendulum_states__type_support.c.o[0m
[2.161s] [ 64%] [32mBuilding C object CMakeFiles/interfaces__rosidl_typesupport_introspection_c.dir/rosidl_typesupport_introspection_c/interfaces/msg/detail/control_applied__type_support.c.o[0m
[2.161s] [ 63%] [32mBuilding C object CMakeFiles/interfaces__rosidl_typesupport_introspection_c.dir/rosidl_typesupport_introspection_c/interfaces/msg/detail/telemetry__type_support.c.o[0m
[2.161s] [ 63%] [32mBuilding C object CMakeFiles/interfaces__rosidl_typesupport_introspection_c.dir/rosidl_typesupport_introspection_c/interfaces/msg/detail/elrs_command__type_support.c.o[0m
[2.173s] [ 66%] [32m[1mLinking CXX shared library libinterfaces__rosidl_typesupport_cpp.so[0m
[2.187s] [ 67%] [32m[1mLinking C shared library libinterfaces__rosidl_typesupport_introspection_c.so[0m
[2.194s] [ 69%] [32mBuilding CXX object CMakeFiles/interfaces__rosidl_typesupport_fastrtps_c.dir/rosidl_typesupport_fastrtps_c/interfaces/srv/detail/set_arming__type_support_c.cpp.o[0m
[2.195s] [ 70%] [32mBuilding CXX object CMakeFiles/interfaces__rosidl_typesupport_fastrtps_c.dir/rosidl_typesupport_fastrtps_c/interfaces/msg/detail/control_applied__type_support_c.cpp.o[0m
[2.195s] [ 71%] [32mBuilding CXX object CMakeFiles/interfaces__rosidl_typesupport_fastrtps_c.dir/rosidl_typesupport_fastrtps_c/interfaces/msg/detail/elrs_command__type_support_c.cpp.o[0m
[2.195s] [ 73%] [32mBuilding CXX object CMakeFiles/interfaces__rosidl_typesupport_fastrtps_c.dir/rosidl_typesupport_fastrtps_c/interfaces/msg/detail/telemetry__type_support_c.cpp.o[0m
[2.195s] [ 74%] [32mBuilding CXX object CMakeFiles/interfaces__rosidl_typesupport_fastrtps_c.dir/rosidl_typesupport_fastrtps_c/interfaces/msg/detail/inverted_pendulum_states__type_support_c.cpp.o[0m
[2.195s] [ 76%] [32mBuilding CXX object CMakeFiles/interfaces__rosidl_typesupport_fastrtps_c.dir/rosidl_typesupport_fastrtps_c/interfaces/msg/detail/motion_capture_state__type_support_c.cpp.o[0m
[2.204s] [ 76%] Built target interfaces__rosidl_typesupport_cpp
[2.205s] [ 76%] Built target interfaces__rosidl_typesupport_introspection_c
[2.250s] [ 77%] [32m[1mLinking CXX shared library libinterfaces__rosidl_typesupport_introspection_cpp.so[0m
[2.305s] [ 77%] Built target interfaces__rosidl_typesupport_introspection_cpp
[2.384s] [ 78%] [32m[1mLinking CXX shared library libinterfaces__rosidl_typesupport_fastrtps_cpp.so[0m
[2.417s] [ 80%] [32m[1mLinking CXX shared library libinterfaces__rosidl_typesupport_fastrtps_c.so[0m
[2.427s] [ 80%] Built target interfaces__rosidl_typesupport_fastrtps_cpp
[2.458s] [ 80%] Built target interfaces__rosidl_typesupport_fastrtps_c
[2.469s] [ 80%] Built target interfaces
[2.480s] [ 81%] [34m[1mGenerating Python code for ROS interfaces[0m
[2.907s] [ 81%] Built target interfaces__py
[2.917s] [ 83%] [32mBuilding C object CMakeFiles/interfaces__rosidl_generator_py.dir/rosidl_generator_py/interfaces/msg/_telemetry_s.c.o[0m
[2.918s] [ 87%] [32mBuilding C object CMakeFiles/interfaces__rosidl_generator_py.dir/rosidl_generator_py/interfaces/msg/_motion_capture_state_s.c.o[0m
[2.918s] [ 87%] [32mBuilding C object CMakeFiles/interfaces__rosidl_generator_py.dir/rosidl_generator_py/interfaces/srv/_set_arming_s.c.o[0m
[2.918s] [ 87%] [32mBuilding C object CMakeFiles/interfaces__rosidl_generator_py.dir/rosidl_generator_py/interfaces/msg/_elrs_command_s.c.o[0m
[2.918s] [ 88%] [32mBuilding C object CMakeFiles/interfaces__rosidl_generator_py.dir/rosidl_generator_py/interfaces/msg/_control_applied_s.c.o[0m
[2.918s] [ 90%] [32mBuilding C object CMakeFiles/interfaces__rosidl_generator_py.dir/rosidl_generator_py/interfaces/msg/_inverted_pendulum_states_s.c.o[0m
[2.987s] [ 91%] [32m[1mLinking C shared library rosidl_generator_py/interfaces/libinterfaces__rosidl_generator_py.so[0m
[3.009s] [ 91%] Built target interfaces__rosidl_generator_py
[3.022s] [ 94%] [32mBuilding C object CMakeFiles/interfaces__rosidl_typesupport_c__pyext.dir/rosidl_generator_py/interfaces/_interfaces_s.ep.rosidl_typesupport_c.c.o[0m
[3.022s] [ 94%] [32mBuilding C object CMakeFiles/interfaces__rosidl_typesupport_fastrtps_c__pyext.dir/rosidl_generator_py/interfaces/_interfaces_s.ep.rosidl_typesupport_fastrtps_c.c.o[0m
[3.023s] [ 95%] [32mBuilding C object CMakeFiles/interfaces__rosidl_typesupport_introspection_c__pyext.dir/rosidl_generator_py/interfaces/_interfaces_s.ep.rosidl_typesupport_introspection_c.c.o[0m
[3.083s] [100%] [32m[1mLinking C shared library rosidl_generator_py/interfaces/interfaces_s__rosidl_typesupport_introspection_c.cpython-310-x86_64-linux-gnu.so[0m
[3.084s] [100%] [32m[1mLinking C shared library rosidl_generator_py/interfaces/interfaces_s__rosidl_typesupport_c.cpython-310-x86_64-linux-gnu.so[0m
[3.084s] [100%] [32m[1mLinking C shared library rosidl_generator_py/interfaces/interfaces_s__rosidl_typesupport_fastrtps_c.cpython-310-x86_64-linux-gnu.so[0m
[3.107s] [100%] Built target interfaces__rosidl_typesupport_c__pyext
[3.107s] [100%] Built target interfaces__rosidl_typesupport_introspection_c__pyext
[3.110s] [100%] Built target interfaces__rosidl_typesupport_fastrtps_c__pyext
[3.117s] Invoked command in '/home/rovteam/Desktop/Melvin/drone_cage_control-main/build/interfaces' returned '0': CMAKE_PREFIX_PATH=/opt/ros/humble /usr/bin/cmake --build /home/rovteam/Desktop/Melvin/drone_cage_control-main/build/interfaces -- -j28 -l28
[3.123s] Invoking command in '/home/rovteam/Desktop/Melvin/drone_cage_control-main/build/interfaces': CMAKE_PREFIX_PATH=/opt/ros/humble /usr/bin/cmake --install /home/rovteam/Desktop/Melvin/drone_cage_control-main/build/interfaces
[3.128s] -- Install configuration: ""
[3.128s] -- Execute custom install script
[3.128s] -- Symlinking: /home/rovteam/Desktop/Melvin/drone_cage_control-main/install/interfaces/share/ament_index/resource_index/rosidl_interfaces/interfaces
[3.134s] -- Symlinking: /home/rovteam/Desktop/Melvin/drone_cage_control-main/install/interfaces/include/interfaces/interfaces/msg/control_applied.h
[3.138s] -- Symlinking: /home/rovteam/Desktop/Melvin/drone_cage_control-main/install/interfaces/include/interfaces/interfaces/msg/detail/control_applied__functions.h
[3.143s] -- Symlinking: /home/rovteam/Desktop/Melvin/drone_cage_control-main/install/interfaces/include/interfaces/interfaces/msg/detail/control_applied__struct.h
[3.147s] -- Symlinking: /home/rovteam/Desktop/Melvin/drone_cage_control-main/install/interfaces/include/interfaces/interfaces/msg/detail/control_applied__type_support.h
[3.151s] -- Symlinking: /home/rovteam/Desktop/Melvin/drone_cage_control-main/install/interfaces/include/interfaces/interfaces/msg/detail/elrs_command__functions.h
[3.155s] -- Symlinking: /home/rovteam/Desktop/Melvin/drone_cage_control-main/install/interfaces/include/interfaces/interfaces/msg/detail/elrs_command__struct.h
[3.161s] -- Symlinking: /home/rovteam/Desktop/Melvin/drone_cage_control-main/install/interfaces/include/interfaces/interfaces/msg/detail/elrs_command__type_support.h
[3.165s] -- Symlinking: /home/rovteam/Desktop/Melvin/drone_cage_control-main/install/interfaces/include/interfaces/interfaces/msg/detail/inverted_pendulum_states__functions.h
[3.170s] -- Symlinking: /home/rovteam/Desktop/Melvin/drone_cage_control-main/install/interfaces/include/interfaces/interfaces/msg/detail/inverted_pendulum_states__struct.h
[3.173s] -- Symlinking: /home/rovteam/Desktop/Melvin/drone_cage_control-main/install/interfaces/include/interfaces/interfaces/msg/detail/inverted_pendulum_states__type_support.h
[3.178s] -- Symlinking: /home/rovteam/Desktop/Melvin/drone_cage_control-main/install/interfaces/include/interfaces/interfaces/msg/detail/motion_capture_state__functions.h
[3.182s] -- Symlinking: /home/rovteam/Desktop/Melvin/drone_cage_control-main/install/interfaces/include/interfaces/interfaces/msg/detail/motion_capture_state__struct.h
[3.187s] -- Symlinking: /home/rovteam/Desktop/Melvin/drone_cage_control-main/install/interfaces/include/interfaces/interfaces/msg/detail/motion_capture_state__type_support.h
[3.192s] -- Symlinking: /home/rovteam/Desktop/Melvin/drone_cage_control-main/install/interfaces/include/interfaces/interfaces/msg/detail/telemetry__functions.h
[3.197s] -- Symlinking: /home/rovteam/Desktop/Melvin/drone_cage_control-main/install/interfaces/include/interfaces/interfaces/msg/detail/telemetry__struct.h
[3.202s] -- Symlinking: /home/rovteam/Desktop/Melvin/drone_cage_control-main/install/interfaces/include/interfaces/interfaces/msg/detail/telemetry__type_support.h
[3.206s] -- Symlinking: /home/rovteam/Desktop/Melvin/drone_cage_control-main/install/interfaces/include/interfaces/interfaces/msg/elrs_command.h
[3.210s] -- Symlinking: /home/rovteam/Desktop/Melvin/drone_cage_control-main/install/interfaces/include/interfaces/interfaces/msg/inverted_pendulum_states.h
[3.215s] -- Symlinking: /home/rovteam/Desktop/Melvin/drone_cage_control-main/install/interfaces/include/interfaces/interfaces/msg/motion_capture_state.h
[3.219s] -- Symlinking: /home/rovteam/Desktop/Melvin/drone_cage_control-main/install/interfaces/include/interfaces/interfaces/msg/rosidl_generator_c__visibility_control.h
[3.223s] -- Symlinking: /home/rovteam/Desktop/Melvin/drone_cage_control-main/install/interfaces/include/interfaces/interfaces/msg/telemetry.h
[3.227s] -- Symlinking: /home/rovteam/Desktop/Melvin/drone_cage_control-main/install/interfaces/include/interfaces/interfaces/srv/detail/set_arming__functions.h
[3.230s] -- Symlinking: /home/rovteam/Desktop/Melvin/drone_cage_control-main/install/interfaces/include/interfaces/interfaces/srv/detail/set_arming__struct.h
[3.235s] -- Symlinking: /home/rovteam/Desktop/Melvin/drone_cage_control-main/install/interfaces/include/interfaces/interfaces/srv/detail/set_arming__type_support.h
[3.239s] -- Symlinking: /home/rovteam/Desktop/Melvin/drone_cage_control-main/install/interfaces/include/interfaces/interfaces/srv/set_arming.h
[3.243s] -- Symlinking: /home/rovteam/Desktop/Melvin/drone_cage_control-main/install/interfaces/share/interfaces/environment/library_path.sh
[3.247s] -- Symlinking: /home/rovteam/Desktop/Melvin/drone_cage_control-main/install/interfaces/share/interfaces/environment/library_path.dsv
[3.252s] -- Symlinking: /home/rovteam/Desktop/Melvin/drone_cage_control-main/install/interfaces/include/interfaces/interfaces/msg/detail/control_applied__rosidl_typesupport_fastrtps_c.h
[3.256s] -- Symlinking: /home/rovteam/Desktop/Melvin/drone_cage_control-main/install/interfaces/include/interfaces/interfaces/msg/detail/elrs_command__rosidl_typesupport_fastrtps_c.h
[3.260s] -- Symlinking: /home/rovteam/Desktop/Melvin/drone_cage_control-main/install/interfaces/include/interfaces/interfaces/msg/detail/inverted_pendulum_states__rosidl_typesupport_fastrtps_c.h
[3.264s] -- Symlinking: /home/rovteam/Desktop/Melvin/drone_cage_control-main/install/interfaces/include/interfaces/interfaces/msg/detail/motion_capture_state__rosidl_typesupport_fastrtps_c.h
[3.268s] -- Symlinking: /home/rovteam/Desktop/Melvin/drone_cage_control-main/install/interfaces/include/interfaces/interfaces/msg/detail/telemetry__rosidl_typesupport_fastrtps_c.h
[3.272s] -- Symlinking: /home/rovteam/Desktop/Melvin/drone_cage_control-main/install/interfaces/include/interfaces/interfaces/msg/rosidl_typesupport_fastrtps_c__visibility_control.h
[3.276s] -- Symlinking: /home/rovteam/Desktop/Melvin/drone_cage_control-main/install/interfaces/include/interfaces/interfaces/srv/detail/set_arming__rosidl_typesupport_fastrtps_c.h
[3.281s] -- Symlinking: /home/rovteam/Desktop/Melvin/drone_cage_control-main/install/interfaces/include/interfaces/interfaces/msg/detail/control_applied__rosidl_typesupport_introspection_c.h
[3.286s] -- Symlinking: /home/rovteam/Desktop/Melvin/drone_cage_control-main/install/interfaces/include/interfaces/interfaces/msg/detail/elrs_command__rosidl_typesupport_introspection_c.h
[3.289s] -- Symlinking: /home/rovteam/Desktop/Melvin/drone_cage_control-main/install/interfaces/include/interfaces/interfaces/msg/detail/inverted_pendulum_states__rosidl_typesupport_introspection_c.h
[3.293s] -- Symlinking: /home/rovteam/Desktop/Melvin/drone_cage_control-main/install/interfaces/include/interfaces/interfaces/msg/detail/motion_capture_state__rosidl_typesupport_introspection_c.h
[3.297s] -- Symlinking: /home/rovteam/Desktop/Melvin/drone_cage_control-main/install/interfaces/include/interfaces/interfaces/msg/detail/telemetry__rosidl_typesupport_introspection_c.h
[3.301s] -- Symlinking: /home/rovteam/Desktop/Melvin/drone_cage_control-main/install/interfaces/include/interfaces/interfaces/msg/rosidl_typesupport_introspection_c__visibility_control.h
[3.305s] -- Symlinking: /home/rovteam/Desktop/Melvin/drone_cage_control-main/install/interfaces/include/interfaces/interfaces/srv/detail/set_arming__rosidl_typesupport_introspection_c.h
[3.309s] -- Symlinking: /home/rovteam/Desktop/Melvin/drone_cage_control-main/install/interfaces/include/interfaces/interfaces/msg/control_applied.hpp
[3.313s] -- Symlinking: /home/rovteam/Desktop/Melvin/drone_cage_control-main/install/interfaces/include/interfaces/interfaces/msg/detail/control_applied__builder.hpp
[3.318s] -- Symlinking: /home/rovteam/Desktop/Melvin/drone_cage_control-main/install/interfaces/include/interfaces/interfaces/msg/detail/control_applied__struct.hpp
[3.323s] -- Symlinking: /home/rovteam/Desktop/Melvin/drone_cage_control-main/install/interfaces/include/interfaces/interfaces/msg/detail/control_applied__traits.hpp
[3.328s] -- Symlinking: /home/rovteam/Desktop/Melvin/drone_cage_control-main/install/interfaces/include/interfaces/interfaces/msg/detail/control_applied__type_support.hpp
[3.332s] -- Symlinking: /home/rovteam/Desktop/Melvin/drone_cage_control-main/install/interfaces/include/interfaces/interfaces/msg/detail/elrs_command__builder.hpp
[3.335s] -- Symlinking: /home/rovteam/Desktop/Melvin/drone_cage_control-main/install/interfaces/include/interfaces/interfaces/msg/detail/elrs_command__struct.hpp
[3.340s] -- Symlinking: /home/rovteam/Desktop/Melvin/drone_cage_control-main/install/interfaces/include/interfaces/interfaces/msg/detail/elrs_command__traits.hpp
[3.343s] -- Symlinking: /home/rovteam/Desktop/Melvin/drone_cage_control-main/install/interfaces/include/interfaces/interfaces/msg/detail/elrs_command__type_support.hpp
[3.347s] -- Symlinking: /home/rovteam/Desktop/Melvin/drone_cage_control-main/install/interfaces/include/interfaces/interfaces/msg/detail/inverted_pendulum_states__builder.hpp
[3.352s] -- Symlinking: /home/rovteam/Desktop/Melvin/drone_cage_control-main/install/interfaces/include/interfaces/interfaces/msg/detail/inverted_pendulum_states__struct.hpp
[3.356s] -- Symlinking: /home/rovteam/Desktop/Melvin/drone_cage_control-main/install/interfaces/include/interfaces/interfaces/msg/detail/inverted_pendulum_states__traits.hpp
[3.360s] -- Symlinking: /home/rovteam/Desktop/Melvin/drone_cage_control-main/install/interfaces/include/interfaces/interfaces/msg/detail/inverted_pendulum_states__type_support.hpp
[3.365s] -- Symlinking: /home/rovteam/Desktop/Melvin/drone_cage_control-main/install/interfaces/include/interfaces/interfaces/msg/detail/motion_capture_state__builder.hpp
[3.368s] -- Symlinking: /home/rovteam/Desktop/Melvin/drone_cage_control-main/install/interfaces/include/interfaces/interfaces/msg/detail/motion_capture_state__struct.hpp
[3.372s] -- Symlinking: /home/rovteam/Desktop/Melvin/drone_cage_control-main/install/interfaces/include/interfaces/interfaces/msg/detail/motion_capture_state__traits.hpp
[3.376s] -- Symlinking: /home/rovteam/Desktop/Melvin/drone_cage_control-main/install/interfaces/include/interfaces/interfaces/msg/detail/motion_capture_state__type_support.hpp
[3.381s] -- Symlinking: /home/rovteam/Desktop/Melvin/drone_cage_control-main/install/interfaces/include/interfaces/interfaces/msg/detail/telemetry__builder.hpp
[3.386s] -- Symlinking: /home/rovteam/Desktop/Melvin/drone_cage_control-main/install/interfaces/include/interfaces/interfaces/msg/detail/telemetry__struct.hpp
[3.390s] -- Symlinking: /home/rovteam/Desktop/Melvin/drone_cage_control-main/install/interfaces/include/interfaces/interfaces/msg/detail/telemetry__traits.hpp
[3.396s] -- Symlinking: /home/rovteam/Desktop/Melvin/drone_cage_control-main/install/interfaces/include/interfaces/interfaces/msg/detail/telemetry__type_support.hpp
[3.400s] -- Symlinking: /home/rovteam/Desktop/Melvin/drone_cage_control-main/install/interfaces/include/interfaces/interfaces/msg/elrs_command.hpp
[3.404s] -- Symlinking: /home/rovteam/Desktop/Melvin/drone_cage_control-main/install/interfaces/include/interfaces/interfaces/msg/inverted_pendulum_states.hpp
[3.410s] -- Symlinking: /home/rovteam/Desktop/Melvin/drone_cage_control-main/install/interfaces/include/interfaces/interfaces/msg/motion_capture_state.hpp
[3.415s] -- Symlinking: /home/rovteam/Desktop/Melvin/drone_cage_control-main/install/interfaces/include/interfaces/interfaces/msg/rosidl_generator_cpp__visibility_control.hpp
[3.420s] -- Symlinking: /home/rovteam/Desktop/Melvin/drone_cage_control-main/install/interfaces/include/interfaces/interfaces/msg/telemetry.hpp
[3.424s] -- Symlinking: /home/rovteam/Desktop/Melvin/drone_cage_control-main/install/interfaces/include/interfaces/interfaces/srv/detail/set_arming__builder.hpp
[3.428s] -- Symlinking: /home/rovteam/Desktop/Melvin/drone_cage_control-main/install/interfaces/include/interfaces/interfaces/srv/detail/set_arming__struct.hpp
[3.431s] -- Symlinking: /home/rovteam/Desktop/Melvin/drone_cage_control-main/install/interfaces/include/interfaces/interfaces/srv/detail/set_arming__traits.hpp
[3.436s] -- Symlinking: /home/rovteam/Desktop/Melvin/drone_cage_control-main/install/interfaces/include/interfaces/interfaces/srv/detail/set_arming__type_support.hpp
[3.441s] -- Symlinking: /home/rovteam/Desktop/Melvin/drone_cage_control-main/install/interfaces/include/interfaces/interfaces/srv/set_arming.hpp
[3.444s] -- Symlinking: /home/rovteam/Desktop/Melvin/drone_cage_control-main/install/interfaces/include/interfaces/interfaces/msg/detail/control_applied__rosidl_typesupport_fastrtps_cpp.hpp
[3.448s] -- Symlinking: /home/rovteam/Desktop/Melvin/drone_cage_control-main/install/interfaces/include/interfaces/interfaces/msg/detail/elrs_command__rosidl_typesupport_fastrtps_cpp.hpp
[3.453s] -- Symlinking: /home/rovteam/Desktop/Melvin/drone_cage_control-main/install/interfaces/include/interfaces/interfaces/msg/detail/inverted_pendulum_states__rosidl_typesupport_fastrtps_cpp.hpp
[3.457s] -- Symlinking: /home/rovteam/Desktop/Melvin/drone_cage_control-main/install/interfaces/include/interfaces/interfaces/msg/detail/motion_capture_state__rosidl_typesupport_fastrtps_cpp.hpp
[3.461s] -- Symlinking: /home/rovteam/Desktop/Melvin/drone_cage_control-main/install/interfaces/include/interfaces/interfaces/msg/detail/telemetry__rosidl_typesupport_fastrtps_cpp.hpp
[3.465s] -- Symlinking: /home/rovteam/Desktop/Melvin/drone_cage_control-main/install/interfaces/include/interfaces/interfaces/msg/rosidl_typesupport_fastrtps_cpp__visibility_control.h
[3.469s] -- Symlinking: /home/rovteam/Desktop/Melvin/drone_cage_control-main/install/interfaces/include/interfaces/interfaces/srv/detail/set_arming__rosidl_typesupport_fastrtps_cpp.hpp
[3.474s] -- Symlinking: /home/rovteam/Desktop/Melvin/drone_cage_control-main/install/interfaces/include/interfaces/interfaces/msg/detail/control_applied__rosidl_typesupport_introspection_cpp.hpp
[3.478s] -- Symlinking: /home/rovteam/Desktop/Melvin/drone_cage_control-main/install/interfaces/include/interfaces/interfaces/msg/detail/elrs_command__rosidl_typesupport_introspection_cpp.hpp
[3.483s] -- Symlinking: /home/rovteam/Desktop/Melvin/drone_cage_control-main/install/interfaces/include/interfaces/interfaces/msg/detail/inverted_pendulum_states__rosidl_typesupport_introspection_cpp.hpp
[3.487s] -- Symlinking: /home/rovteam/Desktop/Melvin/drone_cage_control-main/install/interfaces/include/interfaces/interfaces/msg/detail/motion_capture_state__rosidl_typesupport_introspection_cpp.hpp
[3.491s] -- Symlinking: /home/rovteam/Desktop/Melvin/drone_cage_control-main/install/interfaces/include/interfaces/interfaces/msg/detail/telemetry__rosidl_typesupport_introspection_cpp.hpp
[3.496s] -- Symlinking: /home/rovteam/Desktop/Melvin/drone_cage_control-main/install/interfaces/include/interfaces/interfaces/srv/detail/set_arming__rosidl_typesupport_introspection_cpp.hpp
[3.499s] -- Symlinking: /home/rovteam/Desktop/Melvin/drone_cage_control-main/install/interfaces/share/interfaces/environment/pythonpath.sh
[3.504s] -- Symlinking: /home/rovteam/Desktop/Melvin/drone_cage_control-main/install/interfaces/share/interfaces/environment/pythonpath.dsv
[3.509s] -- Symlinking: /home/rovteam/Desktop/Melvin/drone_cage_control-main/install/interfaces/local/lib/python3.10/dist-packages/interfaces-0.0.0-py3.10.egg-info/PKG-INFO
[3.513s] -- Symlinking: /home/rovteam/Desktop/Melvin/drone_cage_control-main/install/interfaces/local/lib/python3.10/dist-packages/interfaces-0.0.0-py3.10.egg-info/SOURCES.txt
[3.517s] -- Symlinking: /home/rovteam/Desktop/Melvin/drone_cage_control-main/install/interfaces/local/lib/python3.10/dist-packages/interfaces-0.0.0-py3.10.egg-info/dependency_links.txt
[3.521s] -- Symlinking: /home/rovteam/Desktop/Melvin/drone_cage_control-main/install/interfaces/local/lib/python3.10/dist-packages/interfaces-0.0.0-py3.10.egg-info/top_level.txt
[3.525s] -- Symlinking: /home/rovteam/Desktop/Melvin/drone_cage_control-main/install/interfaces/local/lib/python3.10/dist-packages/interfaces/__init__.py
[3.529s] -- Symlinking: /home/rovteam/Desktop/Melvin/drone_cage_control-main/install/interfaces/local/lib/python3.10/dist-packages/interfaces/_interfaces_s.ep.rosidl_typesupport_c.c
[3.534s] -- Symlinking: /home/rovteam/Desktop/Melvin/drone_cage_control-main/install/interfaces/local/lib/python3.10/dist-packages/interfaces/_interfaces_s.ep.rosidl_typesupport_fastrtps_c.c
[3.538s] -- Symlinking: /home/rovteam/Desktop/Melvin/drone_cage_control-main/install/interfaces/local/lib/python3.10/dist-packages/interfaces/_interfaces_s.ep.rosidl_typesupport_introspection_c.c
[3.543s] -- Symlinking: /home/rovteam/Desktop/Melvin/drone_cage_control-main/install/interfaces/local/lib/python3.10/dist-packages/interfaces/interfaces_s__rosidl_typesupport_c.cpython-310-x86_64-linux-gnu.so
[3.546s] -- Symlinking: /home/rovteam/Desktop/Melvin/drone_cage_control-main/install/interfaces/local/lib/python3.10/dist-packages/interfaces/interfaces_s__rosidl_typesupport_fastrtps_c.cpython-310-x86_64-linux-gnu.so
[3.550s] -- Symlinking: /home/rovteam/Desktop/Melvin/drone_cage_control-main/install/interfaces/local/lib/python3.10/dist-packages/interfaces/interfaces_s__rosidl_typesupport_introspection_c.cpython-310-x86_64-linux-gnu.so
[3.555s] -- Symlinking: /home/rovteam/Desktop/Melvin/drone_cage_control-main/install/interfaces/local/lib/python3.10/dist-packages/interfaces/libinterfaces__rosidl_generator_py.so
[3.559s] -- Symlinking: /home/rovteam/Desktop/Melvin/drone_cage_control-main/install/interfaces/local/lib/python3.10/dist-packages/interfaces/msg/__init__.py
[3.563s] -- Symlinking: /home/rovteam/Desktop/Melvin/drone_cage_control-main/install/interfaces/local/lib/python3.10/dist-packages/interfaces/msg/_control_applied.py
[3.568s] -- Symlinking: /home/rovteam/Desktop/Melvin/drone_cage_control-main/install/interfaces/local/lib/python3.10/dist-packages/interfaces/msg/_control_applied_s.c
[3.571s] -- Symlinking: /home/rovteam/Desktop/Melvin/drone_cage_control-main/install/interfaces/local/lib/python3.10/dist-packages/interfaces/msg/_elrs_command.py
[3.574s] -- Symlinking: /home/rovteam/Desktop/Melvin/drone_cage_control-main/install/interfaces/local/lib/python3.10/dist-packages/interfaces/msg/_elrs_command_s.c
[3.579s] -- Symlinking: /home/rovteam/Desktop/Melvin/drone_cage_control-main/install/interfaces/local/lib/python3.10/dist-packages/interfaces/msg/_inverted_pendulum_states.py
[3.582s] -- Symlinking: /home/rovteam/Desktop/Melvin/drone_cage_control-main/install/interfaces/local/lib/python3.10/dist-packages/interfaces/msg/_inverted_pendulum_states_s.c
[3.586s] -- Symlinking: /home/rovteam/Desktop/Melvin/drone_cage_control-main/install/interfaces/local/lib/python3.10/dist-packages/interfaces/msg/_motion_capture_state.py
[3.591s] -- Symlinking: /home/rovteam/Desktop/Melvin/drone_cage_control-main/install/interfaces/local/lib/python3.10/dist-packages/interfaces/msg/_motion_capture_state_s.c
[3.595s] -- Symlinking: /home/rovteam/Desktop/Melvin/drone_cage_control-main/install/interfaces/local/lib/python3.10/dist-packages/interfaces/msg/_telemetry.py
[3.599s] -- Symlinking: /home/rovteam/Desktop/Melvin/drone_cage_control-main/install/interfaces/local/lib/python3.10/dist-packages/interfaces/msg/_telemetry_s.c
[3.604s] -- Symlinking: /home/rovteam/Desktop/Melvin/drone_cage_control-main/install/interfaces/local/lib/python3.10/dist-packages/interfaces/srv/__init__.py
[3.607s] -- Symlinking: /home/rovteam/Desktop/Melvin/drone_cage_control-main/install/interfaces/local/lib/python3.10/dist-packages/interfaces/srv/_set_arming.py
[3.612s] -- Symlinking: /home/rovteam/Desktop/Melvin/drone_cage_control-main/install/interfaces/local/lib/python3.10/dist-packages/interfaces/srv/_set_arming_s.c
[3.616s] -- Up-to-date symlink: /home/rovteam/Desktop/Melvin/drone_cage_control-main/install/interfaces/local/lib/python3.10/dist-packages/interfaces/interfaces_s__rosidl_typesupport_fastrtps_c.cpython-310-x86_64-linux-gnu.so
[3.616s] -- Up-to-date symlink: /home/rovteam/Desktop/Melvin/drone_cage_control-main/install/interfaces/local/lib/python3.10/dist-packages/interfaces/interfaces_s__rosidl_typesupport_introspection_c.cpython-310-x86_64-linux-gnu.so
[3.616s] -- Up-to-date symlink: /home/rovteam/Desktop/Melvin/drone_cage_control-main/install/interfaces/local/lib/python3.10/dist-packages/interfaces/interfaces_s__rosidl_typesupport_c.cpython-310-x86_64-linux-gnu.so
[3.616s] -- Symlinking: /home/rovteam/Desktop/Melvin/drone_cage_control-main/install/interfaces/share/interfaces/msg/MotionCaptureState.idl
[3.620s] -- Symlinking: /home/rovteam/Desktop/Melvin/drone_cage_control-main/install/interfaces/share/interfaces/msg/ELRSCommand.idl
[3.625s] -- Symlinking: /home/rovteam/Desktop/Melvin/drone_cage_control-main/install/interfaces/share/interfaces/msg/Telemetry.idl
[3.629s] -- Symlinking: /home/rovteam/Desktop/Melvin/drone_cage_control-main/install/interfaces/share/interfaces/msg/InvertedPendulumStates.idl
[3.633s] -- Symlinking: /home/rovteam/Desktop/Melvin/drone_cage_control-main/install/interfaces/share/interfaces/msg/ControlApplied.idl
[3.639s] -- Symlinking: /home/rovteam/Desktop/Melvin/drone_cage_control-main/install/interfaces/share/interfaces/srv/SetArming.idl
[3.644s] -- Symlinking: /home/rovteam/Desktop/Melvin/drone_cage_control-main/install/interfaces/share/interfaces/msg/MotionCaptureState.msg
[3.647s] -- Symlinking: /home/rovteam/Desktop/Melvin/drone_cage_control-main/install/interfaces/share/interfaces/msg/ELRSCommand.msg
[3.652s] -- Symlinking: /home/rovteam/Desktop/Melvin/drone_cage_control-main/install/interfaces/share/interfaces/msg/Telemetry.msg
[3.656s] -- Symlinking: /home/rovteam/Desktop/Melvin/drone_cage_control-main/install/interfaces/share/interfaces/msg/InvertedPendulumStates.msg
[3.660s] -- Symlinking: /home/rovteam/Desktop/Melvin/drone_cage_control-main/install/interfaces/share/interfaces/msg/ControlApplied.msg
[3.664s] -- Symlinking: /home/rovteam/Desktop/Melvin/drone_cage_control-main/install/interfaces/share/interfaces/srv/SetArming.srv
[3.669s] -- Symlinking: /home/rovteam/Desktop/Melvin/drone_cage_control-main/install/interfaces/share/interfaces/srv/SetArming_Request.msg
[3.673s] -- Symlinking: /home/rovteam/Desktop/Melvin/drone_cage_control-main/install/interfaces/share/interfaces/srv/SetArming_Response.msg
[3.677s] -- Symlinking: /home/rovteam/Desktop/Melvin/drone_cage_control-main/install/interfaces/share/ament_index/resource_index/package_run_dependencies/interfaces
[3.681s] -- Symlinking: /home/rovteam/Desktop/Melvin/drone_cage_control-main/install/interfaces/share/ament_index/resource_index/parent_prefix_path/interfaces
[3.685s] -- Symlinking: /home/rovteam/Desktop/Melvin/drone_cage_control-main/install/interfaces/share/interfaces/environment/ament_prefix_path.sh
[3.688s] -- Symlinking: /home/rovteam/Desktop/Melvin/drone_cage_control-main/install/interfaces/share/interfaces/environment/ament_prefix_path.dsv
[3.693s] -- Symlinking: /home/rovteam/Desktop/Melvin/drone_cage_control-main/install/interfaces/share/interfaces/environment/path.sh
[3.697s] -- Symlinking: /home/rovteam/Desktop/Melvin/drone_cage_control-main/install/interfaces/share/interfaces/environment/path.dsv
[3.701s] -- Symlinking: /home/rovteam/Desktop/Melvin/drone_cage_control-main/install/interfaces/share/interfaces/local_setup.bash
[3.705s] -- Symlinking: /home/rovteam/Desktop/Melvin/drone_cage_control-main/install/interfaces/share/interfaces/local_setup.sh
[3.709s] -- Symlinking: /home/rovteam/Desktop/Melvin/drone_cage_control-main/install/interfaces/share/interfaces/local_setup.zsh
[3.713s] -- Symlinking: /home/rovteam/Desktop/Melvin/drone_cage_control-main/install/interfaces/share/interfaces/local_setup.dsv
[3.717s] -- Symlinking: /home/rovteam/Desktop/Melvin/drone_cage_control-main/install/interfaces/share/interfaces/package.dsv
[3.721s] -- Symlinking: /home/rovteam/Desktop/Melvin/drone_cage_control-main/install/interfaces/share/ament_index/resource_index/packages/interfaces
[3.726s] -- Symlinking: /home/rovteam/Desktop/Melvin/drone_cage_control-main/install/interfaces/share/interfaces/cmake/rosidl_cmake-extras.cmake
[3.730s] -- Symlinking: /home/rovteam/Desktop/Melvin/drone_cage_control-main/install/interfaces/share/interfaces/cmake/ament_cmake_export_dependencies-extras.cmake
[3.735s] -- Symlinking: /home/rovteam/Desktop/Melvin/drone_cage_control-main/install/interfaces/share/interfaces/cmake/ament_cmake_export_include_directories-extras.cmake
[3.740s] -- Symlinking: /home/rovteam/Desktop/Melvin/drone_cage_control-main/install/interfaces/share/interfaces/cmake/ament_cmake_export_libraries-extras.cmake
[3.744s] -- Symlinking: /home/rovteam/Desktop/Melvin/drone_cage_control-main/install/interfaces/share/interfaces/cmake/ament_cmake_export_targets-extras.cmake
[3.748s] -- Symlinking: /home/rovteam/Desktop/Melvin/drone_cage_control-main/install/interfaces/share/interfaces/cmake/rosidl_cmake_export_typesupport_targets-extras.cmake
[3.752s] -- Symlinking: /home/rovteam/Desktop/Melvin/drone_cage_control-main/install/interfaces/share/interfaces/cmake/rosidl_cmake_export_typesupport_libraries-extras.cmake
[3.756s] -- Symlinking: /home/rovteam/Desktop/Melvin/drone_cage_control-main/install/interfaces/share/interfaces/cmake/interfacesConfig.cmake
[3.759s] -- Symlinking: /home/rovteam/Desktop/Melvin/drone_cage_control-main/install/interfaces/share/interfaces/cmake/interfacesConfig-version.cmake
[3.764s] -- Symlinking: /home/rovteam/Desktop/Melvin/drone_cage_control-main/install/interfaces/share/interfaces/package.xml
[3.767s] -- Installing: /home/rovteam/Desktop/Melvin/drone_cage_control-main/install/interfaces/lib/libinterfaces__rosidl_generator_c.so
[3.767s] -- Set runtime path of "/home/rovteam/Desktop/Melvin/drone_cage_control-main/install/interfaces/lib/libinterfaces__rosidl_generator_c.so" to ""
[3.767s] -- Installing: /home/rovteam/Desktop/Melvin/drone_cage_control-main/install/interfaces/lib/libinterfaces__rosidl_typesupport_fastrtps_c.so
[3.768s] -- Set runtime path of "/home/rovteam/Desktop/Melvin/drone_cage_control-main/install/interfaces/lib/libinterfaces__rosidl_typesupport_fastrtps_c.so" to ""
[3.768s] -- Installing: /home/rovteam/Desktop/Melvin/drone_cage_control-main/install/interfaces/lib/libinterfaces__rosidl_typesupport_introspection_c.so
[3.768s] -- Set runtime path of "/home/rovteam/Desktop/Melvin/drone_cage_control-main/install/interfaces/lib/libinterfaces__rosidl_typesupport_introspection_c.so" to ""
[3.768s] -- Installing: /home/rovteam/Desktop/Melvin/drone_cage_control-main/install/interfaces/lib/libinterfaces__rosidl_typesupport_c.so
[3.768s] -- Set runtime path of "/home/rovteam/Desktop/Melvin/drone_cage_control-main/install/interfaces/lib/libinterfaces__rosidl_typesupport_c.so" to ""
[3.768s] -- Installing: /home/rovteam/Desktop/Melvin/drone_cage_control-main/install/interfaces/lib/libinterfaces__rosidl_typesupport_fastrtps_cpp.so
[3.768s] -- Set runtime path of "/home/rovteam/Desktop/Melvin/drone_cage_control-main/install/interfaces/lib/libinterfaces__rosidl_typesupport_fastrtps_cpp.so" to ""
[3.768s] -- Installing: /home/rovteam/Desktop/Melvin/drone_cage_control-main/install/interfaces/lib/libinterfaces__rosidl_typesupport_introspection_cpp.so
[3.768s] -- Set runtime path of "/home/rovteam/Desktop/Melvin/drone_cage_control-main/install/interfaces/lib/libinterfaces__rosidl_typesupport_introspection_cpp.so" to ""
[3.768s] -- Installing: /home/rovteam/Desktop/Melvin/drone_cage_control-main/install/interfaces/lib/libinterfaces__rosidl_typesupport_cpp.so
[3.768s] -- Set runtime path of "/home/rovteam/Desktop/Melvin/drone_cage_control-main/install/interfaces/lib/libinterfaces__rosidl_typesupport_cpp.so" to ""
[3.788s] Listing '/home/rovteam/Desktop/Melvin/drone_cage_control-main/install/interfaces/local/lib/python3.10/dist-packages/interfaces'...
[3.788s] Compiling '/home/rovteam/Desktop/Melvin/drone_cage_control-main/install/interfaces/local/lib/python3.10/dist-packages/interfaces/__init__.py'...
[3.788s] Listing '/home/rovteam/Desktop/Melvin/drone_cage_control-main/install/interfaces/local/lib/python3.10/dist-packages/interfaces/msg'...
[3.788s] Compiling '/home/rovteam/Desktop/Melvin/drone_cage_control-main/install/interfaces/local/lib/python3.10/dist-packages/interfaces/msg/__init__.py'...
[3.789s] Compiling '/home/rovteam/Desktop/Melvin/drone_cage_control-main/install/interfaces/local/lib/python3.10/dist-packages/interfaces/msg/_control_applied.py'...
[3.789s] Compiling '/home/rovteam/Desktop/Melvin/drone_cage_control-main/install/interfaces/local/lib/python3.10/dist-packages/interfaces/msg/_elrs_command.py'...
[3.789s] Compiling '/home/rovteam/Desktop/Melvin/drone_cage_control-main/install/interfaces/local/lib/python3.10/dist-packages/interfaces/msg/_inverted_pendulum_states.py'...
[3.789s] Compiling '/home/rovteam/Desktop/Melvin/drone_cage_control-main/install/interfaces/local/lib/python3.10/dist-packages/interfaces/msg/_motion_capture_state.py'...
[3.789s] Compiling '/home/rovteam/Desktop/Melvin/drone_cage_control-main/install/interfaces/local/lib/python3.10/dist-packages/interfaces/msg/_telemetry.py'...
[3.789s] Listing '/home/rovteam/Desktop/Melvin/drone_cage_control-main/install/interfaces/local/lib/python3.10/dist-packages/interfaces/srv'...
[3.789s] Compiling '/home/rovteam/Desktop/Melvin/drone_cage_control-main/install/interfaces/local/lib/python3.10/dist-packages/interfaces/srv/__init__.py'...
[3.789s] Compiling '/home/rovteam/Desktop/Melvin/drone_cage_control-main/install/interfaces/local/lib/python3.10/dist-packages/interfaces/srv/_set_arming.py'...
[3.791s] -- Installing: /home/rovteam/Desktop/Melvin/drone_cage_control-main/install/interfaces/lib/libinterfaces__rosidl_generator_py.so
[3.791s] -- Set runtime path of "/home/rovteam/Desktop/Melvin/drone_cage_control-main/install/interfaces/lib/libinterfaces__rosidl_generator_py.so" to ""
[3.791s] -- Installing: /home/rovteam/Desktop/Melvin/drone_cage_control-main/install/interfaces/share/interfaces/cmake/export_interfaces__rosidl_generator_cExport.cmake
[3.791s] -- Installing: /home/rovteam/Desktop/Melvin/drone_cage_control-main/install/interfaces/share/interfaces/cmake/export_interfaces__rosidl_generator_cExport-noconfig.cmake
[3.791s] -- Installing: /home/rovteam/Desktop/Melvin/drone_cage_control-main/install/interfaces/share/interfaces/cmake/export_interfaces__rosidl_typesupport_fastrtps_cExport.cmake
[3.791s] -- Installing: /home/rovteam/Desktop/Melvin/drone_cage_control-main/install/interfaces/share/interfaces/cmake/export_interfaces__rosidl_typesupport_fastrtps_cExport-noconfig.cmake
[3.791s] -- Installing: /home/rovteam/Desktop/Melvin/drone_cage_control-main/install/interfaces/share/interfaces/cmake/interfaces__rosidl_typesupport_introspection_cExport.cmake
[3.791s] -- Installing: /home/rovteam/Desktop/Melvin/drone_cage_control-main/install/interfaces/share/interfaces/cmake/interfaces__rosidl_typesupport_introspection_cExport-noconfig.cmake
[3.791s] -- Installing: /home/rovteam/Desktop/Melvin/drone_cage_control-main/install/interfaces/share/interfaces/cmake/interfaces__rosidl_typesupport_cExport.cmake
[3.791s] -- Installing: /home/rovteam/Desktop/Melvin/drone_cage_control-main/install/interfaces/share/interfaces/cmake/interfaces__rosidl_typesupport_cExport-noconfig.cmake
[3.791s] -- Installing: /home/rovteam/Desktop/Melvin/drone_cage_control-main/install/interfaces/share/interfaces/cmake/export_interfaces__rosidl_generator_cppExport.cmake
[3.791s] -- Installing: /home/rovteam/Desktop/Melvin/drone_cage_control-main/install/interfaces/share/interfaces/cmake/export_interfaces__rosidl_typesupport_fastrtps_cppExport.cmake
[3.791s] -- Installing: /home/rovteam/Desktop/Melvin/drone_cage_control-main/install/interfaces/share/interfaces/cmake/export_interfaces__rosidl_typesupport_fastrtps_cppExport-noconfig.cmake
[3.791s] -- Installing: /home/rovteam/Desktop/Melvin/drone_cage_control-main/install/interfaces/share/interfaces/cmake/interfaces__rosidl_typesupport_introspection_cppExport.cmake
[3.791s] -- Installing: /home/rovteam/Desktop/Melvin/drone_cage_control-main/install/interfaces/share/interfaces/cmake/interfaces__rosidl_typesupport_introspection_cppExport-noconfig.cmake
[3.791s] -- Installing: /home/rovteam/Desktop/Melvin/drone_cage_control-main/install/interfaces/share/interfaces/cmake/interfaces__rosidl_typesupport_cppExport.cmake
[3.791s] -- Installing: /home/rovteam/Desktop/Melvin/drone_cage_control-main/install/interfaces/share/interfaces/cmake/interfaces__rosidl_typesupport_cppExport-noconfig.cmake
[3.791s] -- Installing: /home/rovteam/Desktop/Melvin/drone_cage_control-main/install/interfaces/share/interfaces/cmake/export_interfaces__rosidl_generator_pyExport.cmake
[3.792s] -- Installing: /home/rovteam/Desktop/Melvin/drone_cage_control-main/install/interfaces/share/interfaces/cmake/export_interfaces__rosidl_generator_pyExport-noconfig.cmake
[3.793s] Invoked command in '/home/rovteam/Desktop/Melvin/drone_cage_control-main/build/interfaces' returned '0': CMAKE_PREFIX_PATH=/opt/ros/humble /usr/bin/cmake --install /home/rovteam/Desktop/Melvin/drone_cage_control-main/build/interfaces
