[35m[1mConsolidate compiler generated dependencies of target interfaces__rosidl_generator_c[0m
[  1%] Built target interfaces__cpp
[  1%] Built target ament_cmake_python_symlink_interfaces
[ 12%] Built target interfaces__rosidl_generator_c
[35m[1mConsolidate compiler generated dependencies of target interfaces__rosidl_typesupport_introspection_cpp[0m
[35m[1mConsolidate compiler generated dependencies of target interfaces__rosidl_typesupport_cpp[0m
[35m[1mConsolidate compiler generated dependencies of target interfaces__rosidl_typesupport_fastrtps_cpp[0m
[35m[1mConsolidate compiler generated dependencies of target interfaces__rosidl_typesupport_c[0m
[35m[1mConsolidate compiler generated dependencies of target interfaces__rosidl_typesupport_introspection_c[0m
[35m[1mConsolidate compiler generated dependencies of target interfaces__rosidl_typesupport_fastrtps_c[0m
[ 35%] Built target interfaces__rosidl_typesupport_cpp
[ 35%] Built target interfaces__rosidl_typesupport_c
[ 46%] Built target interfaces__rosidl_typesupport_introspection_cpp
[ 57%] Built target interfaces__rosidl_typesupport_introspection_c
[ 69%] Built target interfaces__rosidl_typesupport_fastrtps_cpp
[ 80%] Built target interfaces__rosidl_typesupport_fastrtps_c
[ 80%] Built target interfaces
[ 81%] Built target interfaces__py
[35m[1mConsolidate compiler generated dependencies of target interfaces__rosidl_generator_py[0m
[ 91%] Built target interfaces__rosidl_generator_py
[35m[1mConsolidate compiler generated dependencies of target interfaces__rosidl_typesupport_fastrtps_c__pyext[0m
[35m[1mConsolidate compiler generated dependencies of target interfaces__rosidl_typesupport_c__pyext[0m
[35m[1mConsolidate compiler generated dependencies of target interfaces__rosidl_typesupport_introspection_c__pyext[0m
[ 94%] Built target interfaces__rosidl_typesupport_fastrtps_c__pyext
[100%] Built target interfaces__rosidl_typesupport_introspection_c__pyext
[100%] Built target interfaces__rosidl_typesupport_c__pyext
running egg_info
writing interfaces.egg-info/PKG-INFO
writing dependency_links to interfaces.egg-info/dependency_links.txt
writing top-level names to interfaces.egg-info/top_level.txt
reading manifest file 'interfaces.egg-info/SOURCES.txt'
writing manifest file 'interfaces.egg-info/SOURCES.txt'
[100%] Built target ament_cmake_python_build_interfaces_egg
-- Install configuration: ""
-- Execute custom install script
-- Up-to-date symlink: /home/rovteam/Desktop/Melvin/drone_cage_control-main/install/interfaces/share/ament_index/resource_index/rosidl_interfaces/interfaces
-- Up-to-date symlink: /home/rovteam/Desktop/Melvin/drone_cage_control-main/install/interfaces/include/interfaces/interfaces/msg/control_applied.h
-- Up-to-date symlink: /home/rovteam/Desktop/Melvin/drone_cage_control-main/install/interfaces/include/interfaces/interfaces/msg/detail/control_applied__functions.h
-- Up-to-date symlink: /home/rovteam/Desktop/Melvin/drone_cage_control-main/install/interfaces/include/interfaces/interfaces/msg/detail/control_applied__struct.h
-- Up-to-date symlink: /home/rovteam/Desktop/Melvin/drone_cage_control-main/install/interfaces/include/interfaces/interfaces/msg/detail/control_applied__type_support.h
-- Up-to-date symlink: /home/rovteam/Desktop/Melvin/drone_cage_control-main/install/interfaces/include/interfaces/interfaces/msg/detail/elrs_command__functions.h
-- Up-to-date symlink: /home/rovteam/Desktop/Melvin/drone_cage_control-main/install/interfaces/include/interfaces/interfaces/msg/detail/elrs_command__struct.h
-- Up-to-date symlink: /home/rovteam/Desktop/Melvin/drone_cage_control-main/install/interfaces/include/interfaces/interfaces/msg/detail/elrs_command__type_support.h
-- Up-to-date symlink: /home/rovteam/Desktop/Melvin/drone_cage_control-main/install/interfaces/include/interfaces/interfaces/msg/detail/inverted_pendulum_states__functions.h
-- Up-to-date symlink: /home/rovteam/Desktop/Melvin/drone_cage_control-main/install/interfaces/include/interfaces/interfaces/msg/detail/inverted_pendulum_states__struct.h
-- Up-to-date symlink: /home/rovteam/Desktop/Melvin/drone_cage_control-main/install/interfaces/include/interfaces/interfaces/msg/detail/inverted_pendulum_states__type_support.h
-- Up-to-date symlink: /home/rovteam/Desktop/Melvin/drone_cage_control-main/install/interfaces/include/interfaces/interfaces/msg/detail/motion_capture_state__functions.h
-- Up-to-date symlink: /home/rovteam/Desktop/Melvin/drone_cage_control-main/install/interfaces/include/interfaces/interfaces/msg/detail/motion_capture_state__struct.h
-- Up-to-date symlink: /home/rovteam/Desktop/Melvin/drone_cage_control-main/install/interfaces/include/interfaces/interfaces/msg/detail/motion_capture_state__type_support.h
-- Up-to-date symlink: /home/rovteam/Desktop/Melvin/drone_cage_control-main/install/interfaces/include/interfaces/interfaces/msg/detail/telemetry__functions.h
-- Up-to-date symlink: /home/rovteam/Desktop/Melvin/drone_cage_control-main/install/interfaces/include/interfaces/interfaces/msg/detail/telemetry__struct.h
-- Up-to-date symlink: /home/rovteam/Desktop/Melvin/drone_cage_control-main/install/interfaces/include/interfaces/interfaces/msg/detail/telemetry__type_support.h
-- Up-to-date symlink: /home/rovteam/Desktop/Melvin/drone_cage_control-main/install/interfaces/include/interfaces/interfaces/msg/elrs_command.h
-- Up-to-date symlink: /home/rovteam/Desktop/Melvin/drone_cage_control-main/install/interfaces/include/interfaces/interfaces/msg/inverted_pendulum_states.h
-- Up-to-date symlink: /home/rovteam/Desktop/Melvin/drone_cage_control-main/install/interfaces/include/interfaces/interfaces/msg/motion_capture_state.h
-- Up-to-date symlink: /home/rovteam/Desktop/Melvin/drone_cage_control-main/install/interfaces/include/interfaces/interfaces/msg/rosidl_generator_c__visibility_control.h
-- Up-to-date symlink: /home/rovteam/Desktop/Melvin/drone_cage_control-main/install/interfaces/include/interfaces/interfaces/msg/telemetry.h
-- Up-to-date symlink: /home/rovteam/Desktop/Melvin/drone_cage_control-main/install/interfaces/include/interfaces/interfaces/srv/detail/set_arming__functions.h
-- Up-to-date symlink: /home/rovteam/Desktop/Melvin/drone_cage_control-main/install/interfaces/include/interfaces/interfaces/srv/detail/set_arming__struct.h
-- Up-to-date symlink: /home/rovteam/Desktop/Melvin/drone_cage_control-main/install/interfaces/include/interfaces/interfaces/srv/detail/set_arming__type_support.h
-- Up-to-date symlink: /home/rovteam/Desktop/Melvin/drone_cage_control-main/install/interfaces/include/interfaces/interfaces/srv/set_arming.h
-- Up-to-date symlink: /home/rovteam/Desktop/Melvin/drone_cage_control-main/install/interfaces/share/interfaces/environment/library_path.sh
-- Up-to-date symlink: /home/rovteam/Desktop/Melvin/drone_cage_control-main/install/interfaces/share/interfaces/environment/library_path.dsv
-- Up-to-date symlink: /home/rovteam/Desktop/Melvin/drone_cage_control-main/install/interfaces/include/interfaces/interfaces/msg/detail/control_applied__rosidl_typesupport_fastrtps_c.h
-- Up-to-date symlink: /home/rovteam/Desktop/Melvin/drone_cage_control-main/install/interfaces/include/interfaces/interfaces/msg/detail/elrs_command__rosidl_typesupport_fastrtps_c.h
-- Up-to-date symlink: /home/rovteam/Desktop/Melvin/drone_cage_control-main/install/interfaces/include/interfaces/interfaces/msg/detail/inverted_pendulum_states__rosidl_typesupport_fastrtps_c.h
-- Up-to-date symlink: /home/rovteam/Desktop/Melvin/drone_cage_control-main/install/interfaces/include/interfaces/interfaces/msg/detail/motion_capture_state__rosidl_typesupport_fastrtps_c.h
-- Up-to-date symlink: /home/rovteam/Desktop/Melvin/drone_cage_control-main/install/interfaces/include/interfaces/interfaces/msg/detail/telemetry__rosidl_typesupport_fastrtps_c.h
-- Up-to-date symlink: /home/rovteam/Desktop/Melvin/drone_cage_control-main/install/interfaces/include/interfaces/interfaces/msg/rosidl_typesupport_fastrtps_c__visibility_control.h
-- Up-to-date symlink: /home/rovteam/Desktop/Melvin/drone_cage_control-main/install/interfaces/include/interfaces/interfaces/srv/detail/set_arming__rosidl_typesupport_fastrtps_c.h
-- Up-to-date symlink: /home/rovteam/Desktop/Melvin/drone_cage_control-main/install/interfaces/include/interfaces/interfaces/msg/detail/control_applied__rosidl_typesupport_introspection_c.h
-- Up-to-date symlink: /home/rovteam/Desktop/Melvin/drone_cage_control-main/install/interfaces/include/interfaces/interfaces/msg/detail/elrs_command__rosidl_typesupport_introspection_c.h
-- Up-to-date symlink: /home/rovteam/Desktop/Melvin/drone_cage_control-main/install/interfaces/include/interfaces/interfaces/msg/detail/inverted_pendulum_states__rosidl_typesupport_introspection_c.h
-- Up-to-date symlink: /home/rovteam/Desktop/Melvin/drone_cage_control-main/install/interfaces/include/interfaces/interfaces/msg/detail/motion_capture_state__rosidl_typesupport_introspection_c.h
-- Up-to-date symlink: /home/rovteam/Desktop/Melvin/drone_cage_control-main/install/interfaces/include/interfaces/interfaces/msg/detail/telemetry__rosidl_typesupport_introspection_c.h
-- Up-to-date symlink: /home/rovteam/Desktop/Melvin/drone_cage_control-main/install/interfaces/include/interfaces/interfaces/msg/rosidl_typesupport_introspection_c__visibility_control.h
-- Up-to-date symlink: /home/rovteam/Desktop/Melvin/drone_cage_control-main/install/interfaces/include/interfaces/interfaces/srv/detail/set_arming__rosidl_typesupport_introspection_c.h
-- Up-to-date symlink: /home/rovteam/Desktop/Melvin/drone_cage_control-main/install/interfaces/include/interfaces/interfaces/msg/control_applied.hpp
-- Up-to-date symlink: /home/rovteam/Desktop/Melvin/drone_cage_control-main/install/interfaces/include/interfaces/interfaces/msg/detail/control_applied__builder.hpp
-- Up-to-date symlink: /home/rovteam/Desktop/Melvin/drone_cage_control-main/install/interfaces/include/interfaces/interfaces/msg/detail/control_applied__struct.hpp
-- Up-to-date symlink: /home/rovteam/Desktop/Melvin/drone_cage_control-main/install/interfaces/include/interfaces/interfaces/msg/detail/control_applied__traits.hpp
-- Up-to-date symlink: /home/rovteam/Desktop/Melvin/drone_cage_control-main/install/interfaces/include/interfaces/interfaces/msg/detail/control_applied__type_support.hpp
-- Up-to-date symlink: /home/rovteam/Desktop/Melvin/drone_cage_control-main/install/interfaces/include/interfaces/interfaces/msg/detail/elrs_command__builder.hpp
-- Up-to-date symlink: /home/rovteam/Desktop/Melvin/drone_cage_control-main/install/interfaces/include/interfaces/interfaces/msg/detail/elrs_command__struct.hpp
-- Up-to-date symlink: /home/rovteam/Desktop/Melvin/drone_cage_control-main/install/interfaces/include/interfaces/interfaces/msg/detail/elrs_command__traits.hpp
-- Up-to-date symlink: /home/rovteam/Desktop/Melvin/drone_cage_control-main/install/interfaces/include/interfaces/interfaces/msg/detail/elrs_command__type_support.hpp
-- Up-to-date symlink: /home/rovteam/Desktop/Melvin/drone_cage_control-main/install/interfaces/include/interfaces/interfaces/msg/detail/inverted_pendulum_states__builder.hpp
-- Up-to-date symlink: /home/rovteam/Desktop/Melvin/drone_cage_control-main/install/interfaces/include/interfaces/interfaces/msg/detail/inverted_pendulum_states__struct.hpp
-- Up-to-date symlink: /home/rovteam/Desktop/Melvin/drone_cage_control-main/install/interfaces/include/interfaces/interfaces/msg/detail/inverted_pendulum_states__traits.hpp
-- Up-to-date symlink: /home/rovteam/Desktop/Melvin/drone_cage_control-main/install/interfaces/include/interfaces/interfaces/msg/detail/inverted_pendulum_states__type_support.hpp
-- Up-to-date symlink: /home/rovteam/Desktop/Melvin/drone_cage_control-main/install/interfaces/include/interfaces/interfaces/msg/detail/motion_capture_state__builder.hpp
-- Up-to-date symlink: /home/rovteam/Desktop/Melvin/drone_cage_control-main/install/interfaces/include/interfaces/interfaces/msg/detail/motion_capture_state__struct.hpp
-- Up-to-date symlink: /home/rovteam/Desktop/Melvin/drone_cage_control-main/install/interfaces/include/interfaces/interfaces/msg/detail/motion_capture_state__traits.hpp
-- Up-to-date symlink: /home/rovteam/Desktop/Melvin/drone_cage_control-main/install/interfaces/include/interfaces/interfaces/msg/detail/motion_capture_state__type_support.hpp
-- Up-to-date symlink: /home/rovteam/Desktop/Melvin/drone_cage_control-main/install/interfaces/include/interfaces/interfaces/msg/detail/telemetry__builder.hpp
-- Up-to-date symlink: /home/rovteam/Desktop/Melvin/drone_cage_control-main/install/interfaces/include/interfaces/interfaces/msg/detail/telemetry__struct.hpp
-- Up-to-date symlink: /home/rovteam/Desktop/Melvin/drone_cage_control-main/install/interfaces/include/interfaces/interfaces/msg/detail/telemetry__traits.hpp
-- Up-to-date symlink: /home/rovteam/Desktop/Melvin/drone_cage_control-main/install/interfaces/include/interfaces/interfaces/msg/detail/telemetry__type_support.hpp
-- Up-to-date symlink: /home/rovteam/Desktop/Melvin/drone_cage_control-main/install/interfaces/include/interfaces/interfaces/msg/elrs_command.hpp
-- Up-to-date symlink: /home/rovteam/Desktop/Melvin/drone_cage_control-main/install/interfaces/include/interfaces/interfaces/msg/inverted_pendulum_states.hpp
-- Up-to-date symlink: /home/rovteam/Desktop/Melvin/drone_cage_control-main/install/interfaces/include/interfaces/interfaces/msg/motion_capture_state.hpp
-- Up-to-date symlink: /home/rovteam/Desktop/Melvin/drone_cage_control-main/install/interfaces/include/interfaces/interfaces/msg/rosidl_generator_cpp__visibility_control.hpp
-- Up-to-date symlink: /home/rovteam/Desktop/Melvin/drone_cage_control-main/install/interfaces/include/interfaces/interfaces/msg/telemetry.hpp
-- Up-to-date symlink: /home/rovteam/Desktop/Melvin/drone_cage_control-main/install/interfaces/include/interfaces/interfaces/srv/detail/set_arming__builder.hpp
-- Up-to-date symlink: /home/rovteam/Desktop/Melvin/drone_cage_control-main/install/interfaces/include/interfaces/interfaces/srv/detail/set_arming__struct.hpp
-- Up-to-date symlink: /home/rovteam/Desktop/Melvin/drone_cage_control-main/install/interfaces/include/interfaces/interfaces/srv/detail/set_arming__traits.hpp
-- Up-to-date symlink: /home/rovteam/Desktop/Melvin/drone_cage_control-main/install/interfaces/include/interfaces/interfaces/srv/detail/set_arming__type_support.hpp
-- Up-to-date symlink: /home/rovteam/Desktop/Melvin/drone_cage_control-main/install/interfaces/include/interfaces/interfaces/srv/set_arming.hpp
-- Up-to-date symlink: /home/rovteam/Desktop/Melvin/drone_cage_control-main/install/interfaces/include/interfaces/interfaces/msg/detail/control_applied__rosidl_typesupport_fastrtps_cpp.hpp
-- Up-to-date symlink: /home/rovteam/Desktop/Melvin/drone_cage_control-main/install/interfaces/include/interfaces/interfaces/msg/detail/elrs_command__rosidl_typesupport_fastrtps_cpp.hpp
-- Up-to-date symlink: /home/rovteam/Desktop/Melvin/drone_cage_control-main/install/interfaces/include/interfaces/interfaces/msg/detail/inverted_pendulum_states__rosidl_typesupport_fastrtps_cpp.hpp
-- Up-to-date symlink: /home/rovteam/Desktop/Melvin/drone_cage_control-main/install/interfaces/include/interfaces/interfaces/msg/detail/motion_capture_state__rosidl_typesupport_fastrtps_cpp.hpp
-- Up-to-date symlink: /home/rovteam/Desktop/Melvin/drone_cage_control-main/install/interfaces/include/interfaces/interfaces/msg/detail/telemetry__rosidl_typesupport_fastrtps_cpp.hpp
-- Up-to-date symlink: /home/rovteam/Desktop/Melvin/drone_cage_control-main/install/interfaces/include/interfaces/interfaces/msg/rosidl_typesupport_fastrtps_cpp__visibility_control.h
-- Up-to-date symlink: /home/rovteam/Desktop/Melvin/drone_cage_control-main/install/interfaces/include/interfaces/interfaces/srv/detail/set_arming__rosidl_typesupport_fastrtps_cpp.hpp
-- Up-to-date symlink: /home/rovteam/Desktop/Melvin/drone_cage_control-main/install/interfaces/include/interfaces/interfaces/msg/detail/control_applied__rosidl_typesupport_introspection_cpp.hpp
-- Up-to-date symlink: /home/rovteam/Desktop/Melvin/drone_cage_control-main/install/interfaces/include/interfaces/interfaces/msg/detail/elrs_command__rosidl_typesupport_introspection_cpp.hpp
-- Up-to-date symlink: /home/rovteam/Desktop/Melvin/drone_cage_control-main/install/interfaces/include/interfaces/interfaces/msg/detail/inverted_pendulum_states__rosidl_typesupport_introspection_cpp.hpp
-- Up-to-date symlink: /home/rovteam/Desktop/Melvin/drone_cage_control-main/install/interfaces/include/interfaces/interfaces/msg/detail/motion_capture_state__rosidl_typesupport_introspection_cpp.hpp
-- Up-to-date symlink: /home/rovteam/Desktop/Melvin/drone_cage_control-main/install/interfaces/include/interfaces/interfaces/msg/detail/telemetry__rosidl_typesupport_introspection_cpp.hpp
-- Up-to-date symlink: /home/rovteam/Desktop/Melvin/drone_cage_control-main/install/interfaces/include/interfaces/interfaces/srv/detail/set_arming__rosidl_typesupport_introspection_cpp.hpp
-- Up-to-date symlink: /home/rovteam/Desktop/Melvin/drone_cage_control-main/install/interfaces/share/interfaces/environment/pythonpath.sh
-- Up-to-date symlink: /home/rovteam/Desktop/Melvin/drone_cage_control-main/install/interfaces/share/interfaces/environment/pythonpath.dsv
-- Up-to-date symlink: /home/rovteam/Desktop/Melvin/drone_cage_control-main/install/interfaces/local/lib/python3.10/dist-packages/interfaces-0.0.0-py3.10.egg-info/PKG-INFO
-- Up-to-date symlink: /home/rovteam/Desktop/Melvin/drone_cage_control-main/install/interfaces/local/lib/python3.10/dist-packages/interfaces-0.0.0-py3.10.egg-info/SOURCES.txt
-- Up-to-date symlink: /home/rovteam/Desktop/Melvin/drone_cage_control-main/install/interfaces/local/lib/python3.10/dist-packages/interfaces-0.0.0-py3.10.egg-info/dependency_links.txt
-- Up-to-date symlink: /home/rovteam/Desktop/Melvin/drone_cage_control-main/install/interfaces/local/lib/python3.10/dist-packages/interfaces-0.0.0-py3.10.egg-info/top_level.txt
-- Up-to-date symlink: /home/rovteam/Desktop/Melvin/drone_cage_control-main/install/interfaces/local/lib/python3.10/dist-packages/interfaces/__init__.py
-- Up-to-date symlink: /home/rovteam/Desktop/Melvin/drone_cage_control-main/install/interfaces/local/lib/python3.10/dist-packages/interfaces/_interfaces_s.ep.rosidl_typesupport_c.c
-- Up-to-date symlink: /home/rovteam/Desktop/Melvin/drone_cage_control-main/install/interfaces/local/lib/python3.10/dist-packages/interfaces/_interfaces_s.ep.rosidl_typesupport_fastrtps_c.c
-- Up-to-date symlink: /home/rovteam/Desktop/Melvin/drone_cage_control-main/install/interfaces/local/lib/python3.10/dist-packages/interfaces/_interfaces_s.ep.rosidl_typesupport_introspection_c.c
-- Up-to-date symlink: /home/rovteam/Desktop/Melvin/drone_cage_control-main/install/interfaces/local/lib/python3.10/dist-packages/interfaces/interfaces_s__rosidl_typesupport_c.cpython-310-x86_64-linux-gnu.so
-- Up-to-date symlink: /home/rovteam/Desktop/Melvin/drone_cage_control-main/install/interfaces/local/lib/python3.10/dist-packages/interfaces/interfaces_s__rosidl_typesupport_fastrtps_c.cpython-310-x86_64-linux-gnu.so
-- Up-to-date symlink: /home/rovteam/Desktop/Melvin/drone_cage_control-main/install/interfaces/local/lib/python3.10/dist-packages/interfaces/interfaces_s__rosidl_typesupport_introspection_c.cpython-310-x86_64-linux-gnu.so
-- Up-to-date symlink: /home/rovteam/Desktop/Melvin/drone_cage_control-main/install/interfaces/local/lib/python3.10/dist-packages/interfaces/libinterfaces__rosidl_generator_py.so
-- Up-to-date symlink: /home/rovteam/Desktop/Melvin/drone_cage_control-main/install/interfaces/local/lib/python3.10/dist-packages/interfaces/msg/__init__.py
-- Up-to-date symlink: /home/rovteam/Desktop/Melvin/drone_cage_control-main/install/interfaces/local/lib/python3.10/dist-packages/interfaces/msg/_control_applied.py
-- Up-to-date symlink: /home/rovteam/Desktop/Melvin/drone_cage_control-main/install/interfaces/local/lib/python3.10/dist-packages/interfaces/msg/_control_applied_s.c
-- Up-to-date symlink: /home/rovteam/Desktop/Melvin/drone_cage_control-main/install/interfaces/local/lib/python3.10/dist-packages/interfaces/msg/_elrs_command.py
-- Up-to-date symlink: /home/rovteam/Desktop/Melvin/drone_cage_control-main/install/interfaces/local/lib/python3.10/dist-packages/interfaces/msg/_elrs_command_s.c
-- Up-to-date symlink: /home/rovteam/Desktop/Melvin/drone_cage_control-main/install/interfaces/local/lib/python3.10/dist-packages/interfaces/msg/_inverted_pendulum_states.py
-- Up-to-date symlink: /home/rovteam/Desktop/Melvin/drone_cage_control-main/install/interfaces/local/lib/python3.10/dist-packages/interfaces/msg/_inverted_pendulum_states_s.c
-- Up-to-date symlink: /home/rovteam/Desktop/Melvin/drone_cage_control-main/install/interfaces/local/lib/python3.10/dist-packages/interfaces/msg/_motion_capture_state.py
-- Up-to-date symlink: /home/rovteam/Desktop/Melvin/drone_cage_control-main/install/interfaces/local/lib/python3.10/dist-packages/interfaces/msg/_motion_capture_state_s.c
-- Up-to-date symlink: /home/rovteam/Desktop/Melvin/drone_cage_control-main/install/interfaces/local/lib/python3.10/dist-packages/interfaces/msg/_telemetry.py
-- Up-to-date symlink: /home/rovteam/Desktop/Melvin/drone_cage_control-main/install/interfaces/local/lib/python3.10/dist-packages/interfaces/msg/_telemetry_s.c
-- Up-to-date symlink: /home/rovteam/Desktop/Melvin/drone_cage_control-main/install/interfaces/local/lib/python3.10/dist-packages/interfaces/srv/__init__.py
-- Up-to-date symlink: /home/rovteam/Desktop/Melvin/drone_cage_control-main/install/interfaces/local/lib/python3.10/dist-packages/interfaces/srv/_set_arming.py
-- Up-to-date symlink: /home/rovteam/Desktop/Melvin/drone_cage_control-main/install/interfaces/local/lib/python3.10/dist-packages/interfaces/srv/_set_arming_s.c
-- Up-to-date symlink: /home/rovteam/Desktop/Melvin/drone_cage_control-main/install/interfaces/local/lib/python3.10/dist-packages/interfaces/interfaces_s__rosidl_typesupport_fastrtps_c.cpython-310-x86_64-linux-gnu.so
-- Up-to-date symlink: /home/rovteam/Desktop/Melvin/drone_cage_control-main/install/interfaces/local/lib/python3.10/dist-packages/interfaces/interfaces_s__rosidl_typesupport_introspection_c.cpython-310-x86_64-linux-gnu.so
-- Up-to-date symlink: /home/rovteam/Desktop/Melvin/drone_cage_control-main/install/interfaces/local/lib/python3.10/dist-packages/interfaces/interfaces_s__rosidl_typesupport_c.cpython-310-x86_64-linux-gnu.so
-- Up-to-date symlink: /home/rovteam/Desktop/Melvin/drone_cage_control-main/install/interfaces/share/interfaces/msg/MotionCaptureState.idl
-- Up-to-date symlink: /home/rovteam/Desktop/Melvin/drone_cage_control-main/install/interfaces/share/interfaces/msg/ELRSCommand.idl
-- Up-to-date symlink: /home/rovteam/Desktop/Melvin/drone_cage_control-main/install/interfaces/share/interfaces/msg/Telemetry.idl
-- Up-to-date symlink: /home/rovteam/Desktop/Melvin/drone_cage_control-main/install/interfaces/share/interfaces/msg/InvertedPendulumStates.idl
-- Up-to-date symlink: /home/rovteam/Desktop/Melvin/drone_cage_control-main/install/interfaces/share/interfaces/msg/ControlApplied.idl
-- Up-to-date symlink: /home/rovteam/Desktop/Melvin/drone_cage_control-main/install/interfaces/share/interfaces/srv/SetArming.idl
-- Up-to-date symlink: /home/rovteam/Desktop/Melvin/drone_cage_control-main/install/interfaces/share/interfaces/msg/MotionCaptureState.msg
-- Up-to-date symlink: /home/rovteam/Desktop/Melvin/drone_cage_control-main/install/interfaces/share/interfaces/msg/ELRSCommand.msg
-- Up-to-date symlink: /home/rovteam/Desktop/Melvin/drone_cage_control-main/install/interfaces/share/interfaces/msg/Telemetry.msg
-- Up-to-date symlink: /home/rovteam/Desktop/Melvin/drone_cage_control-main/install/interfaces/share/interfaces/msg/InvertedPendulumStates.msg
-- Up-to-date symlink: /home/rovteam/Desktop/Melvin/drone_cage_control-main/install/interfaces/share/interfaces/msg/ControlApplied.msg
-- Up-to-date symlink: /home/rovteam/Desktop/Melvin/drone_cage_control-main/install/interfaces/share/interfaces/srv/SetArming.srv
-- Up-to-date symlink: /home/rovteam/Desktop/Melvin/drone_cage_control-main/install/interfaces/share/interfaces/srv/SetArming_Request.msg
-- Up-to-date symlink: /home/rovteam/Desktop/Melvin/drone_cage_control-main/install/interfaces/share/interfaces/srv/SetArming_Response.msg
-- Up-to-date symlink: /home/rovteam/Desktop/Melvin/drone_cage_control-main/install/interfaces/share/ament_index/resource_index/package_run_dependencies/interfaces
-- Up-to-date symlink: /home/rovteam/Desktop/Melvin/drone_cage_control-main/install/interfaces/share/ament_index/resource_index/parent_prefix_path/interfaces
-- Up-to-date symlink: /home/rovteam/Desktop/Melvin/drone_cage_control-main/install/interfaces/share/interfaces/environment/ament_prefix_path.sh
-- Up-to-date symlink: /home/rovteam/Desktop/Melvin/drone_cage_control-main/install/interfaces/share/interfaces/environment/ament_prefix_path.dsv
-- Up-to-date symlink: /home/rovteam/Desktop/Melvin/drone_cage_control-main/install/interfaces/share/interfaces/environment/path.sh
-- Up-to-date symlink: /home/rovteam/Desktop/Melvin/drone_cage_control-main/install/interfaces/share/interfaces/environment/path.dsv
-- Up-to-date symlink: /home/rovteam/Desktop/Melvin/drone_cage_control-main/install/interfaces/share/interfaces/local_setup.bash
-- Up-to-date symlink: /home/rovteam/Desktop/Melvin/drone_cage_control-main/install/interfaces/share/interfaces/local_setup.sh
-- Up-to-date symlink: /home/rovteam/Desktop/Melvin/drone_cage_control-main/install/interfaces/share/interfaces/local_setup.zsh
-- Up-to-date symlink: /home/rovteam/Desktop/Melvin/drone_cage_control-main/install/interfaces/share/interfaces/local_setup.dsv
-- Symlinking: /home/rovteam/Desktop/Melvin/drone_cage_control-main/install/interfaces/share/interfaces/package.dsv
-- Up-to-date symlink: /home/rovteam/Desktop/Melvin/drone_cage_control-main/install/interfaces/share/ament_index/resource_index/packages/interfaces
-- Up-to-date symlink: /home/rovteam/Desktop/Melvin/drone_cage_control-main/install/interfaces/share/interfaces/cmake/rosidl_cmake-extras.cmake
-- Up-to-date symlink: /home/rovteam/Desktop/Melvin/drone_cage_control-main/install/interfaces/share/interfaces/cmake/ament_cmake_export_dependencies-extras.cmake
-- Up-to-date symlink: /home/rovteam/Desktop/Melvin/drone_cage_control-main/install/interfaces/share/interfaces/cmake/ament_cmake_export_include_directories-extras.cmake
-- Up-to-date symlink: /home/rovteam/Desktop/Melvin/drone_cage_control-main/install/interfaces/share/interfaces/cmake/ament_cmake_export_libraries-extras.cmake
-- Up-to-date symlink: /home/rovteam/Desktop/Melvin/drone_cage_control-main/install/interfaces/share/interfaces/cmake/ament_cmake_export_targets-extras.cmake
-- Up-to-date symlink: /home/rovteam/Desktop/Melvin/drone_cage_control-main/install/interfaces/share/interfaces/cmake/rosidl_cmake_export_typesupport_targets-extras.cmake
-- Up-to-date symlink: /home/rovteam/Desktop/Melvin/drone_cage_control-main/install/interfaces/share/interfaces/cmake/rosidl_cmake_export_typesupport_libraries-extras.cmake
-- Up-to-date symlink: /home/rovteam/Desktop/Melvin/drone_cage_control-main/install/interfaces/share/interfaces/cmake/interfacesConfig.cmake
-- Up-to-date symlink: /home/rovteam/Desktop/Melvin/drone_cage_control-main/install/interfaces/share/interfaces/cmake/interfacesConfig-version.cmake
-- Up-to-date symlink: /home/rovteam/Desktop/Melvin/drone_cage_control-main/install/interfaces/share/interfaces/package.xml
-- Up-to-date: /home/rovteam/Desktop/Melvin/drone_cage_control-main/install/interfaces/lib/libinterfaces__rosidl_generator_c.so
-- Up-to-date: /home/rovteam/Desktop/Melvin/drone_cage_control-main/install/interfaces/lib/libinterfaces__rosidl_typesupport_fastrtps_c.so
-- Up-to-date: /home/rovteam/Desktop/Melvin/drone_cage_control-main/install/interfaces/lib/libinterfaces__rosidl_typesupport_introspection_c.so
-- Up-to-date: /home/rovteam/Desktop/Melvin/drone_cage_control-main/install/interfaces/lib/libinterfaces__rosidl_typesupport_c.so
-- Up-to-date: /home/rovteam/Desktop/Melvin/drone_cage_control-main/install/interfaces/lib/libinterfaces__rosidl_typesupport_fastrtps_cpp.so
-- Up-to-date: /home/rovteam/Desktop/Melvin/drone_cage_control-main/install/interfaces/lib/libinterfaces__rosidl_typesupport_introspection_cpp.so
-- Up-to-date: /home/rovteam/Desktop/Melvin/drone_cage_control-main/install/interfaces/lib/libinterfaces__rosidl_typesupport_cpp.so
Listing '/home/rovteam/Desktop/Melvin/drone_cage_control-main/install/interfaces/local/lib/python3.10/dist-packages/interfaces'...
Listing '/home/rovteam/Desktop/Melvin/drone_cage_control-main/install/interfaces/local/lib/python3.10/dist-packages/interfaces/msg'...
Listing '/home/rovteam/Desktop/Melvin/drone_cage_control-main/install/interfaces/local/lib/python3.10/dist-packages/interfaces/srv'...
-- Up-to-date: /home/rovteam/Desktop/Melvin/drone_cage_control-main/install/interfaces/lib/libinterfaces__rosidl_generator_py.so
-- Up-to-date: /home/rovteam/Desktop/Melvin/drone_cage_control-main/install/interfaces/share/interfaces/cmake/export_interfaces__rosidl_generator_cExport.cmake
-- Up-to-date: /home/rovteam/Desktop/Melvin/drone_cage_control-main/install/interfaces/share/interfaces/cmake/export_interfaces__rosidl_generator_cExport-noconfig.cmake
-- Up-to-date: /home/rovteam/Desktop/Melvin/drone_cage_control-main/install/interfaces/share/interfaces/cmake/export_interfaces__rosidl_typesupport_fastrtps_cExport.cmake
-- Up-to-date: /home/rovteam/Desktop/Melvin/drone_cage_control-main/install/interfaces/share/interfaces/cmake/export_interfaces__rosidl_typesupport_fastrtps_cExport-noconfig.cmake
-- Up-to-date: /home/rovteam/Desktop/Melvin/drone_cage_control-main/install/interfaces/share/interfaces/cmake/interfaces__rosidl_typesupport_introspection_cExport.cmake
-- Up-to-date: /home/rovteam/Desktop/Melvin/drone_cage_control-main/install/interfaces/share/interfaces/cmake/interfaces__rosidl_typesupport_introspection_cExport-noconfig.cmake
-- Up-to-date: /home/rovteam/Desktop/Melvin/drone_cage_control-main/install/interfaces/share/interfaces/cmake/interfaces__rosidl_typesupport_cExport.cmake
-- Up-to-date: /home/rovteam/Desktop/Melvin/drone_cage_control-main/install/interfaces/share/interfaces/cmake/interfaces__rosidl_typesupport_cExport-noconfig.cmake
-- Up-to-date: /home/rovteam/Desktop/Melvin/drone_cage_control-main/install/interfaces/share/interfaces/cmake/export_interfaces__rosidl_generator_cppExport.cmake
-- Up-to-date: /home/rovteam/Desktop/Melvin/drone_cage_control-main/install/interfaces/share/interfaces/cmake/export_interfaces__rosidl_typesupport_fastrtps_cppExport.cmake
-- Up-to-date: /home/rovteam/Desktop/Melvin/drone_cage_control-main/install/interfaces/share/interfaces/cmake/export_interfaces__rosidl_typesupport_fastrtps_cppExport-noconfig.cmake
-- Up-to-date: /home/rovteam/Desktop/Melvin/drone_cage_control-main/install/interfaces/share/interfaces/cmake/interfaces__rosidl_typesupport_introspection_cppExport.cmake
-- Up-to-date: /home/rovteam/Desktop/Melvin/drone_cage_control-main/install/interfaces/share/interfaces/cmake/interfaces__rosidl_typesupport_introspection_cppExport-noconfig.cmake
-- Up-to-date: /home/rovteam/Desktop/Melvin/drone_cage_control-main/install/interfaces/share/interfaces/cmake/interfaces__rosidl_typesupport_cppExport.cmake
-- Up-to-date: /home/rovteam/Desktop/Melvin/drone_cage_control-main/install/interfaces/share/interfaces/cmake/interfaces__rosidl_typesupport_cppExport-noconfig.cmake
-- Up-to-date: /home/rovteam/Desktop/Melvin/drone_cage_control-main/install/interfaces/share/interfaces/cmake/export_interfaces__rosidl_generator_pyExport.cmake
-- Up-to-date: /home/rovteam/Desktop/Melvin/drone_cage_control-main/install/interfaces/share/interfaces/cmake/export_interfaces__rosidl_generator_pyExport-noconfig.cmake
