[0.031s] Invoking command in '/home/rovteam/Desktop/Melvin/drone_cage_control-main/build/interfaces': CMAKE_PREFIX_PATH=/opt/ros/humble /usr/bin/cmake --build /home/rovteam/Desktop/Melvin/drone_cage_control-main/build/interfaces -- -j28 -l28
[1.272s] [35m[1mConsolidate compiler generated dependencies of target interfaces__rosidl_generator_c[0m
[1.272s] [  1%] Built target interfaces__cpp
[1.272s] [  1%] Built target ament_cmake_python_symlink_interfaces
[1.272s] [ 12%] Built target interfaces__rosidl_generator_c
[1.272s] [35m[1mConsolidate compiler generated dependencies of target interfaces__rosidl_typesupport_introspection_cpp[0m
[1.272s] [35m[1mConsolidate compiler generated dependencies of target interfaces__rosidl_typesupport_cpp[0m
[1.272s] [35m[1mConsolidate compiler generated dependencies of target interfaces__rosidl_typesupport_fastrtps_cpp[0m
[1.272s] [35m[1mConsolidate compiler generated dependencies of target interfaces__rosidl_typesupport_c[0m
[1.272s] [35m[1mConsolidate compiler generated dependencies of target interfaces__rosidl_typesupport_introspection_c[0m
[1.272s] [35m[1mConsolidate compiler generated dependencies of target interfaces__rosidl_typesupport_fastrtps_c[0m
[1.272s] [ 35%] Built target interfaces__rosidl_typesupport_cpp
[1.272s] [ 35%] Built target interfaces__rosidl_typesupport_c
[1.272s] [ 46%] Built target interfaces__rosidl_typesupport_introspection_cpp
[1.272s] [ 57%] Built target interfaces__rosidl_typesupport_introspection_c
[1.272s] [ 69%] Built target interfaces__rosidl_typesupport_fastrtps_cpp
[1.272s] [ 80%] Built target interfaces__rosidl_typesupport_fastrtps_c
[1.272s] [ 80%] Built target interfaces
[1.272s] [ 81%] Built target interfaces__py
[1.272s] [35m[1mConsolidate compiler generated dependencies of target interfaces__rosidl_generator_py[0m
[1.272s] [ 91%] Built target interfaces__rosidl_generator_py
[1.272s] [35m[1mConsolidate compiler generated dependencies of target interfaces__rosidl_typesupport_fastrtps_c__pyext[0m
[1.272s] [35m[1mConsolidate compiler generated dependencies of target interfaces__rosidl_typesupport_c__pyext[0m
[1.272s] [35m[1mConsolidate compiler generated dependencies of target interfaces__rosidl_typesupport_introspection_c__pyext[0m
[1.272s] [ 94%] Built target interfaces__rosidl_typesupport_fastrtps_c__pyext
[1.272s] [100%] Built target interfaces__rosidl_typesupport_introspection_c__pyext
[1.273s] [100%] Built target interfaces__rosidl_typesupport_c__pyext
[1.273s] running egg_info
[1.273s] writing interfaces.egg-info/PKG-INFO
[1.273s] writing dependency_links to interfaces.egg-info/dependency_links.txt
[1.273s] writing top-level names to interfaces.egg-info/top_level.txt
[1.273s] reading manifest file 'interfaces.egg-info/SOURCES.txt'
[1.273s] writing manifest file 'interfaces.egg-info/SOURCES.txt'
[1.273s] [100%] Built target ament_cmake_python_build_interfaces_egg
[1.402s] Invoked command in '/home/rovteam/Desktop/Melvin/drone_cage_control-main/build/interfaces' returned '0': CMAKE_PREFIX_PATH=/opt/ros/humble /usr/bin/cmake --build /home/rovteam/Desktop/Melvin/drone_cage_control-main/build/interfaces -- -j28 -l28
[1.410s] Invoking command in '/home/rovteam/Desktop/Melvin/drone_cage_control-main/build/interfaces': CMAKE_PREFIX_PATH=/opt/ros/humble /usr/bin/cmake --install /home/rovteam/Desktop/Melvin/drone_cage_control-main/build/interfaces
[1.421s] -- Install configuration: ""
[1.421s] -- Execute custom install script
[1.421s] -- Up-to-date symlink: /home/rovteam/Desktop/Melvin/drone_cage_control-main/install/interfaces/share/ament_index/resource_index/rosidl_interfaces/interfaces
[1.421s] -- Up-to-date symlink: /home/rovteam/Desktop/Melvin/drone_cage_control-main/install/interfaces/include/interfaces/interfaces/msg/control_applied.h
[1.421s] -- Up-to-date symlink: /home/rovteam/Desktop/Melvin/drone_cage_control-main/install/interfaces/include/interfaces/interfaces/msg/detail/control_applied__functions.h
[1.421s] -- Up-to-date symlink: /home/rovteam/Desktop/Melvin/drone_cage_control-main/install/interfaces/include/interfaces/interfaces/msg/detail/control_applied__struct.h
[1.421s] -- Up-to-date symlink: /home/rovteam/Desktop/Melvin/drone_cage_control-main/install/interfaces/include/interfaces/interfaces/msg/detail/control_applied__type_support.h
[1.421s] -- Up-to-date symlink: /home/rovteam/Desktop/Melvin/drone_cage_control-main/install/interfaces/include/interfaces/interfaces/msg/detail/elrs_command__functions.h
[1.421s] -- Up-to-date symlink: /home/rovteam/Desktop/Melvin/drone_cage_control-main/install/interfaces/include/interfaces/interfaces/msg/detail/elrs_command__struct.h
[1.421s] -- Up-to-date symlink: /home/rovteam/Desktop/Melvin/drone_cage_control-main/install/interfaces/include/interfaces/interfaces/msg/detail/elrs_command__type_support.h
[1.421s] -- Up-to-date symlink: /home/rovteam/Desktop/Melvin/drone_cage_control-main/install/interfaces/include/interfaces/interfaces/msg/detail/inverted_pendulum_states__functions.h
[1.421s] -- Up-to-date symlink: /home/rovteam/Desktop/Melvin/drone_cage_control-main/install/interfaces/include/interfaces/interfaces/msg/detail/inverted_pendulum_states__struct.h
[1.422s] -- Up-to-date symlink: /home/rovteam/Desktop/Melvin/drone_cage_control-main/install/interfaces/include/interfaces/interfaces/msg/detail/inverted_pendulum_states__type_support.h
[1.422s] -- Up-to-date symlink: /home/rovteam/Desktop/Melvin/drone_cage_control-main/install/interfaces/include/interfaces/interfaces/msg/detail/motion_capture_state__functions.h
[1.422s] -- Up-to-date symlink: /home/rovteam/Desktop/Melvin/drone_cage_control-main/install/interfaces/include/interfaces/interfaces/msg/detail/motion_capture_state__struct.h
[1.422s] -- Up-to-date symlink: /home/rovteam/Desktop/Melvin/drone_cage_control-main/install/interfaces/include/interfaces/interfaces/msg/detail/motion_capture_state__type_support.h
[1.422s] -- Up-to-date symlink: /home/rovteam/Desktop/Melvin/drone_cage_control-main/install/interfaces/include/interfaces/interfaces/msg/detail/telemetry__functions.h
[1.422s] -- Up-to-date symlink: /home/rovteam/Desktop/Melvin/drone_cage_control-main/install/interfaces/include/interfaces/interfaces/msg/detail/telemetry__struct.h
[1.422s] -- Up-to-date symlink: /home/rovteam/Desktop/Melvin/drone_cage_control-main/install/interfaces/include/interfaces/interfaces/msg/detail/telemetry__type_support.h
[1.422s] -- Up-to-date symlink: /home/rovteam/Desktop/Melvin/drone_cage_control-main/install/interfaces/include/interfaces/interfaces/msg/elrs_command.h
[1.422s] -- Up-to-date symlink: /home/rovteam/Desktop/Melvin/drone_cage_control-main/install/interfaces/include/interfaces/interfaces/msg/inverted_pendulum_states.h
[1.422s] -- Up-to-date symlink: /home/rovteam/Desktop/Melvin/drone_cage_control-main/install/interfaces/include/interfaces/interfaces/msg/motion_capture_state.h
[1.422s] -- Up-to-date symlink: /home/rovteam/Desktop/Melvin/drone_cage_control-main/install/interfaces/include/interfaces/interfaces/msg/rosidl_generator_c__visibility_control.h
[1.422s] -- Up-to-date symlink: /home/rovteam/Desktop/Melvin/drone_cage_control-main/install/interfaces/include/interfaces/interfaces/msg/telemetry.h
[1.422s] -- Up-to-date symlink: /home/rovteam/Desktop/Melvin/drone_cage_control-main/install/interfaces/include/interfaces/interfaces/srv/detail/set_arming__functions.h
[1.422s] -- Up-to-date symlink: /home/rovteam/Desktop/Melvin/drone_cage_control-main/install/interfaces/include/interfaces/interfaces/srv/detail/set_arming__struct.h
[1.422s] -- Up-to-date symlink: /home/rovteam/Desktop/Melvin/drone_cage_control-main/install/interfaces/include/interfaces/interfaces/srv/detail/set_arming__type_support.h
[1.422s] -- Up-to-date symlink: /home/rovteam/Desktop/Melvin/drone_cage_control-main/install/interfaces/include/interfaces/interfaces/srv/set_arming.h
[1.422s] -- Up-to-date symlink: /home/rovteam/Desktop/Melvin/drone_cage_control-main/install/interfaces/share/interfaces/environment/library_path.sh
[1.422s] -- Up-to-date symlink: /home/rovteam/Desktop/Melvin/drone_cage_control-main/install/interfaces/share/interfaces/environment/library_path.dsv
[1.422s] -- Up-to-date symlink: /home/rovteam/Desktop/Melvin/drone_cage_control-main/install/interfaces/include/interfaces/interfaces/msg/detail/control_applied__rosidl_typesupport_fastrtps_c.h
[1.422s] -- Up-to-date symlink: /home/rovteam/Desktop/Melvin/drone_cage_control-main/install/interfaces/include/interfaces/interfaces/msg/detail/elrs_command__rosidl_typesupport_fastrtps_c.h
[1.423s] -- Up-to-date symlink: /home/rovteam/Desktop/Melvin/drone_cage_control-main/install/interfaces/include/interfaces/interfaces/msg/detail/inverted_pendulum_states__rosidl_typesupport_fastrtps_c.h
[1.423s] -- Up-to-date symlink: /home/rovteam/Desktop/Melvin/drone_cage_control-main/install/interfaces/include/interfaces/interfaces/msg/detail/motion_capture_state__rosidl_typesupport_fastrtps_c.h
[1.423s] -- Up-to-date symlink: /home/rovteam/Desktop/Melvin/drone_cage_control-main/install/interfaces/include/interfaces/interfaces/msg/detail/telemetry__rosidl_typesupport_fastrtps_c.h
[1.423s] -- Up-to-date symlink: /home/rovteam/Desktop/Melvin/drone_cage_control-main/install/interfaces/include/interfaces/interfaces/msg/rosidl_typesupport_fastrtps_c__visibility_control.h
[1.423s] -- Up-to-date symlink: /home/rovteam/Desktop/Melvin/drone_cage_control-main/install/interfaces/include/interfaces/interfaces/srv/detail/set_arming__rosidl_typesupport_fastrtps_c.h
[1.424s] -- Up-to-date symlink: /home/rovteam/Desktop/Melvin/drone_cage_control-main/install/interfaces/include/interfaces/interfaces/msg/detail/control_applied__rosidl_typesupport_introspection_c.h
[1.425s] -- Up-to-date symlink: /home/rovteam/Desktop/Melvin/drone_cage_control-main/install/interfaces/include/interfaces/interfaces/msg/detail/elrs_command__rosidl_typesupport_introspection_c.h
[1.425s] -- Up-to-date symlink: /home/rovteam/Desktop/Melvin/drone_cage_control-main/install/interfaces/include/interfaces/interfaces/msg/detail/inverted_pendulum_states__rosidl_typesupport_introspection_c.h
[1.425s] -- Up-to-date symlink: /home/rovteam/Desktop/Melvin/drone_cage_control-main/install/interfaces/include/interfaces/interfaces/msg/detail/motion_capture_state__rosidl_typesupport_introspection_c.h
[1.425s] -- Up-to-date symlink: /home/rovteam/Desktop/Melvin/drone_cage_control-main/install/interfaces/include/interfaces/interfaces/msg/detail/telemetry__rosidl_typesupport_introspection_c.h
[1.425s] -- Up-to-date symlink: /home/rovteam/Desktop/Melvin/drone_cage_control-main/install/interfaces/include/interfaces/interfaces/msg/rosidl_typesupport_introspection_c__visibility_control.h
[1.425s] -- Up-to-date symlink: /home/rovteam/Desktop/Melvin/drone_cage_control-main/install/interfaces/include/interfaces/interfaces/srv/detail/set_arming__rosidl_typesupport_introspection_c.h
[1.425s] -- Up-to-date symlink: /home/rovteam/Desktop/Melvin/drone_cage_control-main/install/interfaces/include/interfaces/interfaces/msg/control_applied.hpp
[1.425s] -- Up-to-date symlink: /home/rovteam/Desktop/Melvin/drone_cage_control-main/install/interfaces/include/interfaces/interfaces/msg/detail/control_applied__builder.hpp
[1.425s] -- Up-to-date symlink: /home/rovteam/Desktop/Melvin/drone_cage_control-main/install/interfaces/include/interfaces/interfaces/msg/detail/control_applied__struct.hpp
[1.425s] -- Up-to-date symlink: /home/rovteam/Desktop/Melvin/drone_cage_control-main/install/interfaces/include/interfaces/interfaces/msg/detail/control_applied__traits.hpp
[1.425s] -- Up-to-date symlink: /home/rovteam/Desktop/Melvin/drone_cage_control-main/install/interfaces/include/interfaces/interfaces/msg/detail/control_applied__type_support.hpp
[1.425s] -- Up-to-date symlink: /home/rovteam/Desktop/Melvin/drone_cage_control-main/install/interfaces/include/interfaces/interfaces/msg/detail/elrs_command__builder.hpp
[1.425s] -- Up-to-date symlink: /home/rovteam/Desktop/Melvin/drone_cage_control-main/install/interfaces/include/interfaces/interfaces/msg/detail/elrs_command__struct.hpp
[1.425s] -- Up-to-date symlink: /home/rovteam/Desktop/Melvin/drone_cage_control-main/install/interfaces/include/interfaces/interfaces/msg/detail/elrs_command__traits.hpp
[1.425s] -- Up-to-date symlink: /home/rovteam/Desktop/Melvin/drone_cage_control-main/install/interfaces/include/interfaces/interfaces/msg/detail/elrs_command__type_support.hpp
[1.425s] -- Up-to-date symlink: /home/rovteam/Desktop/Melvin/drone_cage_control-main/install/interfaces/include/interfaces/interfaces/msg/detail/inverted_pendulum_states__builder.hpp
[1.425s] -- Up-to-date symlink: /home/rovteam/Desktop/Melvin/drone_cage_control-main/install/interfaces/include/interfaces/interfaces/msg/detail/inverted_pendulum_states__struct.hpp
[1.425s] -- Up-to-date symlink: /home/rovteam/Desktop/Melvin/drone_cage_control-main/install/interfaces/include/interfaces/interfaces/msg/detail/inverted_pendulum_states__traits.hpp
[1.425s] -- Up-to-date symlink: /home/rovteam/Desktop/Melvin/drone_cage_control-main/install/interfaces/include/interfaces/interfaces/msg/detail/inverted_pendulum_states__type_support.hpp
[1.425s] -- Up-to-date symlink: /home/rovteam/Desktop/Melvin/drone_cage_control-main/install/interfaces/include/interfaces/interfaces/msg/detail/motion_capture_state__builder.hpp
[1.425s] -- Up-to-date symlink: /home/rovteam/Desktop/Melvin/drone_cage_control-main/install/interfaces/include/interfaces/interfaces/msg/detail/motion_capture_state__struct.hpp
[1.425s] -- Up-to-date symlink: /home/rovteam/Desktop/Melvin/drone_cage_control-main/install/interfaces/include/interfaces/interfaces/msg/detail/motion_capture_state__traits.hpp
[1.425s] -- Up-to-date symlink: /home/rovteam/Desktop/Melvin/drone_cage_control-main/install/interfaces/include/interfaces/interfaces/msg/detail/motion_capture_state__type_support.hpp
[1.425s] -- Up-to-date symlink: /home/rovteam/Desktop/Melvin/drone_cage_control-main/install/interfaces/include/interfaces/interfaces/msg/detail/telemetry__builder.hpp
[1.425s] -- Up-to-date symlink: /home/rovteam/Desktop/Melvin/drone_cage_control-main/install/interfaces/include/interfaces/interfaces/msg/detail/telemetry__struct.hpp
[1.425s] -- Up-to-date symlink: /home/rovteam/Desktop/Melvin/drone_cage_control-main/install/interfaces/include/interfaces/interfaces/msg/detail/telemetry__traits.hpp
[1.425s] -- Up-to-date symlink: /home/rovteam/Desktop/Melvin/drone_cage_control-main/install/interfaces/include/interfaces/interfaces/msg/detail/telemetry__type_support.hpp
[1.426s] -- Up-to-date symlink: /home/rovteam/Desktop/Melvin/drone_cage_control-main/install/interfaces/include/interfaces/interfaces/msg/elrs_command.hpp
[1.426s] -- Up-to-date symlink: /home/rovteam/Desktop/Melvin/drone_cage_control-main/install/interfaces/include/interfaces/interfaces/msg/inverted_pendulum_states.hpp
[1.426s] -- Up-to-date symlink: /home/rovteam/Desktop/Melvin/drone_cage_control-main/install/interfaces/include/interfaces/interfaces/msg/motion_capture_state.hpp
[1.426s] -- Up-to-date symlink: /home/rovteam/Desktop/Melvin/drone_cage_control-main/install/interfaces/include/interfaces/interfaces/msg/rosidl_generator_cpp__visibility_control.hpp
[1.426s] -- Up-to-date symlink: /home/rovteam/Desktop/Melvin/drone_cage_control-main/install/interfaces/include/interfaces/interfaces/msg/telemetry.hpp
[1.426s] -- Up-to-date symlink: /home/rovteam/Desktop/Melvin/drone_cage_control-main/install/interfaces/include/interfaces/interfaces/srv/detail/set_arming__builder.hpp
[1.426s] -- Up-to-date symlink: /home/rovteam/Desktop/Melvin/drone_cage_control-main/install/interfaces/include/interfaces/interfaces/srv/detail/set_arming__struct.hpp
[1.426s] -- Up-to-date symlink: /home/rovteam/Desktop/Melvin/drone_cage_control-main/install/interfaces/include/interfaces/interfaces/srv/detail/set_arming__traits.hpp
[1.426s] -- Up-to-date symlink: /home/rovteam/Desktop/Melvin/drone_cage_control-main/install/interfaces/include/interfaces/interfaces/srv/detail/set_arming__type_support.hpp
[1.426s] -- Up-to-date symlink: /home/rovteam/Desktop/Melvin/drone_cage_control-main/install/interfaces/include/interfaces/interfaces/srv/set_arming.hpp
[1.426s] -- Up-to-date symlink: /home/rovteam/Desktop/Melvin/drone_cage_control-main/install/interfaces/include/interfaces/interfaces/msg/detail/control_applied__rosidl_typesupport_fastrtps_cpp.hpp
[1.426s] -- Up-to-date symlink: /home/rovteam/Desktop/Melvin/drone_cage_control-main/install/interfaces/include/interfaces/interfaces/msg/detail/elrs_command__rosidl_typesupport_fastrtps_cpp.hpp
[1.426s] -- Up-to-date symlink: /home/rovteam/Desktop/Melvin/drone_cage_control-main/install/interfaces/include/interfaces/interfaces/msg/detail/inverted_pendulum_states__rosidl_typesupport_fastrtps_cpp.hpp
[1.426s] -- Up-to-date symlink: /home/rovteam/Desktop/Melvin/drone_cage_control-main/install/interfaces/include/interfaces/interfaces/msg/detail/motion_capture_state__rosidl_typesupport_fastrtps_cpp.hpp
[1.426s] -- Up-to-date symlink: /home/rovteam/Desktop/Melvin/drone_cage_control-main/install/interfaces/include/interfaces/interfaces/msg/detail/telemetry__rosidl_typesupport_fastrtps_cpp.hpp
[1.426s] -- Up-to-date symlink: /home/rovteam/Desktop/Melvin/drone_cage_control-main/install/interfaces/include/interfaces/interfaces/msg/rosidl_typesupport_fastrtps_cpp__visibility_control.h
[1.426s] -- Up-to-date symlink: /home/rovteam/Desktop/Melvin/drone_cage_control-main/install/interfaces/include/interfaces/interfaces/srv/detail/set_arming__rosidl_typesupport_fastrtps_cpp.hpp
[1.426s] -- Up-to-date symlink: /home/rovteam/Desktop/Melvin/drone_cage_control-main/install/interfaces/include/interfaces/interfaces/msg/detail/control_applied__rosidl_typesupport_introspection_cpp.hpp
[1.426s] -- Up-to-date symlink: /home/rovteam/Desktop/Melvin/drone_cage_control-main/install/interfaces/include/interfaces/interfaces/msg/detail/elrs_command__rosidl_typesupport_introspection_cpp.hpp
[1.426s] -- Up-to-date symlink: /home/rovteam/Desktop/Melvin/drone_cage_control-main/install/interfaces/include/interfaces/interfaces/msg/detail/inverted_pendulum_states__rosidl_typesupport_introspection_cpp.hpp
[1.426s] -- Up-to-date symlink: /home/rovteam/Desktop/Melvin/drone_cage_control-main/install/interfaces/include/interfaces/interfaces/msg/detail/motion_capture_state__rosidl_typesupport_introspection_cpp.hpp
[1.426s] -- Up-to-date symlink: /home/rovteam/Desktop/Melvin/drone_cage_control-main/install/interfaces/include/interfaces/interfaces/msg/detail/telemetry__rosidl_typesupport_introspection_cpp.hpp
[1.426s] -- Up-to-date symlink: /home/rovteam/Desktop/Melvin/drone_cage_control-main/install/interfaces/include/interfaces/interfaces/srv/detail/set_arming__rosidl_typesupport_introspection_cpp.hpp
[1.426s] -- Up-to-date symlink: /home/rovteam/Desktop/Melvin/drone_cage_control-main/install/interfaces/share/interfaces/environment/pythonpath.sh
[1.426s] -- Up-to-date symlink: /home/rovteam/Desktop/Melvin/drone_cage_control-main/install/interfaces/share/interfaces/environment/pythonpath.dsv
[1.426s] -- Up-to-date symlink: /home/rovteam/Desktop/Melvin/drone_cage_control-main/install/interfaces/local/lib/python3.10/dist-packages/interfaces-0.0.0-py3.10.egg-info/PKG-INFO
[1.426s] -- Up-to-date symlink: /home/rovteam/Desktop/Melvin/drone_cage_control-main/install/interfaces/local/lib/python3.10/dist-packages/interfaces-0.0.0-py3.10.egg-info/SOURCES.txt
[1.426s] -- Up-to-date symlink: /home/rovteam/Desktop/Melvin/drone_cage_control-main/install/interfaces/local/lib/python3.10/dist-packages/interfaces-0.0.0-py3.10.egg-info/dependency_links.txt
[1.426s] -- Up-to-date symlink: /home/rovteam/Desktop/Melvin/drone_cage_control-main/install/interfaces/local/lib/python3.10/dist-packages/interfaces-0.0.0-py3.10.egg-info/top_level.txt
[1.427s] -- Up-to-date symlink: /home/rovteam/Desktop/Melvin/drone_cage_control-main/install/interfaces/local/lib/python3.10/dist-packages/interfaces/__init__.py
[1.427s] -- Up-to-date symlink: /home/rovteam/Desktop/Melvin/drone_cage_control-main/install/interfaces/local/lib/python3.10/dist-packages/interfaces/_interfaces_s.ep.rosidl_typesupport_c.c
[1.427s] -- Up-to-date symlink: /home/rovteam/Desktop/Melvin/drone_cage_control-main/install/interfaces/local/lib/python3.10/dist-packages/interfaces/_interfaces_s.ep.rosidl_typesupport_fastrtps_c.c
[1.427s] -- Up-to-date symlink: /home/rovteam/Desktop/Melvin/drone_cage_control-main/install/interfaces/local/lib/python3.10/dist-packages/interfaces/_interfaces_s.ep.rosidl_typesupport_introspection_c.c
[1.427s] -- Up-to-date symlink: /home/rovteam/Desktop/Melvin/drone_cage_control-main/install/interfaces/local/lib/python3.10/dist-packages/interfaces/interfaces_s__rosidl_typesupport_c.cpython-310-x86_64-linux-gnu.so
[1.427s] -- Up-to-date symlink: /home/rovteam/Desktop/Melvin/drone_cage_control-main/install/interfaces/local/lib/python3.10/dist-packages/interfaces/interfaces_s__rosidl_typesupport_fastrtps_c.cpython-310-x86_64-linux-gnu.so
[1.427s] -- Up-to-date symlink: /home/rovteam/Desktop/Melvin/drone_cage_control-main/install/interfaces/local/lib/python3.10/dist-packages/interfaces/interfaces_s__rosidl_typesupport_introspection_c.cpython-310-x86_64-linux-gnu.so
[1.427s] -- Up-to-date symlink: /home/rovteam/Desktop/Melvin/drone_cage_control-main/install/interfaces/local/lib/python3.10/dist-packages/interfaces/libinterfaces__rosidl_generator_py.so
[1.427s] -- Up-to-date symlink: /home/rovteam/Desktop/Melvin/drone_cage_control-main/install/interfaces/local/lib/python3.10/dist-packages/interfaces/msg/__init__.py
[1.427s] -- Up-to-date symlink: /home/rovteam/Desktop/Melvin/drone_cage_control-main/install/interfaces/local/lib/python3.10/dist-packages/interfaces/msg/_control_applied.py
[1.427s] -- Up-to-date symlink: /home/rovteam/Desktop/Melvin/drone_cage_control-main/install/interfaces/local/lib/python3.10/dist-packages/interfaces/msg/_control_applied_s.c
[1.427s] -- Up-to-date symlink: /home/rovteam/Desktop/Melvin/drone_cage_control-main/install/interfaces/local/lib/python3.10/dist-packages/interfaces/msg/_elrs_command.py
[1.427s] -- Up-to-date symlink: /home/rovteam/Desktop/Melvin/drone_cage_control-main/install/interfaces/local/lib/python3.10/dist-packages/interfaces/msg/_elrs_command_s.c
[1.427s] -- Up-to-date symlink: /home/rovteam/Desktop/Melvin/drone_cage_control-main/install/interfaces/local/lib/python3.10/dist-packages/interfaces/msg/_inverted_pendulum_states.py
[1.427s] -- Up-to-date symlink: /home/rovteam/Desktop/Melvin/drone_cage_control-main/install/interfaces/local/lib/python3.10/dist-packages/interfaces/msg/_inverted_pendulum_states_s.c
[1.427s] -- Up-to-date symlink: /home/rovteam/Desktop/Melvin/drone_cage_control-main/install/interfaces/local/lib/python3.10/dist-packages/interfaces/msg/_motion_capture_state.py
[1.427s] -- Up-to-date symlink: /home/rovteam/Desktop/Melvin/drone_cage_control-main/install/interfaces/local/lib/python3.10/dist-packages/interfaces/msg/_motion_capture_state_s.c
[1.427s] -- Up-to-date symlink: /home/rovteam/Desktop/Melvin/drone_cage_control-main/install/interfaces/local/lib/python3.10/dist-packages/interfaces/msg/_telemetry.py
[1.427s] -- Up-to-date symlink: /home/rovteam/Desktop/Melvin/drone_cage_control-main/install/interfaces/local/lib/python3.10/dist-packages/interfaces/msg/_telemetry_s.c
[1.427s] -- Up-to-date symlink: /home/rovteam/Desktop/Melvin/drone_cage_control-main/install/interfaces/local/lib/python3.10/dist-packages/interfaces/srv/__init__.py
[1.427s] -- Up-to-date symlink: /home/rovteam/Desktop/Melvin/drone_cage_control-main/install/interfaces/local/lib/python3.10/dist-packages/interfaces/srv/_set_arming.py
[1.427s] -- Up-to-date symlink: /home/rovteam/Desktop/Melvin/drone_cage_control-main/install/interfaces/local/lib/python3.10/dist-packages/interfaces/srv/_set_arming_s.c
[1.427s] -- Up-to-date symlink: /home/rovteam/Desktop/Melvin/drone_cage_control-main/install/interfaces/local/lib/python3.10/dist-packages/interfaces/interfaces_s__rosidl_typesupport_fastrtps_c.cpython-310-x86_64-linux-gnu.so
[1.427s] -- Up-to-date symlink: /home/rovteam/Desktop/Melvin/drone_cage_control-main/install/interfaces/local/lib/python3.10/dist-packages/interfaces/interfaces_s__rosidl_typesupport_introspection_c.cpython-310-x86_64-linux-gnu.so
[1.427s] -- Up-to-date symlink: /home/rovteam/Desktop/Melvin/drone_cage_control-main/install/interfaces/local/lib/python3.10/dist-packages/interfaces/interfaces_s__rosidl_typesupport_c.cpython-310-x86_64-linux-gnu.so
[1.427s] -- Up-to-date symlink: /home/rovteam/Desktop/Melvin/drone_cage_control-main/install/interfaces/share/interfaces/msg/MotionCaptureState.idl
[1.427s] -- Up-to-date symlink: /home/rovteam/Desktop/Melvin/drone_cage_control-main/install/interfaces/share/interfaces/msg/ELRSCommand.idl
[1.427s] -- Up-to-date symlink: /home/rovteam/Desktop/Melvin/drone_cage_control-main/install/interfaces/share/interfaces/msg/Telemetry.idl
[1.427s] -- Up-to-date symlink: /home/rovteam/Desktop/Melvin/drone_cage_control-main/install/interfaces/share/interfaces/msg/InvertedPendulumStates.idl
[1.427s] -- Up-to-date symlink: /home/rovteam/Desktop/Melvin/drone_cage_control-main/install/interfaces/share/interfaces/msg/ControlApplied.idl
[1.427s] -- Up-to-date symlink: /home/rovteam/Desktop/Melvin/drone_cage_control-main/install/interfaces/share/interfaces/srv/SetArming.idl
[1.427s] -- Up-to-date symlink: /home/rovteam/Desktop/Melvin/drone_cage_control-main/install/interfaces/share/interfaces/msg/MotionCaptureState.msg
[1.427s] -- Up-to-date symlink: /home/rovteam/Desktop/Melvin/drone_cage_control-main/install/interfaces/share/interfaces/msg/ELRSCommand.msg
[1.427s] -- Up-to-date symlink: /home/rovteam/Desktop/Melvin/drone_cage_control-main/install/interfaces/share/interfaces/msg/Telemetry.msg
[1.427s] -- Up-to-date symlink: /home/rovteam/Desktop/Melvin/drone_cage_control-main/install/interfaces/share/interfaces/msg/InvertedPendulumStates.msg
[1.427s] -- Up-to-date symlink: /home/rovteam/Desktop/Melvin/drone_cage_control-main/install/interfaces/share/interfaces/msg/ControlApplied.msg
[1.427s] -- Up-to-date symlink: /home/rovteam/Desktop/Melvin/drone_cage_control-main/install/interfaces/share/interfaces/srv/SetArming.srv
[1.427s] -- Up-to-date symlink: /home/rovteam/Desktop/Melvin/drone_cage_control-main/install/interfaces/share/interfaces/srv/SetArming_Request.msg
[1.427s] -- Up-to-date symlink: /home/rovteam/Desktop/Melvin/drone_cage_control-main/install/interfaces/share/interfaces/srv/SetArming_Response.msg
[1.427s] -- Up-to-date symlink: /home/rovteam/Desktop/Melvin/drone_cage_control-main/install/interfaces/share/ament_index/resource_index/package_run_dependencies/interfaces
[1.427s] -- Up-to-date symlink: /home/rovteam/Desktop/Melvin/drone_cage_control-main/install/interfaces/share/ament_index/resource_index/parent_prefix_path/interfaces
[1.427s] -- Up-to-date symlink: /home/rovteam/Desktop/Melvin/drone_cage_control-main/install/interfaces/share/interfaces/environment/ament_prefix_path.sh
[1.427s] -- Up-to-date symlink: /home/rovteam/Desktop/Melvin/drone_cage_control-main/install/interfaces/share/interfaces/environment/ament_prefix_path.dsv
[1.427s] -- Up-to-date symlink: /home/rovteam/Desktop/Melvin/drone_cage_control-main/install/interfaces/share/interfaces/environment/path.sh
[1.427s] -- Up-to-date symlink: /home/rovteam/Desktop/Melvin/drone_cage_control-main/install/interfaces/share/interfaces/environment/path.dsv
[1.427s] -- Up-to-date symlink: /home/rovteam/Desktop/Melvin/drone_cage_control-main/install/interfaces/share/interfaces/local_setup.bash
[1.427s] -- Up-to-date symlink: /home/rovteam/Desktop/Melvin/drone_cage_control-main/install/interfaces/share/interfaces/local_setup.sh
[1.427s] -- Up-to-date symlink: /home/rovteam/Desktop/Melvin/drone_cage_control-main/install/interfaces/share/interfaces/local_setup.zsh
[1.427s] -- Up-to-date symlink: /home/rovteam/Desktop/Melvin/drone_cage_control-main/install/interfaces/share/interfaces/local_setup.dsv
[1.428s] -- Symlinking: /home/rovteam/Desktop/Melvin/drone_cage_control-main/install/interfaces/share/interfaces/package.dsv
[1.430s] -- Up-to-date symlink: /home/rovteam/Desktop/Melvin/drone_cage_control-main/install/interfaces/share/ament_index/resource_index/packages/interfaces
[1.430s] -- Up-to-date symlink: /home/rovteam/Desktop/Melvin/drone_cage_control-main/install/interfaces/share/interfaces/cmake/rosidl_cmake-extras.cmake
[1.430s] -- Up-to-date symlink: /home/rovteam/Desktop/Melvin/drone_cage_control-main/install/interfaces/share/interfaces/cmake/ament_cmake_export_dependencies-extras.cmake
[1.430s] -- Up-to-date symlink: /home/rovteam/Desktop/Melvin/drone_cage_control-main/install/interfaces/share/interfaces/cmake/ament_cmake_export_include_directories-extras.cmake
[1.430s] -- Up-to-date symlink: /home/rovteam/Desktop/Melvin/drone_cage_control-main/install/interfaces/share/interfaces/cmake/ament_cmake_export_libraries-extras.cmake
[1.430s] -- Up-to-date symlink: /home/rovteam/Desktop/Melvin/drone_cage_control-main/install/interfaces/share/interfaces/cmake/ament_cmake_export_targets-extras.cmake
[1.431s] -- Up-to-date symlink: /home/rovteam/Desktop/Melvin/drone_cage_control-main/install/interfaces/share/interfaces/cmake/rosidl_cmake_export_typesupport_targets-extras.cmake
[1.431s] -- Up-to-date symlink: /home/rovteam/Desktop/Melvin/drone_cage_control-main/install/interfaces/share/interfaces/cmake/rosidl_cmake_export_typesupport_libraries-extras.cmake
[1.431s] -- Up-to-date symlink: /home/rovteam/Desktop/Melvin/drone_cage_control-main/install/interfaces/share/interfaces/cmake/interfacesConfig.cmake
[1.431s] -- Up-to-date symlink: /home/rovteam/Desktop/Melvin/drone_cage_control-main/install/interfaces/share/interfaces/cmake/interfacesConfig-version.cmake
[1.431s] -- Up-to-date symlink: /home/rovteam/Desktop/Melvin/drone_cage_control-main/install/interfaces/share/interfaces/package.xml
[1.431s] -- Up-to-date: /home/rovteam/Desktop/Melvin/drone_cage_control-main/install/interfaces/lib/libinterfaces__rosidl_generator_c.so
[1.432s] -- Up-to-date: /home/rovteam/Desktop/Melvin/drone_cage_control-main/install/interfaces/lib/libinterfaces__rosidl_typesupport_fastrtps_c.so
[1.432s] -- Up-to-date: /home/rovteam/Desktop/Melvin/drone_cage_control-main/install/interfaces/lib/libinterfaces__rosidl_typesupport_introspection_c.so
[1.433s] -- Up-to-date: /home/rovteam/Desktop/Melvin/drone_cage_control-main/install/interfaces/lib/libinterfaces__rosidl_typesupport_c.so
[1.433s] -- Up-to-date: /home/rovteam/Desktop/Melvin/drone_cage_control-main/install/interfaces/lib/libinterfaces__rosidl_typesupport_fastrtps_cpp.so
[1.434s] -- Up-to-date: /home/rovteam/Desktop/Melvin/drone_cage_control-main/install/interfaces/lib/libinterfaces__rosidl_typesupport_introspection_cpp.so
[1.434s] -- Up-to-date: /home/rovteam/Desktop/Melvin/drone_cage_control-main/install/interfaces/lib/libinterfaces__rosidl_typesupport_cpp.so
[1.450s] Listing '/home/rovteam/Desktop/Melvin/drone_cage_control-main/install/interfaces/local/lib/python3.10/dist-packages/interfaces'...
[1.450s] Listing '/home/rovteam/Desktop/Melvin/drone_cage_control-main/install/interfaces/local/lib/python3.10/dist-packages/interfaces/msg'...
[1.450s] Listing '/home/rovteam/Desktop/Melvin/drone_cage_control-main/install/interfaces/local/lib/python3.10/dist-packages/interfaces/srv'...
[1.453s] -- Up-to-date: /home/rovteam/Desktop/Melvin/drone_cage_control-main/install/interfaces/lib/libinterfaces__rosidl_generator_py.so
[1.453s] -- Up-to-date: /home/rovteam/Desktop/Melvin/drone_cage_control-main/install/interfaces/share/interfaces/cmake/export_interfaces__rosidl_generator_cExport.cmake
[1.453s] -- Up-to-date: /home/rovteam/Desktop/Melvin/drone_cage_control-main/install/interfaces/share/interfaces/cmake/export_interfaces__rosidl_generator_cExport-noconfig.cmake
[1.453s] -- Up-to-date: /home/rovteam/Desktop/Melvin/drone_cage_control-main/install/interfaces/share/interfaces/cmake/export_interfaces__rosidl_typesupport_fastrtps_cExport.cmake
[1.453s] -- Up-to-date: /home/rovteam/Desktop/Melvin/drone_cage_control-main/install/interfaces/share/interfaces/cmake/export_interfaces__rosidl_typesupport_fastrtps_cExport-noconfig.cmake
[1.454s] -- Up-to-date: /home/rovteam/Desktop/Melvin/drone_cage_control-main/install/interfaces/share/interfaces/cmake/interfaces__rosidl_typesupport_introspection_cExport.cmake
[1.454s] -- Up-to-date: /home/rovteam/Desktop/Melvin/drone_cage_control-main/install/interfaces/share/interfaces/cmake/interfaces__rosidl_typesupport_introspection_cExport-noconfig.cmake
[1.454s] -- Up-to-date: /home/rovteam/Desktop/Melvin/drone_cage_control-main/install/interfaces/share/interfaces/cmake/interfaces__rosidl_typesupport_cExport.cmake
[1.454s] -- Up-to-date: /home/rovteam/Desktop/Melvin/drone_cage_control-main/install/interfaces/share/interfaces/cmake/interfaces__rosidl_typesupport_cExport-noconfig.cmake
[1.454s] -- Up-to-date: /home/rovteam/Desktop/Melvin/drone_cage_control-main/install/interfaces/share/interfaces/cmake/export_interfaces__rosidl_generator_cppExport.cmake
[1.454s] -- Up-to-date: /home/rovteam/Desktop/Melvin/drone_cage_control-main/install/interfaces/share/interfaces/cmake/export_interfaces__rosidl_typesupport_fastrtps_cppExport.cmake
[1.454s] -- Up-to-date: /home/rovteam/Desktop/Melvin/drone_cage_control-main/install/interfaces/share/interfaces/cmake/export_interfaces__rosidl_typesupport_fastrtps_cppExport-noconfig.cmake
[1.454s] -- Up-to-date: /home/rovteam/Desktop/Melvin/drone_cage_control-main/install/interfaces/share/interfaces/cmake/interfaces__rosidl_typesupport_introspection_cppExport.cmake
[1.454s] -- Up-to-date: /home/rovteam/Desktop/Melvin/drone_cage_control-main/install/interfaces/share/interfaces/cmake/interfaces__rosidl_typesupport_introspection_cppExport-noconfig.cmake
[1.455s] -- Up-to-date: /home/rovteam/Desktop/Melvin/drone_cage_control-main/install/interfaces/share/interfaces/cmake/interfaces__rosidl_typesupport_cppExport.cmake
[1.455s] -- Up-to-date: /home/rovteam/Desktop/Melvin/drone_cage_control-main/install/interfaces/share/interfaces/cmake/interfaces__rosidl_typesupport_cppExport-noconfig.cmake
[1.455s] -- Up-to-date: /home/rovteam/Desktop/Melvin/drone_cage_control-main/install/interfaces/share/interfaces/cmake/export_interfaces__rosidl_generator_pyExport.cmake
[1.455s] -- Up-to-date: /home/rovteam/Desktop/Melvin/drone_cage_control-main/install/interfaces/share/interfaces/cmake/export_interfaces__rosidl_generator_pyExport-noconfig.cmake
[1.457s] Invoked command in '/home/rovteam/Desktop/Melvin/drone_cage_control-main/build/interfaces' returned '0': CMAKE_PREFIX_PATH=/opt/ros/humble /usr/bin/cmake --install /home/rovteam/Desktop/Melvin/drone_cage_control-main/build/interfaces
