running develop
running egg_info
creating controller_mpc.egg-info
writing controller_mpc.egg-info/PKG-INFO
writing dependency_links to controller_mpc.egg-info/dependency_links.txt
writing entry points to controller_mpc.egg-info/entry_points.txt
writing requirements to controller_mpc.egg-info/requires.txt
writing top-level names to controller_mpc.egg-info/top_level.txt
writing manifest file 'controller_mpc.egg-info/SOURCES.txt'
reading manifest file 'controller_mpc.egg-info/SOURCES.txt'
writing manifest file 'controller_mpc.egg-info/SOURCES.txt'
running build_ext
Creating /home/rovteam/Desktop/Melvin/drone_cage_control-main/install/controller_mpc/lib/python3.10/site-packages/controller-mpc.egg-link (link to .)
Installing main script to /home/rovteam/Desktop/Melvin/drone_cage_control-main/install/controller_mpc/lib/controller_mpc

Installed /home/rovteam/Desktop/Melvin/drone_cage_control-main/build/controller_mpc
running symlink_data
creating /home/rovteam/Desktop/Melvin/drone_cage_control-main/install/controller_mpc/share/ament_index
creating /home/rovteam/Desktop/Melvin/drone_cage_control-main/install/controller_mpc/share/ament_index/resource_index
creating /home/rovteam/Desktop/Melvin/drone_cage_control-main/install/controller_mpc/share/ament_index/resource_index/packages
symbolically linking /home/rovteam/Desktop/Melvin/drone_cage_control-main/build/controller_mpc/resource/controller_mpc -> /home/rovteam/Desktop/Melvin/drone_cage_control-main/install/controller_mpc/share/ament_index/resource_index/packages
symbolically linking /home/rovteam/Desktop/Melvin/drone_cage_control-main/build/controller_mpc/package.xml -> /home/rovteam/Desktop/Melvin/drone_cage_control-main/install/controller_mpc/share/controller_mpc
