[1.539s] Invoking command in '/home/rovteam/Desktop/Melvin/drone_cage_control-main/build/controller_mpc': PYTHONPATH=/home/rovteam/Desktop/Melvin/drone_cage_control-main/build/controller_mpc/prefix_override:/usr/lib/python3/dist-packages/colcon_core/task/python/colcon_distutils_commands:/home/rovteam/Desktop/Melvin/drone_cage_control-main/install/controller_mpc/lib/python3.10/site-packages:${PYTHONPATH} /usr/bin/python3 -W ignore:setup.py install is deprecated -W ignore:easy_install command is deprecated setup.py develop --editable --build-directory /home/rovteam/Desktop/Melvin/drone_cage_control-main/build/controller_mpc/build --no-deps symlink_data
[1.712s] running develop
[1.814s] running egg_info
[1.815s] creating controller_mpc.egg-info
[1.815s] writing controller_mpc.egg-info/PKG-INFO
[1.815s] writing dependency_links to controller_mpc.egg-info/dependency_links.txt
[1.815s] writing entry points to controller_mpc.egg-info/entry_points.txt
[1.815s] writing requirements to controller_mpc.egg-info/requires.txt
[1.815s] writing top-level names to controller_mpc.egg-info/top_level.txt
[1.815s] writing manifest file 'controller_mpc.egg-info/SOURCES.txt'
[1.817s] reading manifest file 'controller_mpc.egg-info/SOURCES.txt'
[1.817s] writing manifest file 'controller_mpc.egg-info/SOURCES.txt'
[1.818s] running build_ext
[1.818s] Creating /home/rovteam/Desktop/Melvin/drone_cage_control-main/install/controller_mpc/lib/python3.10/site-packages/controller-mpc.egg-link (link to .)
[1.818s] Installing main script to /home/rovteam/Desktop/Melvin/drone_cage_control-main/install/controller_mpc/lib/controller_mpc
[1.818s] 
[1.818s] Installed /home/rovteam/Desktop/Melvin/drone_cage_control-main/build/controller_mpc
[1.818s] running symlink_data
[1.819s] creating /home/rovteam/Desktop/Melvin/drone_cage_control-main/install/controller_mpc/share/ament_index
[1.819s] creating /home/rovteam/Desktop/Melvin/drone_cage_control-main/install/controller_mpc/share/ament_index/resource_index
[1.819s] creating /home/rovteam/Desktop/Melvin/drone_cage_control-main/install/controller_mpc/share/ament_index/resource_index/packages
[1.819s] symbolically linking /home/rovteam/Desktop/Melvin/drone_cage_control-main/build/controller_mpc/resource/controller_mpc -> /home/rovteam/Desktop/Melvin/drone_cage_control-main/install/controller_mpc/share/ament_index/resource_index/packages
[1.819s] symbolically linking /home/rovteam/Desktop/Melvin/drone_cage_control-main/build/controller_mpc/package.xml -> /home/rovteam/Desktop/Melvin/drone_cage_control-main/install/controller_mpc/share/controller_mpc
[1.835s] Invoked command in '/home/rovteam/Desktop/Melvin/drone_cage_control-main/build/controller_mpc' returned '0': PYTHONPATH=/home/rovteam/Desktop/Melvin/drone_cage_control-main/build/controller_mpc/prefix_override:/usr/lib/python3/dist-packages/colcon_core/task/python/colcon_distutils_commands:/home/rovteam/Desktop/Melvin/drone_cage_control-main/install/controller_mpc/lib/python3.10/site-packages:${PYTHONPATH} /usr/bin/python3 -W ignore:setup.py install is deprecated -W ignore:easy_install command is deprecated setup.py develop --editable --build-directory /home/rovteam/Desktop/Melvin/drone_cage_control-main/build/controller_mpc/build --no-deps symlink_data
