[0.007s] Invoking command in '/home/rovteam/Desktop/Melvin/drone_cage_control-main/build/drone_visualisation': AMENT_PREFIX_PATH=/home/rovteam/Desktop/Melvin/drone_cage_control-main/install/interfaces:${AMENT_PREFIX_PATH} CMAKE_PREFIX_PATH=/home/rovteam/Desktop/Melvin/drone_cage_control-main/install/interfaces:/opt/ros/humble LD_LIBRARY_PATH=/home/rovteam/Desktop/Melvin/drone_cage_control-main/install/interfaces/lib:${LD_LIBRARY_PATH} PYTHONPATH=/home/rovteam/Desktop/Melvin/drone_cage_control-main/install/interfaces/local/lib/python3.10/dist-packages:${PYTHONPATH} /usr/bin/cmake --build /home/rovteam/Desktop/Melvin/drone_cage_control-main/build/drone_visualisation -- -j28 -l28
[0.047s] [ 25%] [34m[1mAutomatic MOC for target drone_visualisation_plugins[0m
[0.069s] [ 25%] Built target drone_visualisation_plugins_autogen
[0.077s] [35m[1mConsolidate compiler generated dependencies of target drone_visualisation_plugins[0m
[0.093s] [100%] Built target drone_visualisation_plugins
[0.101s] Invoked command in '/home/rovteam/Desktop/Melvin/drone_cage_control-main/build/drone_visualisation' returned '0': AMENT_PREFIX_PATH=/home/rovteam/Desktop/Melvin/drone_cage_control-main/install/interfaces:${AMENT_PREFIX_PATH} CMAKE_PREFIX_PATH=/home/rovteam/Desktop/Melvin/drone_cage_control-main/install/interfaces:/opt/ros/humble LD_LIBRARY_PATH=/home/rovteam/Desktop/Melvin/drone_cage_control-main/install/interfaces/lib:${LD_LIBRARY_PATH} PYTHONPATH=/home/rovteam/Desktop/Melvin/drone_cage_control-main/install/interfaces/local/lib/python3.10/dist-packages:${PYTHONPATH} /usr/bin/cmake --build /home/rovteam/Desktop/Melvin/drone_cage_control-main/build/drone_visualisation -- -j28 -l28
[0.102s] Invoking command in '/home/rovteam/Desktop/Melvin/drone_cage_control-main/build/drone_visualisation': AMENT_PREFIX_PATH=/home/rovteam/Desktop/Melvin/drone_cage_control-main/install/interfaces:${AMENT_PREFIX_PATH} CMAKE_PREFIX_PATH=/home/rovteam/Desktop/Melvin/drone_cage_control-main/install/interfaces:/opt/ros/humble LD_LIBRARY_PATH=/home/rovteam/Desktop/Melvin/drone_cage_control-main/install/interfaces/lib:${LD_LIBRARY_PATH} PYTHONPATH=/home/rovteam/Desktop/Melvin/drone_cage_control-main/install/interfaces/local/lib/python3.10/dist-packages:${PYTHONPATH} /usr/bin/cmake --install /home/rovteam/Desktop/Melvin/drone_cage_control-main/build/drone_visualisation
[0.107s] -- Install configuration: ""
[0.107s] -- Execute custom install script
[0.107s] -- Up-to-date symlink: /home/rovteam/Desktop/Melvin/drone_cage_control-main/install/drone_visualisation/share/drone_visualisation//plugin_description.xml
[0.107s] -- Up-to-date symlink: /home/rovteam/Desktop/Melvin/drone_cage_control-main/install/drone_visualisation/share/drone_visualisation/launch/view_frame.launch.py
[0.107s] -- Up-to-date symlink: /home/rovteam/Desktop/Melvin/drone_cage_control-main/install/drone_visualisation/share/drone_visualisation/urdf/frame.urdf
[0.108s] -- Up-to-date symlink: /home/rovteam/Desktop/Melvin/drone_cage_control-main/install/drone_visualisation/share/drone_visualisation/meshes/tbs_sourceone_v5.stl
[0.108s] -- Up-to-date symlink: /home/rovteam/Desktop/Melvin/drone_cage_control-main/install/drone_visualisation/share/drone_visualisation/rviz/default.rviz
[0.108s] -- Symlinking: /home/rovteam/Desktop/Melvin/drone_cage_control-main/install/drone_visualisation/share/ament_index/resource_index/packages/drone_visualisation
[0.113s] -- Up-to-date symlink: /home/rovteam/Desktop/Melvin/drone_cage_control-main/install/drone_visualisation/share/drone_visualisation/package.xml
[0.114s] -- Up-to-date symlink: /home/rovteam/Desktop/Melvin/drone_cage_control-main/install/drone_visualisation/share/ament_index/resource_index/package_run_dependencies/drone_visualisation
[0.114s] -- Up-to-date symlink: /home/rovteam/Desktop/Melvin/drone_cage_control-main/install/drone_visualisation/share/ament_index/resource_index/parent_prefix_path/drone_visualisation
[0.114s] -- Up-to-date symlink: /home/rovteam/Desktop/Melvin/drone_cage_control-main/install/drone_visualisation/share/drone_visualisation/environment/ament_prefix_path.sh
[0.114s] -- Up-to-date symlink: /home/rovteam/Desktop/Melvin/drone_cage_control-main/install/drone_visualisation/share/drone_visualisation/environment/ament_prefix_path.dsv
[0.114s] -- Up-to-date symlink: /home/rovteam/Desktop/Melvin/drone_cage_control-main/install/drone_visualisation/share/drone_visualisation/environment/path.sh
[0.114s] -- Up-to-date symlink: /home/rovteam/Desktop/Melvin/drone_cage_control-main/install/drone_visualisation/share/drone_visualisation/environment/path.dsv
[0.114s] -- Up-to-date symlink: /home/rovteam/Desktop/Melvin/drone_cage_control-main/install/drone_visualisation/share/drone_visualisation/local_setup.bash
[0.114s] -- Up-to-date symlink: /home/rovteam/Desktop/Melvin/drone_cage_control-main/install/drone_visualisation/share/drone_visualisation/local_setup.sh
[0.114s] -- Up-to-date symlink: /home/rovteam/Desktop/Melvin/drone_cage_control-main/install/drone_visualisation/share/drone_visualisation/local_setup.zsh
[0.114s] -- Up-to-date symlink: /home/rovteam/Desktop/Melvin/drone_cage_control-main/install/drone_visualisation/share/drone_visualisation/local_setup.dsv
[0.114s] -- Symlinking: /home/rovteam/Desktop/Melvin/drone_cage_control-main/install/drone_visualisation/share/drone_visualisation/package.dsv
[0.120s] -- Symlinking: /home/rovteam/Desktop/Melvin/drone_cage_control-main/install/drone_visualisation/share/ament_index/resource_index/packages/drone_visualisation
[0.125s] -- Up-to-date symlink: /home/rovteam/Desktop/Melvin/drone_cage_control-main/install/drone_visualisation/share/ament_index/resource_index/rviz_common__pluginlib__plugin/drone_visualisation
[0.125s] -- Up-to-date symlink: /home/rovteam/Desktop/Melvin/drone_cage_control-main/install/drone_visualisation/share/drone_visualisation/cmake/drone_visualisationConfig.cmake
[0.126s] -- Up-to-date symlink: /home/rovteam/Desktop/Melvin/drone_cage_control-main/install/drone_visualisation/share/drone_visualisation/cmake/drone_visualisationConfig-version.cmake
[0.126s] -- Up-to-date symlink: /home/rovteam/Desktop/Melvin/drone_cage_control-main/install/drone_visualisation/share/drone_visualisation/package.xml
[0.126s] -- Up-to-date: /home/rovteam/Desktop/Melvin/drone_cage_control-main/install/drone_visualisation/lib/libdrone_visualisation_plugins.so
[0.128s] Invoked command in '/home/rovteam/Desktop/Melvin/drone_cage_control-main/build/drone_visualisation' returned '0': AMENT_PREFIX_PATH=/home/rovteam/Desktop/Melvin/drone_cage_control-main/install/interfaces:${AMENT_PREFIX_PATH} CMAKE_PREFIX_PATH=/home/rovteam/Desktop/Melvin/drone_cage_control-main/install/interfaces:/opt/ros/humble LD_LIBRARY_PATH=/home/rovteam/Desktop/Melvin/drone_cage_control-main/install/interfaces/lib:${LD_LIBRARY_PATH} PYTHONPATH=/home/rovteam/Desktop/Melvin/drone_cage_control-main/install/interfaces/local/lib/python3.10/dist-packages:${PYTHONPATH} /usr/bin/cmake --install /home/rovteam/Desktop/Melvin/drone_cage_control-main/build/drone_visualisation
