-- The C compiler identification is GNU 11.4.0
-- The CXX compiler identification is GNU 11.4.0
-- Detecting C compiler ABI info
-- Detecting C compiler ABI info - done
-- Check for working C compiler: /usr/bin/cc - skipped
-- Detecting C compile features
-- Detecting C compile features - done
-- Detecting CXX compiler ABI info
-- Detecting CXX compiler ABI info - done
-- Check for working CXX compiler: /usr/bin/c++ - skipped
-- Detecting CXX compile features
-- Detecting CXX compile features - done
-- Found ament_cmake: 1.3.12 (/opt/ros/humble/share/ament_cmake/cmake)
-- Found Python3: /usr/bin/python3 (found version "3.10.12") found components: Interpreter 
-- Override CMake install command with custom implementation using symlinks instead of copying resources
-- Found rclcpp: 16.0.14 (/opt/ros/humble/share/rclcpp/cmake)
-- Found rosidl_generator_c: 3.1.7 (/opt/ros/humble/share/rosidl_generator_c/cmake)
-- Found rosidl_adapter: 3.1.7 (/opt/ros/humble/share/rosidl_adapter/cmake)
-- Found rosidl_generator_cpp: 3.1.7 (/opt/ros/humble/share/rosidl_generator_cpp/cmake)
-- Using all available rosidl_typesupport_c: rosidl_typesupport_fastrtps_c;rosidl_typesupport_introspection_c
-- Using all available rosidl_typesupport_cpp: rosidl_typesupport_fastrtps_cpp;rosidl_typesupport_introspection_cpp
-- Found rmw_implementation_cmake: 6.1.2 (/opt/ros/humble/share/rmw_implementation_cmake/cmake)
-- Found rmw_fastrtps_cpp: 6.2.8 (/opt/ros/humble/share/rmw_fastrtps_cpp/cmake)
-- Found OpenSSL: /usr/lib/x86_64-linux-gnu/libcrypto.so (found version "3.0.2")  
-- Found FastRTPS: /opt/ros/humble/include  
-- Using RMW implementation 'rmw_fastrtps_cpp' as default
-- Looking for pthread.h
-- Looking for pthread.h - found
-- Performing Test CMAKE_HAVE_LIBC_PTHREAD
-- Performing Test CMAKE_HAVE_LIBC_PTHREAD - Success
-- Found Threads: TRUE  
-- Found interfaces: 0.0.0 (/home/rovteam/Desktop/Melvin/drone_cage_control-main/install/interfaces/share/interfaces/cmake)
-- Found rviz_common: 11.2.19 (/opt/ros/humble/share/rviz_common/cmake)
-- Setting assimp_DIR to: '/opt/ros/humble/share/rviz_assimp_vendor/cmake/../../../opt/rviz_assimp_vendor/lib/cmake/assimp-4.1'
-- Setting OGRE_DIR to: '/opt/ros/humble/share/rviz_ogre_vendor/cmake/../../../opt/rviz_ogre_vendor/lib/OGRE/cmake'
-- Found OGRE
--   static     : OFF
--   components : HLMS;MeshLodGenerator;Overlay;Paging;Property;RTShaderSystem;Terrain;Volume
--   plugins    : Plugin_BSPSceneManager;Plugin_OctreeSceneManager;Plugin_PCZSceneManager;Plugin_ParticleFX;RenderSystem_GL;RenderSystem_GL3Plus;Codec_STBI
--   media      : /opt/ros/humble/opt/rviz_ogre_vendor/share/OGRE/Media
-- OGRE_LIBRARIES: OgreHLMS;OgreMeshLodGenerator;OgreOverlay;OgrePaging;OgreProperty;OgreRTShaderSystem;OgreTerrain;OgreVolume;OgreMain
-- OGRE_LIBRARY_DIRS: /opt/ros/humble/opt/rviz_ogre_vendor/lib
-- OGRE_PLUGINS: Plugin_BSPSceneManager;Plugin_OctreeSceneManager;Plugin_PCZSceneManager;Plugin_ParticleFX;RenderSystem_GL;RenderSystem_GL3Plus;Codec_STBI
-- OGRE_PLUGIN_DIR: /opt/ros/humble/opt/rviz_ogre_vendor/lib/OGRE
-- rviz_ogre_vendor::OgreOverlay for IMPORTED_LOCATION_RELEASE: /opt/ros/humble/opt/rviz_ogre_vendor/lib/libOgreOverlay.so
-- rviz_ogre_vendor::OgreOverlay for IMPORTED_LOCATION_DEBUG: /opt/ros/humble/opt/rviz_ogre_vendor/lib/libOgreOverlay.so
-- rviz_ogre_vendor::OgreMain for IMPORTED_LOCATION_RELEASE: /opt/ros/humble/opt/rviz_ogre_vendor/lib/libOgreMain.so
-- rviz_ogre_vendor::OgreMain for IMPORTED_LOCATION_DEBUG: /opt/ros/humble/opt/rviz_ogre_vendor/lib/libOgreMain.so
-- Found ZLIB: /usr/lib/x86_64-linux-gnu/libz.so (found version "1.2.11") 
-- Found OpenGL: /usr/lib/x86_64-linux-gnu/libOpenGL.so   
-- Found X11: /usr/include   
-- Looking for XOpenDisplay in /usr/lib/x86_64-linux-gnu/libX11.so;/usr/lib/x86_64-linux-gnu/libXext.so
-- Looking for XOpenDisplay in /usr/lib/x86_64-linux-gnu/libX11.so;/usr/lib/x86_64-linux-gnu/libXext.so - found
-- Looking for gethostbyname
-- Looking for gethostbyname - found
-- Looking for connect
-- Looking for connect - found
-- Looking for remove
-- Looking for remove - found
-- Looking for shmat
-- Looking for shmat - found
-- Looking for IceConnectionNumber in ICE
-- Looking for IceConnectionNumber in ICE - found
-- library: /usr/lib/x86_64-linux-gnu/libcurl.so
-- Found Eigen3: TRUE (found version "3.4.0") 
-- Ensuring Eigen3 include directory is part of orocos-kdl CMake target
-- Configuring done
-- Generating done
-- Build files have been written to: /home/rovteam/Desktop/Melvin/drone_cage_control-main/build/drone_visualisation
[ 25%] [34m[1mAutomatic MOC for target drone_visualisation_plugins[0m
[ 25%] Built target drone_visualisation_plugins_autogen
[ 75%] [32mBuilding CXX object CMakeFiles/drone_visualisation_plugins.dir/drone_visualisation_plugins_autogen/mocs_compilation.cpp.o[0m
[ 75%] [32mBuilding CXX object CMakeFiles/drone_visualisation_plugins.dir/src/arm_panel.cpp.o[0m
[100%] [32m[1mLinking CXX shared library libdrone_visualisation_plugins.so[0m
[100%] Built target drone_visualisation_plugins
-- Install configuration: ""
-- Execute custom install script
-- Symlinking: /home/rovteam/Desktop/Melvin/drone_cage_control-main/install/drone_visualisation/share/drone_visualisation//plugin_description.xml
-- Symlinking: /home/rovteam/Desktop/Melvin/drone_cage_control-main/install/drone_visualisation/share/drone_visualisation/launch/view_frame.launch.py
-- Symlinking: /home/rovteam/Desktop/Melvin/drone_cage_control-main/install/drone_visualisation/share/drone_visualisation/urdf/frame.urdf
-- Symlinking: /home/rovteam/Desktop/Melvin/drone_cage_control-main/install/drone_visualisation/share/drone_visualisation/meshes/tbs_sourceone_v5.stl
-- Symlinking: /home/rovteam/Desktop/Melvin/drone_cage_control-main/install/drone_visualisation/share/drone_visualisation/rviz/default.rviz
-- Symlinking: /home/rovteam/Desktop/Melvin/drone_cage_control-main/install/drone_visualisation/share/ament_index/resource_index/packages/drone_visualisation
-- Symlinking: /home/rovteam/Desktop/Melvin/drone_cage_control-main/install/drone_visualisation/share/drone_visualisation/package.xml
-- Symlinking: /home/rovteam/Desktop/Melvin/drone_cage_control-main/install/drone_visualisation/share/ament_index/resource_index/package_run_dependencies/drone_visualisation
-- Symlinking: /home/rovteam/Desktop/Melvin/drone_cage_control-main/install/drone_visualisation/share/ament_index/resource_index/parent_prefix_path/drone_visualisation
-- Symlinking: /home/rovteam/Desktop/Melvin/drone_cage_control-main/install/drone_visualisation/share/drone_visualisation/environment/ament_prefix_path.sh
-- Symlinking: /home/rovteam/Desktop/Melvin/drone_cage_control-main/install/drone_visualisation/share/drone_visualisation/environment/ament_prefix_path.dsv
-- Symlinking: /home/rovteam/Desktop/Melvin/drone_cage_control-main/install/drone_visualisation/share/drone_visualisation/environment/path.sh
-- Symlinking: /home/rovteam/Desktop/Melvin/drone_cage_control-main/install/drone_visualisation/share/drone_visualisation/environment/path.dsv
-- Symlinking: /home/rovteam/Desktop/Melvin/drone_cage_control-main/install/drone_visualisation/share/drone_visualisation/local_setup.bash
-- Symlinking: /home/rovteam/Desktop/Melvin/drone_cage_control-main/install/drone_visualisation/share/drone_visualisation/local_setup.sh
-- Symlinking: /home/rovteam/Desktop/Melvin/drone_cage_control-main/install/drone_visualisation/share/drone_visualisation/local_setup.zsh
-- Symlinking: /home/rovteam/Desktop/Melvin/drone_cage_control-main/install/drone_visualisation/share/drone_visualisation/local_setup.dsv
-- Symlinking: /home/rovteam/Desktop/Melvin/drone_cage_control-main/install/drone_visualisation/share/drone_visualisation/package.dsv
-- Symlinking: /home/rovteam/Desktop/Melvin/drone_cage_control-main/install/drone_visualisation/share/ament_index/resource_index/packages/drone_visualisation
-- Symlinking: /home/rovteam/Desktop/Melvin/drone_cage_control-main/install/drone_visualisation/share/ament_index/resource_index/rviz_common__pluginlib__plugin/drone_visualisation
-- Symlinking: /home/rovteam/Desktop/Melvin/drone_cage_control-main/install/drone_visualisation/share/drone_visualisation/cmake/drone_visualisationConfig.cmake
-- Symlinking: /home/rovteam/Desktop/Melvin/drone_cage_control-main/install/drone_visualisation/share/drone_visualisation/cmake/drone_visualisationConfig-version.cmake
-- Up-to-date symlink: /home/rovteam/Desktop/Melvin/drone_cage_control-main/install/drone_visualisation/share/drone_visualisation/package.xml
-- Installing: /home/rovteam/Desktop/Melvin/drone_cage_control-main/install/drone_visualisation/lib/libdrone_visualisation_plugins.so
-- Set runtime path of "/home/rovteam/Desktop/Melvin/drone_cage_control-main/install/drone_visualisation/lib/libdrone_visualisation_plugins.so" to ""
