[0.005s] Invoking command in '/home/rovteam/Desktop/Melvin/drone_cage_control-main/build/drone_visualisation': AMENT_PREFIX_PATH=/home/rovteam/Desktop/Melvin/drone_cage_control-main/install/interfaces:${AMENT_PREFIX_PATH} CMAKE_PREFIX_PATH=/home/rovteam/Desktop/Melvin/drone_cage_control-main/install/interfaces:/opt/ros/humble LD_LIBRARY_PATH=/home/rovteam/Desktop/Melvin/drone_cage_control-main/install/interfaces/lib:${LD_LIBRARY_PATH} PYTHONPATH=/home/rovteam/Desktop/Melvin/drone_cage_control-main/install/interfaces/local/lib/python3.10/dist-packages:${PYTHONPATH} /usr/bin/cmake /home/rovteam/Desktop/Melvin/drone_cage_control-main/src/drone_visualisation -DAMENT_CMAKE_SYMLINK_INSTALL=1 -DCMAKE_INSTALL_PREFIX=/home/rovteam/Desktop/Melvin/drone_cage_control-main/install/drone_visualisation
[0.040s] -- The C compiler identification is GNU 11.4.0
[0.069s] -- The CXX compiler identification is GNU 11.4.0
[0.073s] -- Detecting C compiler ABI info
[0.109s] -- Detecting C compiler ABI info - done
[0.113s] -- Check for working C compiler: /usr/bin/cc - skipped
[0.113s] -- Detecting C compile features
[0.113s] -- Detecting C compile features - done
[0.114s] -- Detecting CXX compiler ABI info
[0.159s] -- Detecting CXX compiler ABI info - done
[0.162s] -- Check for working CXX compiler: /usr/bin/c++ - skipped
[0.162s] -- Detecting CXX compile features
[0.162s] -- Detecting CXX compile features - done
[0.164s] -- Found ament_cmake: 1.3.12 (/opt/ros/humble/share/ament_cmake/cmake)
[0.240s] -- Found Python3: /usr/bin/python3 (found version "3.10.12") found components: Interpreter 
[0.269s] -- Override CMake install command with custom implementation using symlinks instead of copying resources
[0.281s] -- Found rclcpp: 16.0.14 (/opt/ros/humble/share/rclcpp/cmake)
[0.302s] -- Found rosidl_generator_c: 3.1.7 (/opt/ros/humble/share/rosidl_generator_c/cmake)
[0.304s] -- Found rosidl_adapter: 3.1.7 (/opt/ros/humble/share/rosidl_adapter/cmake)
[0.307s] -- Found rosidl_generator_cpp: 3.1.7 (/opt/ros/humble/share/rosidl_generator_cpp/cmake)
[0.312s] -- Using all available rosidl_typesupport_c: rosidl_typesupport_fastrtps_c;rosidl_typesupport_introspection_c
[0.319s] -- Using all available rosidl_typesupport_cpp: rosidl_typesupport_fastrtps_cpp;rosidl_typesupport_introspection_cpp
[0.341s] -- Found rmw_implementation_cmake: 6.1.2 (/opt/ros/humble/share/rmw_implementation_cmake/cmake)
[0.343s] -- Found rmw_fastrtps_cpp: 6.2.8 (/opt/ros/humble/share/rmw_fastrtps_cpp/cmake)
[0.393s] -- Found OpenSSL: /usr/lib/x86_64-linux-gnu/libcrypto.so (found version "3.0.2")  
[0.407s] -- Found FastRTPS: /opt/ros/humble/include  
[0.432s] -- Using RMW implementation 'rmw_fastrtps_cpp' as default
[0.438s] -- Looking for pthread.h
[0.482s] -- Looking for pthread.h - found
[0.482s] -- Performing Test CMAKE_HAVE_LIBC_PTHREAD
[0.522s] -- Performing Test CMAKE_HAVE_LIBC_PTHREAD - Success
[0.522s] -- Found Threads: TRUE  
[0.552s] -- Found interfaces: 0.0.0 (/home/rovteam/Desktop/Melvin/drone_cage_control-main/install/interfaces/share/interfaces/cmake)
[0.566s] -- Found rviz_common: 11.2.19 (/opt/ros/humble/share/rviz_common/cmake)
[0.577s] -- Setting assimp_DIR to: '/opt/ros/humble/share/rviz_assimp_vendor/cmake/../../../opt/rviz_assimp_vendor/lib/cmake/assimp-4.1'
[0.580s] -- Setting OGRE_DIR to: '/opt/ros/humble/share/rviz_ogre_vendor/cmake/../../../opt/rviz_ogre_vendor/lib/OGRE/cmake'
[0.581s] -- Found OGRE
[0.581s] --   static     : OFF
[0.581s] --   components : HLMS;MeshLodGenerator;Overlay;Paging;Property;RTShaderSystem;Terrain;Volume
[0.581s] --   plugins    : Plugin_BSPSceneManager;Plugin_OctreeSceneManager;Plugin_PCZSceneManager;Plugin_ParticleFX;RenderSystem_GL;RenderSystem_GL3Plus;Codec_STBI
[0.581s] --   media      : /opt/ros/humble/opt/rviz_ogre_vendor/share/OGRE/Media
[0.581s] -- OGRE_LIBRARIES: OgreHLMS;OgreMeshLodGenerator;OgreOverlay;OgrePaging;OgreProperty;OgreRTShaderSystem;OgreTerrain;OgreVolume;OgreMain
[0.581s] -- OGRE_LIBRARY_DIRS: /opt/ros/humble/opt/rviz_ogre_vendor/lib
[0.581s] -- OGRE_PLUGINS: Plugin_BSPSceneManager;Plugin_OctreeSceneManager;Plugin_PCZSceneManager;Plugin_ParticleFX;RenderSystem_GL;RenderSystem_GL3Plus;Codec_STBI
[0.581s] -- OGRE_PLUGIN_DIR: /opt/ros/humble/opt/rviz_ogre_vendor/lib/OGRE
[0.581s] -- rviz_ogre_vendor::OgreOverlay for IMPORTED_LOCATION_RELEASE: /opt/ros/humble/opt/rviz_ogre_vendor/lib/libOgreOverlay.so
[0.581s] -- rviz_ogre_vendor::OgreOverlay for IMPORTED_LOCATION_DEBUG: /opt/ros/humble/opt/rviz_ogre_vendor/lib/libOgreOverlay.so
[0.582s] -- rviz_ogre_vendor::OgreMain for IMPORTED_LOCATION_RELEASE: /opt/ros/humble/opt/rviz_ogre_vendor/lib/libOgreMain.so
[0.582s] -- rviz_ogre_vendor::OgreMain for IMPORTED_LOCATION_DEBUG: /opt/ros/humble/opt/rviz_ogre_vendor/lib/libOgreMain.so
[0.591s] -- Found ZLIB: /usr/lib/x86_64-linux-gnu/libz.so (found version "1.2.11") 
[0.593s] -- Found OpenGL: /usr/lib/x86_64-linux-gnu/libOpenGL.so   
[0.642s] -- Found X11: /usr/include   
[0.642s] -- Looking for XOpenDisplay in /usr/lib/x86_64-linux-gnu/libX11.so;/usr/lib/x86_64-linux-gnu/libXext.so
[0.688s] -- Looking for XOpenDisplay in /usr/lib/x86_64-linux-gnu/libX11.so;/usr/lib/x86_64-linux-gnu/libXext.so - found
[0.688s] -- Looking for gethostbyname
[0.726s] -- Looking for gethostbyname - found
[0.726s] -- Looking for connect
[0.766s] -- Looking for connect - found
[0.766s] -- Looking for remove
[0.805s] -- Looking for remove - found
[0.805s] -- Looking for shmat
[0.844s] -- Looking for shmat - found
[0.844s] -- Looking for IceConnectionNumber in ICE
[0.883s] -- Looking for IceConnectionNumber in ICE - found
[0.933s] -- library: /usr/lib/x86_64-linux-gnu/libcurl.so
[0.966s] -- Found Eigen3: TRUE (found version "3.4.0") 
[0.966s] -- Ensuring Eigen3 include directory is part of orocos-kdl CMake target
[1.059s] -- Configuring done
[1.075s] -- Generating done
[1.077s] -- Build files have been written to: /home/rovteam/Desktop/Melvin/drone_cage_control-main/build/drone_visualisation
[1.084s] Invoked command in '/home/rovteam/Desktop/Melvin/drone_cage_control-main/build/drone_visualisation' returned '0': AMENT_PREFIX_PATH=/home/rovteam/Desktop/Melvin/drone_cage_control-main/install/interfaces:${AMENT_PREFIX_PATH} CMAKE_PREFIX_PATH=/home/rovteam/Desktop/Melvin/drone_cage_control-main/install/interfaces:/opt/ros/humble LD_LIBRARY_PATH=/home/rovteam/Desktop/Melvin/drone_cage_control-main/install/interfaces/lib:${LD_LIBRARY_PATH} PYTHONPATH=/home/rovteam/Desktop/Melvin/drone_cage_control-main/install/interfaces/local/lib/python3.10/dist-packages:${PYTHONPATH} /usr/bin/cmake /home/rovteam/Desktop/Melvin/drone_cage_control-main/src/drone_visualisation -DAMENT_CMAKE_SYMLINK_INSTALL=1 -DCMAKE_INSTALL_PREFIX=/home/rovteam/Desktop/Melvin/drone_cage_control-main/install/drone_visualisation
[1.085s] Invoking command in '/home/rovteam/Desktop/Melvin/drone_cage_control-main/build/drone_visualisation': AMENT_PREFIX_PATH=/home/rovteam/Desktop/Melvin/drone_cage_control-main/install/interfaces:${AMENT_PREFIX_PATH} CMAKE_PREFIX_PATH=/home/rovteam/Desktop/Melvin/drone_cage_control-main/install/interfaces:/opt/ros/humble LD_LIBRARY_PATH=/home/rovteam/Desktop/Melvin/drone_cage_control-main/install/interfaces/lib:${LD_LIBRARY_PATH} PYTHONPATH=/home/rovteam/Desktop/Melvin/drone_cage_control-main/install/interfaces/local/lib/python3.10/dist-packages:${PYTHONPATH} /usr/bin/cmake --build /home/rovteam/Desktop/Melvin/drone_cage_control-main/build/drone_visualisation -- -j28 -l28
[1.115s] [ 25%] [34m[1mAutomatic MOC for target drone_visualisation_plugins[0m
[1.330s] [ 25%] Built target drone_visualisation_plugins_autogen
[1.341s] [ 75%] [32mBuilding CXX object CMakeFiles/drone_visualisation_plugins.dir/drone_visualisation_plugins_autogen/mocs_compilation.cpp.o[0m
[1.341s] [ 75%] [32mBuilding CXX object CMakeFiles/drone_visualisation_plugins.dir/src/arm_panel.cpp.o[0m
[7.085s] [100%] [32m[1mLinking CXX shared library libdrone_visualisation_plugins.so[0m
[8.061s] [100%] Built target drone_visualisation_plugins
[8.067s] Invoked command in '/home/rovteam/Desktop/Melvin/drone_cage_control-main/build/drone_visualisation' returned '0': AMENT_PREFIX_PATH=/home/rovteam/Desktop/Melvin/drone_cage_control-main/install/interfaces:${AMENT_PREFIX_PATH} CMAKE_PREFIX_PATH=/home/rovteam/Desktop/Melvin/drone_cage_control-main/install/interfaces:/opt/ros/humble LD_LIBRARY_PATH=/home/rovteam/Desktop/Melvin/drone_cage_control-main/install/interfaces/lib:${LD_LIBRARY_PATH} PYTHONPATH=/home/rovteam/Desktop/Melvin/drone_cage_control-main/install/interfaces/local/lib/python3.10/dist-packages:${PYTHONPATH} /usr/bin/cmake --build /home/rovteam/Desktop/Melvin/drone_cage_control-main/build/drone_visualisation -- -j28 -l28
[8.068s] Invoking command in '/home/rovteam/Desktop/Melvin/drone_cage_control-main/build/drone_visualisation': AMENT_PREFIX_PATH=/home/rovteam/Desktop/Melvin/drone_cage_control-main/install/interfaces:${AMENT_PREFIX_PATH} CMAKE_PREFIX_PATH=/home/rovteam/Desktop/Melvin/drone_cage_control-main/install/interfaces:/opt/ros/humble LD_LIBRARY_PATH=/home/rovteam/Desktop/Melvin/drone_cage_control-main/install/interfaces/lib:${LD_LIBRARY_PATH} PYTHONPATH=/home/rovteam/Desktop/Melvin/drone_cage_control-main/install/interfaces/local/lib/python3.10/dist-packages:${PYTHONPATH} /usr/bin/cmake --install /home/rovteam/Desktop/Melvin/drone_cage_control-main/build/drone_visualisation
[8.071s] -- Install configuration: ""
[8.071s] -- Execute custom install script
[8.072s] -- Symlinking: /home/rovteam/Desktop/Melvin/drone_cage_control-main/install/drone_visualisation/share/drone_visualisation//plugin_description.xml
[8.077s] -- Symlinking: /home/rovteam/Desktop/Melvin/drone_cage_control-main/install/drone_visualisation/share/drone_visualisation/launch/view_frame.launch.py
[8.082s] -- Symlinking: /home/rovteam/Desktop/Melvin/drone_cage_control-main/install/drone_visualisation/share/drone_visualisation/urdf/frame.urdf
[8.085s] -- Symlinking: /home/rovteam/Desktop/Melvin/drone_cage_control-main/install/drone_visualisation/share/drone_visualisation/meshes/tbs_sourceone_v5.stl
[8.090s] -- Symlinking: /home/rovteam/Desktop/Melvin/drone_cage_control-main/install/drone_visualisation/share/drone_visualisation/rviz/default.rviz
[8.096s] -- Symlinking: /home/rovteam/Desktop/Melvin/drone_cage_control-main/install/drone_visualisation/share/ament_index/resource_index/packages/drone_visualisation
[8.099s] -- Symlinking: /home/rovteam/Desktop/Melvin/drone_cage_control-main/install/drone_visualisation/share/drone_visualisation/package.xml
[8.104s] -- Symlinking: /home/rovteam/Desktop/Melvin/drone_cage_control-main/install/drone_visualisation/share/ament_index/resource_index/package_run_dependencies/drone_visualisation
[8.109s] -- Symlinking: /home/rovteam/Desktop/Melvin/drone_cage_control-main/install/drone_visualisation/share/ament_index/resource_index/parent_prefix_path/drone_visualisation
[8.113s] -- Symlinking: /home/rovteam/Desktop/Melvin/drone_cage_control-main/install/drone_visualisation/share/drone_visualisation/environment/ament_prefix_path.sh
[8.118s] -- Symlinking: /home/rovteam/Desktop/Melvin/drone_cage_control-main/install/drone_visualisation/share/drone_visualisation/environment/ament_prefix_path.dsv
[8.124s] -- Symlinking: /home/rovteam/Desktop/Melvin/drone_cage_control-main/install/drone_visualisation/share/drone_visualisation/environment/path.sh
[8.127s] -- Symlinking: /home/rovteam/Desktop/Melvin/drone_cage_control-main/install/drone_visualisation/share/drone_visualisation/environment/path.dsv
[8.133s] -- Symlinking: /home/rovteam/Desktop/Melvin/drone_cage_control-main/install/drone_visualisation/share/drone_visualisation/local_setup.bash
[8.138s] -- Symlinking: /home/rovteam/Desktop/Melvin/drone_cage_control-main/install/drone_visualisation/share/drone_visualisation/local_setup.sh
[8.143s] -- Symlinking: /home/rovteam/Desktop/Melvin/drone_cage_control-main/install/drone_visualisation/share/drone_visualisation/local_setup.zsh
[8.147s] -- Symlinking: /home/rovteam/Desktop/Melvin/drone_cage_control-main/install/drone_visualisation/share/drone_visualisation/local_setup.dsv
[8.151s] -- Symlinking: /home/rovteam/Desktop/Melvin/drone_cage_control-main/install/drone_visualisation/share/drone_visualisation/package.dsv
[8.155s] -- Symlinking: /home/rovteam/Desktop/Melvin/drone_cage_control-main/install/drone_visualisation/share/ament_index/resource_index/packages/drone_visualisation
[8.160s] -- Symlinking: /home/rovteam/Desktop/Melvin/drone_cage_control-main/install/drone_visualisation/share/ament_index/resource_index/rviz_common__pluginlib__plugin/drone_visualisation
[8.165s] -- Symlinking: /home/rovteam/Desktop/Melvin/drone_cage_control-main/install/drone_visualisation/share/drone_visualisation/cmake/drone_visualisationConfig.cmake
[8.170s] -- Symlinking: /home/rovteam/Desktop/Melvin/drone_cage_control-main/install/drone_visualisation/share/drone_visualisation/cmake/drone_visualisationConfig-version.cmake
[8.175s] -- Up-to-date symlink: /home/rovteam/Desktop/Melvin/drone_cage_control-main/install/drone_visualisation/share/drone_visualisation/package.xml
[8.175s] -- Installing: /home/rovteam/Desktop/Melvin/drone_cage_control-main/install/drone_visualisation/lib/libdrone_visualisation_plugins.so
[8.180s] -- Set runtime path of "/home/rovteam/Desktop/Melvin/drone_cage_control-main/install/drone_visualisation/lib/libdrone_visualisation_plugins.so" to ""
[8.182s] Invoked command in '/home/rovteam/Desktop/Melvin/drone_cage_control-main/build/drone_visualisation' returned '0': AMENT_PREFIX_PATH=/home/rovteam/Desktop/Melvin/drone_cage_control-main/install/interfaces:${AMENT_PREFIX_PATH} CMAKE_PREFIX_PATH=/home/rovteam/Desktop/Melvin/drone_cage_control-main/install/interfaces:/opt/ros/humble LD_LIBRARY_PATH=/home/rovteam/Desktop/Melvin/drone_cage_control-main/install/interfaces/lib:${LD_LIBRARY_PATH} PYTHONPATH=/home/rovteam/Desktop/Melvin/drone_cage_control-main/install/interfaces/local/lib/python3.10/dist-packages:${PYTHONPATH} /usr/bin/cmake --install /home/rovteam/Desktop/Melvin/drone_cage_control-main/build/drone_visualisation
