running develop
running egg_info
creating controller_omnicopter.egg-info
writing controller_omnicopter.egg-info/PKG-INFO
writing dependency_links to controller_omnicopter.egg-info/dependency_links.txt
writing entry points to controller_omnicopter.egg-info/entry_points.txt
writing requirements to controller_omnicopter.egg-info/requires.txt
writing top-level names to controller_omnicopter.egg-info/top_level.txt
writing manifest file 'controller_omnicopter.egg-info/SOURCES.txt'
reading manifest file 'controller_omnicopter.egg-info/SOURCES.txt'
writing manifest file 'controller_omnicopter.egg-info/SOURCES.txt'
running build_ext
Creating /home/rovteam/Desktop/Melvin/drone_cage_control-main/install/controller_omnicopter/lib/python3.10/site-packages/controller-omnicopter.egg-link (link to .)
Installing main script to /home/rovteam/Desktop/Melvin/drone_cage_control-main/install/controller_omnicopter/lib/controller_omnicopter

Installed /home/rovteam/Desktop/Melvin/drone_cage_control-main/build/controller_omnicopter
running symlink_data
creating /home/rovteam/Desktop/Melvin/drone_cage_control-main/install/controller_omnicopter/share/ament_index
creating /home/rovteam/Desktop/Melvin/drone_cage_control-main/install/controller_omnicopter/share/ament_index/resource_index
creating /home/rovteam/Desktop/Melvin/drone_cage_control-main/install/controller_omnicopter/share/ament_index/resource_index/packages
symbolically linking /home/rovteam/Desktop/Melvin/drone_cage_control-main/build/controller_omnicopter/resource/controller_omnicopter -> /home/rovteam/Desktop/Melvin/drone_cage_control-main/install/controller_omnicopter/share/ament_index/resource_index/packages
symbolically linking /home/rovteam/Desktop/Melvin/drone_cage_control-main/build/controller_omnicopter/package.xml -> /home/rovteam/Desktop/Melvin/drone_cage_control-main/install/controller_omnicopter/share/controller_omnicopter
