running develop
running egg_info
creating controller_ukf.egg-info
writing controller_ukf.egg-info/PKG-INFO
writing dependency_links to controller_ukf.egg-info/dependency_links.txt
writing entry points to controller_ukf.egg-info/entry_points.txt
writing requirements to controller_ukf.egg-info/requires.txt
writing top-level names to controller_ukf.egg-info/top_level.txt
writing manifest file 'controller_ukf.egg-info/SOURCES.txt'
reading manifest file 'controller_ukf.egg-info/SOURCES.txt'
writing manifest file 'controller_ukf.egg-info/SOURCES.txt'
running build_ext
Creating /home/rovteam/Desktop/Melvin/drone_cage_control-main/install/controller_ukf/lib/python3.10/site-packages/controller-ukf.egg-link (link to .)
Installing delay_estimator_node script to /home/rovteam/Desktop/Melvin/drone_cage_control-main/install/controller_ukf/lib/controller_ukf
Installing main script to /home/rovteam/Desktop/Melvin/drone_cage_control-main/install/controller_ukf/lib/controller_ukf

Installed /home/rovteam/Desktop/Melvin/drone_cage_control-main/build/controller_ukf
running symlink_data
creating /home/rovteam/Desktop/Melvin/drone_cage_control-main/install/controller_ukf/share/ament_index
creating /home/rovteam/Desktop/Melvin/drone_cage_control-main/install/controller_ukf/share/ament_index/resource_index
creating /home/rovteam/Desktop/Melvin/drone_cage_control-main/install/controller_ukf/share/ament_index/resource_index/packages
symbolically linking /home/rovteam/Desktop/Melvin/drone_cage_control-main/build/controller_ukf/resource/controller_ukf -> /home/rovteam/Desktop/Melvin/drone_cage_control-main/install/controller_ukf/share/ament_index/resource_index/packages
symbolically linking /home/rovteam/Desktop/Melvin/drone_cage_control-main/build/controller_ukf/package.xml -> /home/rovteam/Desktop/Melvin/drone_cage_control-main/install/controller_ukf/share/controller_ukf
